{"/Users/jackma/Code/ToolsBox/src/core/operations/detector.ts": {"path":"/Users/jackma/Code/ToolsBox/src/core/operations/detector.ts","statementMap":{"0":{"start":{"line":18,"column":41},"end":{"line":18,"column":null}},"1":{"start":{"line":21,"column":4},"end":{"line":21,"column":null}},"2":{"start":{"line":22,"column":4},"end":{"line":22,"column":null}},"3":{"start":{"line":23,"column":4},"end":{"line":23,"column":null}},"4":{"start":{"line":24,"column":4},"end":{"line":24,"column":null}},"5":{"start":{"line":25,"column":4},"end":{"line":25,"column":null}},"6":{"start":{"line":26,"column":4},"end":{"line":26,"column":null}},"7":{"start":{"line":27,"column":4},"end":{"line":27,"column":null}},"8":{"start":{"line":28,"column":4},"end":{"line":28,"column":null}},"9":{"start":{"line":29,"column":4},"end":{"line":29,"column":null}},"10":{"start":{"line":30,"column":4},"end":{"line":30,"column":null}},"11":{"start":{"line":31,"column":4},"end":{"line":31,"column":null}},"12":{"start":{"line":32,"column":4},"end":{"line":32,"column":null}},"13":{"start":{"line":35,"column":4},"end":{"line":35,"column":null}},"14":{"start":{"line":35,"column":34},"end":{"line":35,"column":61}},"15":{"start":{"line":42,"column":41},"end":{"line":42,"column":null}},"16":{"start":{"line":45,"column":24},"end":{"line":45,"column":null}},"17":{"start":{"line":46,"column":4},"end":{"line":66,"column":null}},"18":{"start":{"line":48,"column":23},"end":{"line":48,"column":null}},"19":{"start":{"line":51,"column":6},"end":{"line":53,"column":null}},"20":{"start":{"line":52,"column":8},"end":{"line":52,"column":null}},"21":{"start":{"line":56,"column":6},"end":{"line":58,"column":null}},"22":{"start":{"line":57,"column":8},"end":{"line":57,"column":null}},"23":{"start":{"line":60,"column":6},"end":{"line":65,"column":null}},"24":{"start":{"line":69,"column":27},"end":{"line":69,"column":null}},"25":{"start":{"line":70,"column":4},"end":{"line":77,"column":null}},"26":{"start":{"line":71,"column":6},"end":{"line":76,"column":null}},"27":{"start":{"line":79,"column":4},"end":{"line":79,"column":null}},"28":{"start":{"line":86,"column":41},"end":{"line":86,"column":null}},"29":{"start":{"line":89,"column":22},"end":{"line":89,"column":null}},"30":{"start":{"line":92,"column":21},"end":{"line":92,"column":null}},"31":{"start":{"line":93,"column":4},"end":{"line":117,"column":null}},"32":{"start":{"line":94,"column":23},"end":{"line":94,"column":null}},"33":{"start":{"line":97,"column":6},"end":{"line":99,"column":null}},"34":{"start":{"line":98,"column":8},"end":{"line":98,"column":null}},"35":{"start":{"line":102,"column":6},"end":{"line":109,"column":null}},"36":{"start":{"line":103,"column":24},"end":{"line":103,"column":null}},"37":{"start":{"line":104,"column":8},"end":{"line":106,"column":null}},"38":{"start":{"line":105,"column":10},"end":{"line":105,"column":null}},"39":{"start":{"line":111,"column":6},"end":{"line":116,"column":null}},"40":{"start":{"line":119,"column":4},"end":{"line":119,"column":null}},"41":{"start":{"line":126,"column":41},"end":{"line":126,"column":null}},"42":{"start":{"line":129,"column":24},"end":{"line":129,"column":null}},"43":{"start":{"line":130,"column":4},"end":{"line":137,"column":null}},"44":{"start":{"line":131,"column":6},"end":{"line":136,"column":null}},"45":{"start":{"line":139,"column":4},"end":{"line":139,"column":null}},"46":{"start":{"line":146,"column":41},"end":{"line":146,"column":null}},"47":{"start":{"line":149,"column":4},"end":{"line":164,"column":null}},"48":{"start":{"line":150,"column":23},"end":{"line":150,"column":null}},"49":{"start":{"line":153,"column":22},"end":{"line":153,"column":null}},"50":{"start":{"line":154,"column":6},"end":{"line":156,"column":null}},"51":{"start":{"line":155,"column":8},"end":{"line":155,"column":null}},"52":{"start":{"line":158,"column":6},"end":{"line":163,"column":null}},"53":{"start":{"line":166,"column":4},"end":{"line":166,"column":null}},"54":{"start":{"line":173,"column":41},"end":{"line":173,"column":null}},"55":{"start":{"line":176,"column":4},"end":{"line":183,"column":null}},"56":{"start":{"line":177,"column":6},"end":{"line":182,"column":null}},"57":{"start":{"line":185,"column":4},"end":{"line":185,"column":null}},"58":{"start":{"line":192,"column":41},"end":{"line":192,"column":null}},"59":{"start":{"line":195,"column":4},"end":{"line":202,"column":null}},"60":{"start":{"line":196,"column":6},"end":{"line":201,"column":null}},"61":{"start":{"line":204,"column":4},"end":{"line":204,"column":null}},"62":{"start":{"line":211,"column":41},"end":{"line":211,"column":null}},"63":{"start":{"line":214,"column":4},"end":{"line":227,"column":null}},"64":{"start":{"line":216,"column":6},"end":{"line":226,"column":null}},"65":{"start":{"line":217,"column":8},"end":{"line":217,"column":null}},"66":{"start":{"line":218,"column":8},"end":{"line":223,"column":null}},"67":{"start":{"line":229,"column":4},"end":{"line":229,"column":null}},"68":{"start":{"line":236,"column":41},"end":{"line":236,"column":null}},"69":{"start":{"line":239,"column":16},"end":{"line":239,"column":null}},"70":{"start":{"line":240,"column":4},"end":{"line":260,"column":null}},"71":{"start":{"line":242,"column":6},"end":{"line":249,"column":null}},"72":{"start":{"line":243,"column":8},"end":{"line":248,"column":null}},"73":{"start":{"line":252,"column":6},"end":{"line":259,"column":null}},"74":{"start":{"line":253,"column":8},"end":{"line":258,"column":null}},"75":{"start":{"line":262,"column":4},"end":{"line":262,"column":null}},"76":{"start":{"line":269,"column":41},"end":{"line":269,"column":null}},"77":{"start":{"line":272,"column":18},"end":{"line":272,"column":null}},"78":{"start":{"line":273,"column":4},"end":{"line":296,"column":null}},"79":{"start":{"line":274,"column":32},"end":{"line":274,"column":null}},"80":{"start":{"line":277,"column":6},"end":{"line":295,"column":null}},"81":{"start":{"line":278,"column":8},"end":{"line":294,"column":null}},"82":{"start":{"line":280,"column":32},"end":{"line":280,"column":null}},"83":{"start":{"line":281,"column":33},"end":{"line":281,"column":null}},"84":{"start":{"line":284,"column":10},"end":{"line":291,"column":null}},"85":{"start":{"line":285,"column":12},"end":{"line":290,"column":null}},"86":{"start":{"line":298,"column":4},"end":{"line":298,"column":null}},"87":{"start":{"line":305,"column":41},"end":{"line":305,"column":null}},"88":{"start":{"line":308,"column":22},"end":{"line":308,"column":null}},"89":{"start":{"line":309,"column":4},"end":{"line":316,"column":null}},"90":{"start":{"line":310,"column":6},"end":{"line":315,"column":null}},"91":{"start":{"line":318,"column":4},"end":{"line":318,"column":null}},"92":{"start":{"line":325,"column":41},"end":{"line":325,"column":null}},"93":{"start":{"line":327,"column":4},"end":{"line":334,"column":null}},"94":{"start":{"line":328,"column":6},"end":{"line":333,"column":null}},"95":{"start":{"line":336,"column":4},"end":{"line":343,"column":null}},"96":{"start":{"line":337,"column":6},"end":{"line":342,"column":null}},"97":{"start":{"line":345,"column":4},"end":{"line":345,"column":null}},"98":{"start":{"line":349,"column":18},"end":{"line":349,"column":null}},"99":{"start":{"line":350,"column":4},"end":{"line":350,"column":null}},"100":{"start":{"line":350,"column":28},"end":{"line":350,"column":null}},"101":{"start":{"line":351,"column":4},"end":{"line":356,"column":null}},"102":{"start":{"line":352,"column":6},"end":{"line":352,"column":null}},"103":{"start":{"line":352,"column":31},"end":{"line":352,"column":null}},"104":{"start":{"line":353,"column":6},"end":{"line":353,"column":null}},"105":{"start":{"line":353,"column":51},"end":{"line":353,"column":null}},"106":{"start":{"line":354,"column":20},"end":{"line":354,"column":null}},"107":{"start":{"line":355,"column":6},"end":{"line":355,"column":null}},"108":{"start":{"line":360,"column":17},"end":{"line":360,"column":null}},"109":{"start":{"line":361,"column":4},"end":{"line":361,"column":null}},"110":{"start":{"line":361,"column":15},"end":{"line":361,"column":null}},"111":{"start":{"line":363,"column":4},"end":{"line":375,"column":null}},"112":{"start":{"line":364,"column":25},"end":{"line":364,"column":null}},"113":{"start":{"line":365,"column":6},"end":{"line":365,"column":null}},"114":{"start":{"line":365,"column":23},"end":{"line":365,"column":null}},"115":{"start":{"line":366,"column":23},"end":{"line":366,"column":null}},"116":{"start":{"line":367,"column":6},"end":{"line":367,"column":null}},"117":{"start":{"line":367,"column":46},"end":{"line":367,"column":null}},"118":{"start":{"line":369,"column":21},"end":{"line":369,"column":null}},"119":{"start":{"line":370,"column":12},"end":{"line":370,"column":null}},"120":{"start":{"line":371,"column":12},"end":{"line":371,"column":null}},"121":{"start":{"line":372,"column":25},"end":{"line":372,"column":null}},"122":{"start":{"line":374,"column":6},"end":{"line":374,"column":null}},"123":{"start":{"line":377,"column":4},"end":{"line":377,"column":null}},"124":{"start":{"line":381,"column":4},"end":{"line":395,"column":null}},"125":{"start":{"line":382,"column":6},"end":{"line":382,"column":null}},"126":{"start":{"line":382,"column":69},"end":{"line":382,"column":null}},"127":{"start":{"line":384,"column":28},"end":{"line":384,"column":null}},"128":{"start":{"line":385,"column":25},"end":{"line":385,"column":null}},"129":{"start":{"line":386,"column":26},"end":{"line":386,"column":null}},"130":{"start":{"line":388,"column":24},"end":{"line":388,"column":null}},"131":{"start":{"line":389,"column":6},"end":{"line":389,"column":null}},"132":{"start":{"line":389,"column":62},"end":{"line":389,"column":null}},"133":{"start":{"line":391,"column":6},"end":{"line":393,"column":null}},"134":{"start":{"line":392,"column":34},"end":{"line":392,"column":62}},"135":{"start":{"line":393,"column":35},"end":{"line":393,"column":63}},"136":{"start":{"line":397,"column":19},"end":{"line":397,"column":null}},"137":{"start":{"line":398,"column":4},"end":{"line":398,"column":null}},"138":{"start":{"line":398,"column":42},"end":{"line":398,"column":null}},"139":{"start":{"line":399,"column":4},"end":{"line":399,"column":null}},"140":{"start":{"line":399,"column":33},"end":{"line":399,"column":61}},"141":{"start":{"line":403,"column":4},"end":{"line":403,"column":null}},"142":{"start":{"line":410,"column":41},"end":{"line":410,"column":null}},"143":{"start":{"line":413,"column":21},"end":{"line":413,"column":null}},"144":{"start":{"line":414,"column":4},"end":{"line":421,"column":null}},"145":{"start":{"line":415,"column":6},"end":{"line":420,"column":null}},"146":{"start":{"line":423,"column":4},"end":{"line":423,"column":null}},"147":{"start":{"line":430,"column":17},"end":{"line":430,"column":null}},"148":{"start":{"line":431,"column":4},"end":{"line":433,"column":null}},"149":{"start":{"line":431,"column":17},"end":{"line":431,"column":20}},"150":{"start":{"line":432,"column":6},"end":{"line":432,"column":null}},"151":{"start":{"line":434,"column":4},"end":{"line":434,"column":null}},"152":{"start":{"line":441,"column":4},"end":{"line":456,"column":null}},"153":{"start":{"line":442,"column":6},"end":{"line":444,"column":null}},"154":{"start":{"line":443,"column":8},"end":{"line":443,"column":null}},"155":{"start":{"line":446,"column":30},"end":{"line":446,"column":null}},"156":{"start":{"line":447,"column":22},"end":{"line":447,"column":null}},"157":{"start":{"line":448,"column":24},"end":{"line":451,"column":null}},"158":{"start":{"line":453,"column":6},"end":{"line":453,"column":null}},"159":{"start":{"line":455,"column":6},"end":{"line":455,"column":null}},"160":{"start":{"line":463,"column":27},"end":{"line":463,"column":null}},"161":{"start":{"line":464,"column":10},"end":{"line":464,"column":null}},"162":{"start":{"line":465,"column":4},"end":{"line":465,"column":null}},"163":{"start":{"line":470,"column":32},"end":{"line":470,"column":null}}},"fnMap":{"0":{"name":"(anonymous_0)","decl":{"start":{"line":17,"column":2},"end":{"line":17,"column":18}},"loc":{"start":{"line":17,"column":53},"end":{"line":36,"column":null}},"line":17},"1":{"name":"(anonymous_1)","decl":{"start":{"line":35,"column":24},"end":{"line":35,"column":25}},"loc":{"start":{"line":35,"column":34},"end":{"line":35,"column":61}},"line":35},"2":{"name":"(anonymous_2)","decl":{"start":{"line":41,"column":10},"end":{"line":41,"column":23}},"loc":{"start":{"line":41,"column":58},"end":{"line":80,"column":null}},"line":41},"3":{"name":"(anonymous_3)","decl":{"start":{"line":85,"column":10},"end":{"line":85,"column":20}},"loc":{"start":{"line":85,"column":55},"end":{"line":120,"column":null}},"line":85},"4":{"name":"(anonymous_4)","decl":{"start":{"line":125,"column":10},"end":{"line":125,"column":23}},"loc":{"start":{"line":125,"column":58},"end":{"line":140,"column":null}},"line":125},"5":{"name":"(anonymous_5)","decl":{"start":{"line":145,"column":10},"end":{"line":145,"column":27}},"loc":{"start":{"line":145,"column":62},"end":{"line":167,"column":null}},"line":145},"6":{"name":"(anonymous_6)","decl":{"start":{"line":172,"column":10},"end":{"line":172,"column":27}},"loc":{"start":{"line":172,"column":62},"end":{"line":186,"column":null}},"line":172},"7":{"name":"(anonymous_7)","decl":{"start":{"line":191,"column":10},"end":{"line":191,"column":30}},"loc":{"start":{"line":191,"column":65},"end":{"line":205,"column":null}},"line":191},"8":{"name":"(anonymous_8)","decl":{"start":{"line":210,"column":10},"end":{"line":210,"column":21}},"loc":{"start":{"line":210,"column":56},"end":{"line":230,"column":null}},"line":210},"9":{"name":"(anonymous_9)","decl":{"start":{"line":235,"column":10},"end":{"line":235,"column":26}},"loc":{"start":{"line":235,"column":61},"end":{"line":263,"column":null}},"line":235},"10":{"name":"(anonymous_10)","decl":{"start":{"line":268,"column":10},"end":{"line":268,"column":20}},"loc":{"start":{"line":268,"column":55},"end":{"line":299,"column":null}},"line":268},"11":{"name":"(anonymous_11)","decl":{"start":{"line":304,"column":10},"end":{"line":304,"column":21}},"loc":{"start":{"line":304,"column":56},"end":{"line":319,"column":null}},"line":304},"12":{"name":"(anonymous_12)","decl":{"start":{"line":324,"column":10},"end":{"line":324,"column":26}},"loc":{"start":{"line":324,"column":61},"end":{"line":346,"column":null}},"line":324},"13":{"name":"(anonymous_13)","decl":{"start":{"line":348,"column":10},"end":{"line":348,"column":29}},"loc":{"start":{"line":348,"column":52},"end":{"line":357,"column":null}},"line":348},"14":{"name":"(anonymous_14)","decl":{"start":{"line":351,"column":23},"end":{"line":351,"column":24}},"loc":{"start":{"line":351,"column":33},"end":{"line":356,"column":5}},"line":351},"15":{"name":"(anonymous_15)","decl":{"start":{"line":359,"column":10},"end":{"line":359,"column":29}},"loc":{"start":{"line":359,"column":52},"end":{"line":378,"column":null}},"line":359},"16":{"name":"(anonymous_16)","decl":{"start":{"line":380,"column":10},"end":{"line":380,"column":32}},"loc":{"start":{"line":380,"column":85},"end":{"line":400,"column":null}},"line":380},"17":{"name":"(anonymous_17)","decl":{"start":{"line":392,"column":25},"end":{"line":392,"column":34}},"loc":{"start":{"line":392,"column":34},"end":{"line":392,"column":62}},"line":392},"18":{"name":"(anonymous_18)","decl":{"start":{"line":393,"column":26},"end":{"line":393,"column":35}},"loc":{"start":{"line":393,"column":35},"end":{"line":393,"column":63}},"line":393},"19":{"name":"(anonymous_19)","decl":{"start":{"line":399,"column":24},"end":{"line":399,"column":33}},"loc":{"start":{"line":399,"column":33},"end":{"line":399,"column":61}},"line":399},"20":{"name":"(anonymous_20)","decl":{"start":{"line":402,"column":10},"end":{"line":402,"column":27}},"loc":{"start":{"line":402,"column":51},"end":{"line":404,"column":null}},"line":402},"21":{"name":"(anonymous_21)","decl":{"start":{"line":409,"column":10},"end":{"line":409,"column":27}},"loc":{"start":{"line":409,"column":62},"end":{"line":424,"column":null}},"line":409},"22":{"name":"(anonymous_22)","decl":{"start":{"line":429,"column":10},"end":{"line":429,"column":22}},"loc":{"start":{"line":429,"column":43},"end":{"line":435,"column":null}},"line":429},"23":{"name":"(anonymous_23)","decl":{"start":{"line":440,"column":10},"end":{"line":440,"column":27}},"loc":{"start":{"line":440,"column":49},"end":{"line":457,"column":null}},"line":440},"24":{"name":"(anonymous_24)","decl":{"start":{"line":462,"column":10},"end":{"line":462,"column":28}},"loc":{"start":{"line":462,"column":49},"end":{"line":466,"column":null}},"line":462}},"branchMap":{"0":{"loc":{"start":{"line":46,"column":4},"end":{"line":66,"column":null}},"type":"if","locations":[{"start":{"line":46,"column":4},"end":{"line":66,"column":null}},{"start":{},"end":{}}],"line":46},"1":{"loc":{"start":{"line":46,"column":8},"end":{"line":46,"column":76}},"type":"binary-expr","locations":[{"start":{"line":46,"column":8},"end":{"line":46,"column":34}},{"start":{"line":46,"column":34},"end":{"line":46,"column":59}},{"start":{"line":46,"column":59},"end":{"line":46,"column":76}}],"line":46},"2":{"loc":{"start":{"line":51,"column":6},"end":{"line":53,"column":null}},"type":"if","locations":[{"start":{"line":51,"column":6},"end":{"line":53,"column":null}},{"start":{},"end":{}}],"line":51},"3":{"loc":{"start":{"line":56,"column":6},"end":{"line":58,"column":null}},"type":"if","locations":[{"start":{"line":56,"column":6},"end":{"line":58,"column":null}},{"start":{},"end":{}}],"line":56},"4":{"loc":{"start":{"line":56,"column":10},"end":{"line":56,"column":53}},"type":"binary-expr","locations":[{"start":{"line":56,"column":10},"end":{"line":56,"column":32}},{"start":{"line":56,"column":32},"end":{"line":56,"column":53}}],"line":56},"5":{"loc":{"start":{"line":70,"column":4},"end":{"line":77,"column":null}},"type":"if","locations":[{"start":{"line":70,"column":4},"end":{"line":77,"column":null}},{"start":{},"end":{}}],"line":70},"6":{"loc":{"start":{"line":70,"column":8},"end":{"line":70,"column":100}},"type":"binary-expr","locations":[{"start":{"line":70,"column":8},"end":{"line":70,"column":37}},{"start":{"line":70,"column":37},"end":{"line":70,"column":56}},{"start":{"line":70,"column":56},"end":{"line":70,"column":79}},{"start":{"line":70,"column":79},"end":{"line":70,"column":100}}],"line":70},"7":{"loc":{"start":{"line":93,"column":4},"end":{"line":117,"column":null}},"type":"if","locations":[{"start":{"line":93,"column":4},"end":{"line":117,"column":null}},{"start":{},"end":{}}],"line":93},"8":{"loc":{"start":{"line":93,"column":8},"end":{"line":93,"column":88}},"type":"binary-expr","locations":[{"start":{"line":93,"column":8},"end":{"line":93,"column":36}},{"start":{"line":93,"column":36},"end":{"line":93,"column":60}},{"start":{"line":93,"column":60},"end":{"line":93,"column":88}}],"line":93},"9":{"loc":{"start":{"line":97,"column":6},"end":{"line":99,"column":null}},"type":"if","locations":[{"start":{"line":97,"column":6},"end":{"line":99,"column":null}},{"start":{},"end":{}}],"line":97},"10":{"loc":{"start":{"line":104,"column":8},"end":{"line":106,"column":null}},"type":"if","locations":[{"start":{"line":104,"column":8},"end":{"line":106,"column":null}},{"start":{},"end":{}}],"line":104},"11":{"loc":{"start":{"line":130,"column":4},"end":{"line":137,"column":null}},"type":"if","locations":[{"start":{"line":130,"column":4},"end":{"line":137,"column":null}},{"start":{},"end":{}}],"line":130},"12":{"loc":{"start":{"line":130,"column":8},"end":{"line":130,"column":76}},"type":"binary-expr","locations":[{"start":{"line":130,"column":8},"end":{"line":130,"column":34}},{"start":{"line":130,"column":34},"end":{"line":130,"column":53}},{"start":{"line":130,"column":53},"end":{"line":130,"column":76}}],"line":130},"13":{"loc":{"start":{"line":149,"column":4},"end":{"line":164,"column":null}},"type":"if","locations":[{"start":{"line":149,"column":4},"end":{"line":164,"column":null}},{"start":{},"end":{}}],"line":149},"14":{"loc":{"start":{"line":154,"column":6},"end":{"line":156,"column":null}},"type":"if","locations":[{"start":{"line":154,"column":6},"end":{"line":156,"column":null}},{"start":{},"end":{}}],"line":154},"15":{"loc":{"start":{"line":154,"column":10},"end":{"line":154,"column":41}},"type":"binary-expr","locations":[{"start":{"line":154,"column":10},"end":{"line":154,"column":21}},{"start":{"line":154,"column":21},"end":{"line":154,"column":41}}],"line":154},"16":{"loc":{"start":{"line":176,"column":4},"end":{"line":183,"column":null}},"type":"if","locations":[{"start":{"line":176,"column":4},"end":{"line":183,"column":null}},{"start":{},"end":{}}],"line":176},"17":{"loc":{"start":{"line":195,"column":4},"end":{"line":202,"column":null}},"type":"if","locations":[{"start":{"line":195,"column":4},"end":{"line":202,"column":null}},{"start":{},"end":{}}],"line":195},"18":{"loc":{"start":{"line":214,"column":4},"end":{"line":227,"column":null}},"type":"if","locations":[{"start":{"line":214,"column":4},"end":{"line":227,"column":null}},{"start":{},"end":{}}],"line":214},"19":{"loc":{"start":{"line":214,"column":9},"end":{"line":215,"column":68}},"type":"binary-expr","locations":[{"start":{"line":214,"column":9},"end":{"line":214,"column":40}},{"start":{"line":214,"column":40},"end":{"line":214,"column":null}},{"start":{"line":215,"column":9},"end":{"line":215,"column":40}},{"start":{"line":215,"column":40},"end":{"line":215,"column":68}}],"line":214},"20":{"loc":{"start":{"line":240,"column":4},"end":{"line":260,"column":null}},"type":"if","locations":[{"start":{"line":240,"column":4},"end":{"line":260,"column":null}},{"start":{},"end":{}}],"line":240},"21":{"loc":{"start":{"line":242,"column":6},"end":{"line":249,"column":null}},"type":"if","locations":[{"start":{"line":242,"column":6},"end":{"line":249,"column":null}},{"start":{},"end":{}}],"line":242},"22":{"loc":{"start":{"line":242,"column":10},"end":{"line":242,"column":48}},"type":"binary-expr","locations":[{"start":{"line":242,"column":10},"end":{"line":242,"column":30}},{"start":{"line":242,"column":30},"end":{"line":242,"column":48}}],"line":242},"23":{"loc":{"start":{"line":252,"column":6},"end":{"line":259,"column":null}},"type":"if","locations":[{"start":{"line":252,"column":6},"end":{"line":259,"column":null}},{"start":{},"end":{}}],"line":252},"24":{"loc":{"start":{"line":252,"column":10},"end":{"line":252,"column":54}},"type":"binary-expr","locations":[{"start":{"line":252,"column":10},"end":{"line":252,"column":33}},{"start":{"line":252,"column":33},"end":{"line":252,"column":54}}],"line":252},"25":{"loc":{"start":{"line":273,"column":4},"end":{"line":296,"column":null}},"type":"if","locations":[{"start":{"line":273,"column":4},"end":{"line":296,"column":null}},{"start":{},"end":{}}],"line":273},"26":{"loc":{"start":{"line":277,"column":6},"end":{"line":295,"column":null}},"type":"if","locations":[{"start":{"line":277,"column":6},"end":{"line":295,"column":null}},{"start":{},"end":{}}],"line":277},"27":{"loc":{"start":{"line":277,"column":10},"end":{"line":277,"column":75}},"type":"binary-expr","locations":[{"start":{"line":277,"column":10},"end":{"line":277,"column":43}},{"start":{"line":277,"column":43},"end":{"line":277,"column":75}}],"line":277},"28":{"loc":{"start":{"line":284,"column":10},"end":{"line":291,"column":null}},"type":"if","locations":[{"start":{"line":284,"column":10},"end":{"line":291,"column":null}},{"start":{},"end":{}}],"line":284},"29":{"loc":{"start":{"line":284,"column":14},"end":{"line":284,"column":87}},"type":"binary-expr","locations":[{"start":{"line":284,"column":14},"end":{"line":284,"column":45}},{"start":{"line":284,"column":45},"end":{"line":284,"column":67}},{"start":{"line":284,"column":67},"end":{"line":284,"column":87}}],"line":284},"30":{"loc":{"start":{"line":309,"column":4},"end":{"line":316,"column":null}},"type":"if","locations":[{"start":{"line":309,"column":4},"end":{"line":316,"column":null}},{"start":{},"end":{}}],"line":309},"31":{"loc":{"start":{"line":327,"column":4},"end":{"line":334,"column":null}},"type":"if","locations":[{"start":{"line":327,"column":4},"end":{"line":334,"column":null}},{"start":{},"end":{}}],"line":327},"32":{"loc":{"start":{"line":336,"column":4},"end":{"line":343,"column":null}},"type":"if","locations":[{"start":{"line":336,"column":4},"end":{"line":343,"column":null}},{"start":{},"end":{}}],"line":336},"33":{"loc":{"start":{"line":350,"column":4},"end":{"line":350,"column":null}},"type":"if","locations":[{"start":{"line":350,"column":4},"end":{"line":350,"column":null}},{"start":{},"end":{}}],"line":350},"34":{"loc":{"start":{"line":352,"column":6},"end":{"line":352,"column":null}},"type":"if","locations":[{"start":{"line":352,"column":6},"end":{"line":352,"column":null}},{"start":{},"end":{}}],"line":352},"35":{"loc":{"start":{"line":353,"column":6},"end":{"line":353,"column":null}},"type":"if","locations":[{"start":{"line":353,"column":6},"end":{"line":353,"column":null}},{"start":{},"end":{}}],"line":353},"36":{"loc":{"start":{"line":353,"column":10},"end":{"line":353,"column":51}},"type":"binary-expr","locations":[{"start":{"line":353,"column":10},"end":{"line":353,"column":29}},{"start":{"line":353,"column":29},"end":{"line":353,"column":51}}],"line":353},"37":{"loc":{"start":{"line":355,"column":13},"end":{"line":355,"column":null}},"type":"binary-expr","locations":[{"start":{"line":355,"column":13},"end":{"line":355,"column":27}},{"start":{"line":355,"column":27},"end":{"line":355,"column":null}}],"line":355},"38":{"loc":{"start":{"line":361,"column":4},"end":{"line":361,"column":null}},"type":"if","locations":[{"start":{"line":361,"column":4},"end":{"line":361,"column":null}},{"start":{},"end":{}}],"line":361},"39":{"loc":{"start":{"line":363,"column":4},"end":{"line":375,"column":null}},"type":"if","locations":[{"start":{"line":363,"column":4},"end":{"line":375,"column":null}},{"start":{},"end":{}}],"line":363},"40":{"loc":{"start":{"line":365,"column":6},"end":{"line":365,"column":null}},"type":"if","locations":[{"start":{"line":365,"column":6},"end":{"line":365,"column":null}},{"start":{},"end":{}}],"line":365},"41":{"loc":{"start":{"line":367,"column":6},"end":{"line":367,"column":null}},"type":"if","locations":[{"start":{"line":367,"column":6},"end":{"line":367,"column":null}},{"start":{},"end":{}}],"line":367},"42":{"loc":{"start":{"line":381,"column":4},"end":{"line":395,"column":null}},"type":"if","locations":[{"start":{"line":381,"column":4},"end":{"line":395,"column":null}},{"start":{},"end":{}}],"line":381},"43":{"loc":{"start":{"line":382,"column":6},"end":{"line":382,"column":null}},"type":"if","locations":[{"start":{"line":382,"column":6},"end":{"line":382,"column":null}},{"start":{},"end":{}}],"line":382},"44":{"loc":{"start":{"line":385,"column":25},"end":{"line":385,"column":null}},"type":"cond-expr","locations":[{"start":{"line":385,"column":39},"end":{"line":385,"column":44}},{"start":{"line":385,"column":44},"end":{"line":385,"column":null}}],"line":385},"45":{"loc":{"start":{"line":386,"column":26},"end":{"line":386,"column":null}},"type":"cond-expr","locations":[{"start":{"line":386,"column":41},"end":{"line":386,"column":46}},{"start":{"line":386,"column":46},"end":{"line":386,"column":null}}],"line":386},"46":{"loc":{"start":{"line":389,"column":6},"end":{"line":389,"column":null}},"type":"if","locations":[{"start":{"line":389,"column":6},"end":{"line":389,"column":null}},{"start":{},"end":{}}],"line":389},"47":{"loc":{"start":{"line":392,"column":8},"end":{"line":393,"column":null}},"type":"binary-expr","locations":[{"start":{"line":392,"column":8},"end":{"line":392,"column":null}},{"start":{"line":393,"column":8},"end":{"line":393,"column":null}}],"line":392},"48":{"loc":{"start":{"line":398,"column":4},"end":{"line":398,"column":null}},"type":"if","locations":[{"start":{"line":398,"column":4},"end":{"line":398,"column":null}},{"start":{},"end":{}}],"line":398},"49":{"loc":{"start":{"line":414,"column":4},"end":{"line":421,"column":null}},"type":"if","locations":[{"start":{"line":414,"column":4},"end":{"line":421,"column":null}},{"start":{},"end":{}}],"line":414},"50":{"loc":{"start":{"line":442,"column":6},"end":{"line":444,"column":null}},"type":"if","locations":[{"start":{"line":442,"column":6},"end":{"line":444,"column":null}},{"start":{},"end":{}}],"line":442}},"s":{"0":8,"1":8,"2":8,"3":8,"4":8,"5":8,"6":8,"7":8,"8":8,"9":8,"10":8,"11":8,"12":8,"13":8,"14":0,"15":8,"16":8,"17":8,"18":0,"19":0,"20":0,"21":0,"22":0,"23":0,"24":8,"25":8,"26":0,"27":8,"28":8,"29":8,"30":8,"31":8,"32":0,"33":0,"34":0,"35":0,"36":0,"37":0,"38":0,"39":0,"40":8,"41":8,"42":8,"43":8,"44":0,"45":8,"46":8,"47":8,"48":3,"49":3,"50":3,"51":0,"52":3,"53":8,"54":8,"55":8,"56":0,"57":8,"58":8,"59":8,"60":0,"61":8,"62":8,"63":8,"64":1,"65":1,"66":1,"67":8,"68":8,"69":8,"70":8,"71":2,"72":0,"73":2,"74":0,"75":8,"76":8,"77":8,"78":8,"79":1,"80":1,"81":1,"82":1,"83":1,"84":1,"85":1,"86":8,"87":8,"88":8,"89":8,"90":0,"91":8,"92":8,"93":8,"94":0,"95":8,"96":3,"97":8,"98":10,"99":10,"100":6,"101":4,"102":10,"103":2,"104":8,"105":0,"106":8,"107":8,"108":8,"109":8,"110":0,"111":8,"112":3,"113":3,"114":1,"115":2,"116":2,"117":0,"118":2,"119":2,"120":2,"121":2,"122":2,"123":5,"124":7,"125":3,"126":0,"127":3,"128":3,"129":3,"130":3,"131":3,"132":0,"133":3,"134":4,"135":6,"136":4,"137":4,"138":4,"139":0,"140":0,"141":10,"142":8,"143":8,"144":8,"145":0,"146":8,"147":0,"148":0,"149":0,"150":0,"151":0,"152":2,"153":2,"154":0,"155":2,"156":2,"157":2,"158":2,"159":0,"160":4,"161":4,"162":4,"163":3},"f":{"0":8,"1":0,"2":8,"3":8,"4":8,"5":8,"6":8,"7":8,"8":8,"9":8,"10":8,"11":8,"12":8,"13":10,"14":10,"15":8,"16":7,"17":4,"18":6,"19":0,"20":10,"21":8,"22":0,"23":2,"24":4},"b":{"0":[0,8],"1":[8,0,0],"2":[0,0],"3":[0,0],"4":[0,0],"5":[0,8],"6":[8,0,0,0],"7":[0,8],"8":[8,0,0],"9":[0,0],"10":[0,0],"11":[0,8],"12":[8,0,0],"13":[3,5],"14":[0,3],"15":[3,3],"16":[0,8],"17":[0,8],"18":[1,7],"19":[8,1,7,0],"20":[2,6],"21":[0,2],"22":[2,0],"23":[0,2],"24":[2,0],"25":[1,7],"26":[1,0],"27":[1,1],"28":[1,0],"29":[1,0,0],"30":[0,8],"31":[0,8],"32":[3,5],"33":[6,4],"34":[2,8],"35":[0,8],"36":[8,3],"37":[8,8],"38":[0,8],"39":[3,5],"40":[1,2],"41":[0,2],"42":[3,4],"43":[0,3],"44":[1,2],"45":[0,3],"46":[0,3],"47":[3,3],"48":[4,0],"49":[0,8],"50":[0,2]},"meta":{"lastBranch":51,"lastFunction":25,"lastStatement":164,"seen":{"f:17:2:17:18":0,"s:18:41:18:Infinity":0,"s:21:4:21:Infinity":1,"s:22:4:22:Infinity":2,"s:23:4:23:Infinity":3,"s:24:4:24:Infinity":4,"s:25:4:25:Infinity":5,"s:26:4:26:Infinity":6,"s:27:4:27:Infinity":7,"s:28:4:28:Infinity":8,"s:29:4:29:Infinity":9,"s:30:4:30:Infinity":10,"s:31:4:31:Infinity":11,"s:32:4:32:Infinity":12,"s:35:4:35:Infinity":13,"f:35:24:35:25":1,"s:35:34:35:61":14,"f:41:10:41:23":2,"s:42:41:42:Infinity":15,"s:45:24:45:Infinity":16,"b:46:4:66:Infinity:undefined:undefined:undefined:undefined":0,"s:46:4:66:Infinity":17,"b:46:8:46:34:46:34:46:59:46:59:46:76":1,"s:48:23:48:Infinity":18,"b:51:6:53:Infinity:undefined:undefined:undefined:undefined":2,"s:51:6:53:Infinity":19,"s:52:8:52:Infinity":20,"b:56:6:58:Infinity:undefined:undefined:undefined:undefined":3,"s:56:6:58:Infinity":21,"b:56:10:56:32:56:32:56:53":4,"s:57:8:57:Infinity":22,"s:60:6:65:Infinity":23,"s:69:27:69:Infinity":24,"b:70:4:77:Infinity:undefined:undefined:undefined:undefined":5,"s:70:4:77:Infinity":25,"b:70:8:70:37:70:37:70:56:70:56:70:79:70:79:70:100":6,"s:71:6:76:Infinity":26,"s:79:4:79:Infinity":27,"f:85:10:85:20":3,"s:86:41:86:Infinity":28,"s:89:22:89:Infinity":29,"s:92:21:92:Infinity":30,"b:93:4:117:Infinity:undefined:undefined:undefined:undefined":7,"s:93:4:117:Infinity":31,"b:93:8:93:36:93:36:93:60:93:60:93:88":8,"s:94:23:94:Infinity":32,"b:97:6:99:Infinity:undefined:undefined:undefined:undefined":9,"s:97:6:99:Infinity":33,"s:98:8:98:Infinity":34,"s:102:6:109:Infinity":35,"s:103:24:103:Infinity":36,"b:104:8:106:Infinity:undefined:undefined:undefined:undefined":10,"s:104:8:106:Infinity":37,"s:105:10:105:Infinity":38,"s:111:6:116:Infinity":39,"s:119:4:119:Infinity":40,"f:125:10:125:23":4,"s:126:41:126:Infinity":41,"s:129:24:129:Infinity":42,"b:130:4:137:Infinity:undefined:undefined:undefined:undefined":11,"s:130:4:137:Infinity":43,"b:130:8:130:34:130:34:130:53:130:53:130:76":12,"s:131:6:136:Infinity":44,"s:139:4:139:Infinity":45,"f:145:10:145:27":5,"s:146:41:146:Infinity":46,"b:149:4:164:Infinity:undefined:undefined:undefined:undefined":13,"s:149:4:164:Infinity":47,"s:150:23:150:Infinity":48,"s:153:22:153:Infinity":49,"b:154:6:156:Infinity:undefined:undefined:undefined:undefined":14,"s:154:6:156:Infinity":50,"b:154:10:154:21:154:21:154:41":15,"s:155:8:155:Infinity":51,"s:158:6:163:Infinity":52,"s:166:4:166:Infinity":53,"f:172:10:172:27":6,"s:173:41:173:Infinity":54,"b:176:4:183:Infinity:undefined:undefined:undefined:undefined":16,"s:176:4:183:Infinity":55,"s:177:6:182:Infinity":56,"s:185:4:185:Infinity":57,"f:191:10:191:30":7,"s:192:41:192:Infinity":58,"b:195:4:202:Infinity:undefined:undefined:undefined:undefined":17,"s:195:4:202:Infinity":59,"s:196:6:201:Infinity":60,"s:204:4:204:Infinity":61,"f:210:10:210:21":8,"s:211:41:211:Infinity":62,"b:214:4:227:Infinity:undefined:undefined:undefined:undefined":18,"s:214:4:227:Infinity":63,"b:214:9:214:40:214:40:214:Infinity:215:9:215:40:215:40:215:68":19,"s:216:6:226:Infinity":64,"s:217:8:217:Infinity":65,"s:218:8:223:Infinity":66,"s:229:4:229:Infinity":67,"f:235:10:235:26":9,"s:236:41:236:Infinity":68,"s:239:16:239:Infinity":69,"b:240:4:260:Infinity:undefined:undefined:undefined:undefined":20,"s:240:4:260:Infinity":70,"b:242:6:249:Infinity:undefined:undefined:undefined:undefined":21,"s:242:6:249:Infinity":71,"b:242:10:242:30:242:30:242:48":22,"s:243:8:248:Infinity":72,"b:252:6:259:Infinity:undefined:undefined:undefined:undefined":23,"s:252:6:259:Infinity":73,"b:252:10:252:33:252:33:252:54":24,"s:253:8:258:Infinity":74,"s:262:4:262:Infinity":75,"f:268:10:268:20":10,"s:269:41:269:Infinity":76,"s:272:18:272:Infinity":77,"b:273:4:296:Infinity:undefined:undefined:undefined:undefined":25,"s:273:4:296:Infinity":78,"s:274:32:274:Infinity":79,"b:277:6:295:Infinity:undefined:undefined:undefined:undefined":26,"s:277:6:295:Infinity":80,"b:277:10:277:43:277:43:277:75":27,"s:278:8:294:Infinity":81,"s:280:32:280:Infinity":82,"s:281:33:281:Infinity":83,"b:284:10:291:Infinity:undefined:undefined:undefined:undefined":28,"s:284:10:291:Infinity":84,"b:284:14:284:45:284:45:284:67:284:67:284:87":29,"s:285:12:290:Infinity":85,"s:298:4:298:Infinity":86,"f:304:10:304:21":11,"s:305:41:305:Infinity":87,"s:308:22:308:Infinity":88,"b:309:4:316:Infinity:undefined:undefined:undefined:undefined":30,"s:309:4:316:Infinity":89,"s:310:6:315:Infinity":90,"s:318:4:318:Infinity":91,"f:324:10:324:26":12,"s:325:41:325:Infinity":92,"b:327:4:334:Infinity:undefined:undefined:undefined:undefined":31,"s:327:4:334:Infinity":93,"s:328:6:333:Infinity":94,"b:336:4:343:Infinity:undefined:undefined:undefined:undefined":32,"s:336:4:343:Infinity":95,"s:337:6:342:Infinity":96,"s:345:4:345:Infinity":97,"f:348:10:348:29":13,"s:349:18:349:Infinity":98,"b:350:4:350:Infinity:undefined:undefined:undefined:undefined":33,"s:350:4:350:Infinity":99,"s:350:28:350:Infinity":100,"s:351:4:356:Infinity":101,"f:351:23:351:24":14,"b:352:6:352:Infinity:undefined:undefined:undefined:undefined":34,"s:352:6:352:Infinity":102,"s:352:31:352:Infinity":103,"b:353:6:353:Infinity:undefined:undefined:undefined:undefined":35,"s:353:6:353:Infinity":104,"b:353:10:353:29:353:29:353:51":36,"s:353:51:353:Infinity":105,"s:354:20:354:Infinity":106,"s:355:6:355:Infinity":107,"b:355:13:355:27:355:27:355:Infinity":37,"f:359:10:359:29":15,"s:360:17:360:Infinity":108,"b:361:4:361:Infinity:undefined:undefined:undefined:undefined":38,"s:361:4:361:Infinity":109,"s:361:15:361:Infinity":110,"b:363:4:375:Infinity:undefined:undefined:undefined:undefined":39,"s:363:4:375:Infinity":111,"s:364:25:364:Infinity":112,"b:365:6:365:Infinity:undefined:undefined:undefined:undefined":40,"s:365:6:365:Infinity":113,"s:365:23:365:Infinity":114,"s:366:23:366:Infinity":115,"b:367:6:367:Infinity:undefined:undefined:undefined:undefined":41,"s:367:6:367:Infinity":116,"s:367:46:367:Infinity":117,"s:369:21:369:Infinity":118,"s:370:12:370:Infinity":119,"s:371:12:371:Infinity":120,"s:372:25:372:Infinity":121,"s:374:6:374:Infinity":122,"s:377:4:377:Infinity":123,"f:380:10:380:32":16,"b:381:4:395:Infinity:undefined:undefined:undefined:undefined":42,"s:381:4:395:Infinity":124,"b:382:6:382:Infinity:undefined:undefined:undefined:undefined":43,"s:382:6:382:Infinity":125,"s:382:69:382:Infinity":126,"s:384:28:384:Infinity":127,"s:385:25:385:Infinity":128,"b:385:39:385:44:385:44:385:Infinity":44,"s:386:26:386:Infinity":129,"b:386:41:386:46:386:46:386:Infinity":45,"s:388:24:388:Infinity":130,"b:389:6:389:Infinity:undefined:undefined:undefined:undefined":46,"s:389:6:389:Infinity":131,"s:389:62:389:Infinity":132,"s:391:6:393:Infinity":133,"b:392:8:392:Infinity:393:8:393:Infinity":47,"f:392:25:392:34":17,"s:392:34:392:62":134,"f:393:26:393:35":18,"s:393:35:393:63":135,"s:397:19:397:Infinity":136,"b:398:4:398:Infinity:undefined:undefined:undefined:undefined":48,"s:398:4:398:Infinity":137,"s:398:42:398:Infinity":138,"s:399:4:399:Infinity":139,"f:399:24:399:33":19,"s:399:33:399:61":140,"f:402:10:402:27":20,"s:403:4:403:Infinity":141,"f:409:10:409:27":21,"s:410:41:410:Infinity":142,"s:413:21:413:Infinity":143,"b:414:4:421:Infinity:undefined:undefined:undefined:undefined":49,"s:414:4:421:Infinity":144,"s:415:6:420:Infinity":145,"s:423:4:423:Infinity":146,"f:429:10:429:22":22,"s:430:17:430:Infinity":147,"s:431:4:433:Infinity":148,"s:431:17:431:20":149,"s:432:6:432:Infinity":150,"s:434:4:434:Infinity":151,"f:440:10:440:27":23,"s:441:4:456:Infinity":152,"b:442:6:444:Infinity:undefined:undefined:undefined:undefined":50,"s:442:6:444:Infinity":153,"s:443:8:443:Infinity":154,"s:446:30:446:Infinity":155,"s:447:22:447:Infinity":156,"s:448:24:451:Infinity":157,"s:453:6:453:Infinity":158,"s:455:6:455:Infinity":159,"f:462:10:462:28":24,"s:463:27:463:Infinity":160,"s:464:10:464:Infinity":161,"s:465:4:465:Infinity":162,"s:470:32:470:Infinity":163}}}
,"/Users/jackma/Code/ToolsBox/src/core/operations/executor.ts": {"path":"/Users/jackma/Code/ToolsBox/src/core/operations/executor.ts","statementMap":{"0":{"start":{"line":32,"column":22},"end":{"line":32,"column":null}},"1":{"start":{"line":33,"column":30},"end":{"line":33,"column":null}},"2":{"start":{"line":34,"column":34},"end":{"line":34,"column":null}},"3":{"start":{"line":35,"column":38},"end":{"line":35,"column":null}},"4":{"start":{"line":38,"column":25},"end":{"line":38,"column":null}},"5":{"start":{"line":38,"column":53},"end":{"line":38,"column":65}},"6":{"start":{"line":39,"column":26},"end":{"line":41,"column":null}},"7":{"start":{"line":44,"column":4},"end":{"line":52,"column":null}},"8":{"start":{"line":45,"column":6},"end":{"line":51,"column":null}},"9":{"start":{"line":54,"column":24},"end":{"line":54,"column":null}},"10":{"start":{"line":55,"column":4},"end":{"line":59,"column":null}},"11":{"start":{"line":62,"column":4},"end":{"line":133,"column":null}},"12":{"start":{"line":62,"column":17},"end":{"line":62,"column":32}},"13":{"start":{"line":63,"column":19},"end":{"line":63,"column":null}},"14":{"start":{"line":66,"column":36},"end":{"line":69,"column":null}},"15":{"start":{"line":71,"column":6},"end":{"line":132,"column":null}},"16":{"start":{"line":73,"column":8},"end":{"line":83,"column":null}},"17":{"start":{"line":74,"column":10},"end":{"line":82,"column":null}},"18":{"start":{"line":86,"column":23},"end":{"line":86,"column":null}},"19":{"start":{"line":89,"column":39},"end":{"line":96,"column":null}},"20":{"start":{"line":98,"column":8},"end":{"line":98,"column":null}},"21":{"start":{"line":101,"column":8},"end":{"line":113,"column":null}},"22":{"start":{"line":102,"column":10},"end":{"line":102,"column":null}},"23":{"start":{"line":103,"column":10},"end":{"line":103,"column":null}},"24":{"start":{"line":106,"column":10},"end":{"line":112,"column":null}},"25":{"start":{"line":116,"column":39},"end":{"line":121,"column":null}},"26":{"start":{"line":123,"column":8},"end":{"line":123,"column":null}},"27":{"start":{"line":125,"column":8},"end":{"line":131,"column":null}},"28":{"start":{"line":136,"column":4},"end":{"line":142,"column":null}},"29":{"start":{"line":159,"column":25},"end":{"line":159,"column":null}},"30":{"start":{"line":159,"column":53},"end":{"line":159,"column":65}},"31":{"start":{"line":161,"column":4},"end":{"line":163,"column":null}},"32":{"start":{"line":162,"column":6},"end":{"line":162,"column":null}},"33":{"start":{"line":165,"column":17},"end":{"line":165,"column":null}},"34":{"start":{"line":166,"column":34},"end":{"line":169,"column":null}},"35":{"start":{"line":171,"column":4},"end":{"line":189,"column":null}},"36":{"start":{"line":172,"column":21},"end":{"line":172,"column":null}},"37":{"start":{"line":174,"column":6},"end":{"line":181,"column":null}},"38":{"start":{"line":183,"column":6},"end":{"line":188,"column":null}},"39":{"start":{"line":193,"column":4},"end":{"line":195,"column":null}},"40":{"start":{"line":194,"column":6},"end":{"line":194,"column":null}},"41":{"start":{"line":197,"column":23},"end":{"line":197,"column":null}},"42":{"start":{"line":198,"column":35},"end":{"line":198,"column":null}},"43":{"start":{"line":200,"column":4},"end":{"line":207,"column":null}},"44":{"start":{"line":201,"column":34},"end":{"line":203,"column":null}},"45":{"start":{"line":202,"column":21},"end":{"line":202,"column":null}},"46":{"start":{"line":204,"column":6},"end":{"line":206,"column":null}},"47":{"start":{"line":205,"column":8},"end":{"line":205,"column":null}},"48":{"start":{"line":209,"column":36},"end":{"line":209,"column":null}},"49":{"start":{"line":209,"column":65},"end":{"line":209,"column":93}},"50":{"start":{"line":210,"column":4},"end":{"line":212,"column":null}},"51":{"start":{"line":211,"column":6},"end":{"line":211,"column":null}},"52":{"start":{"line":214,"column":4},"end":{"line":216,"column":null}},"53":{"start":{"line":215,"column":6},"end":{"line":215,"column":null}},"54":{"start":{"line":218,"column":4},"end":{"line":218,"column":null}},"55":{"start":{"line":227,"column":29},"end":{"line":227,"column":null}},"56":{"start":{"line":230,"column":4},"end":{"line":232,"column":null}},"57":{"start":{"line":231,"column":6},"end":{"line":231,"column":null}},"58":{"start":{"line":235,"column":25},"end":{"line":235,"column":null}},"59":{"start":{"line":235,"column":53},"end":{"line":235,"column":65}},"60":{"start":{"line":236,"column":4},"end":{"line":238,"column":null}},"61":{"start":{"line":237,"column":6},"end":{"line":237,"column":null}},"62":{"start":{"line":241,"column":4},"end":{"line":255,"column":null}},"63":{"start":{"line":243,"column":6},"end":{"line":246,"column":null}},"64":{"start":{"line":244,"column":8},"end":{"line":244,"column":null}},"65":{"start":{"line":245,"column":8},"end":{"line":245,"column":null}},"66":{"start":{"line":249,"column":25},"end":{"line":249,"column":null}},"67":{"start":{"line":250,"column":6},"end":{"line":254,"column":null}},"68":{"start":{"line":251,"column":8},"end":{"line":253,"column":null}},"69":{"start":{"line":252,"column":10},"end":{"line":252,"column":null}},"70":{"start":{"line":257,"column":4},"end":{"line":260,"column":null}},"71":{"start":{"line":265,"column":30},"end":{"line":265,"column":null}}},"fnMap":{"0":{"name":"(anonymous_0)","decl":{"start":{"line":26,"column":8},"end":{"line":26,"column":null}},"loc":{"start":{"line":31,"column":36},"end":{"line":143,"column":null}},"line":31},"1":{"name":"(anonymous_1)","decl":{"start":{"line":38,"column":45},"end":{"line":38,"column":53}},"loc":{"start":{"line":38,"column":53},"end":{"line":38,"column":65}},"line":38},"2":{"name":"(anonymous_2)","decl":{"start":{"line":153,"column":8},"end":{"line":153,"column":null}},"loc":{"start":{"line":158,"column":25},"end":{"line":190,"column":null}},"line":158},"3":{"name":"(anonymous_3)","decl":{"start":{"line":159,"column":45},"end":{"line":159,"column":53}},"loc":{"start":{"line":159,"column":53},"end":{"line":159,"column":65}},"line":159},"4":{"name":"(anonymous_4)","decl":{"start":{"line":192,"column":10},"end":{"line":192,"column":31}},"loc":{"start":{"line":192,"column":99},"end":{"line":219,"column":null}},"line":192},"5":{"name":"(anonymous_5)","decl":{"start":{"line":202,"column":8},"end":{"line":202,"column":21}},"loc":{"start":{"line":202,"column":21},"end":{"line":202,"column":null}},"line":202},"6":{"name":"(anonymous_6)","decl":{"start":{"line":209,"column":52},"end":{"line":209,"column":65}},"loc":{"start":{"line":209,"column":65},"end":{"line":209,"column":93}},"line":209},"7":{"name":"(anonymous_7)","decl":{"start":{"line":226,"column":2},"end":{"line":226,"column":17}},"loc":{"start":{"line":226,"column":71},"end":{"line":261,"column":null}},"line":226},"8":{"name":"(anonymous_8)","decl":{"start":{"line":235,"column":45},"end":{"line":235,"column":53}},"loc":{"start":{"line":235,"column":53},"end":{"line":235,"column":65}},"line":235}},"branchMap":{"0":{"loc":{"start":{"line":29,"column":4},"end":{"line":29,"column":null}},"type":"default-arg","locations":[{"start":{"line":29,"column":16},"end":{"line":29,"column":null}}],"line":29},"1":{"loc":{"start":{"line":39,"column":26},"end":{"line":41,"column":null}},"type":"cond-expr","locations":[{"start":{"line":40,"column":8},"end":{"line":40,"column":null}},{"start":{"line":41,"column":8},"end":{"line":41,"column":null}}],"line":39},"2":{"loc":{"start":{"line":44,"column":4},"end":{"line":52,"column":null}},"type":"if","locations":[{"start":{"line":44,"column":4},"end":{"line":52,"column":null}},{"start":{},"end":{}}],"line":44},"3":{"loc":{"start":{"line":73,"column":8},"end":{"line":83,"column":null}},"type":"if","locations":[{"start":{"line":73,"column":8},"end":{"line":83,"column":null}},{"start":{},"end":{}}],"line":73},"4":{"loc":{"start":{"line":92,"column":18},"end":{"line":92,"column":null}},"type":"cond-expr","locations":[{"start":{"line":92,"column":35},"end":{"line":92,"column":51}},{"start":{"line":92,"column":51},"end":{"line":92,"column":null}}],"line":92},"5":{"loc":{"start":{"line":101,"column":8},"end":{"line":113,"column":null}},"type":"if","locations":[{"start":{"line":101,"column":8},"end":{"line":113,"column":null}},{"start":{"line":104,"column":15},"end":{"line":113,"column":null}}],"line":101},"6":{"loc":{"start":{"line":120,"column":17},"end":{"line":120,"column":null}},"type":"cond-expr","locations":[{"start":{"line":120,"column":42},"end":{"line":120,"column":58}},{"start":{"line":120,"column":58},"end":{"line":120,"column":null}}],"line":120},"7":{"loc":{"start":{"line":161,"column":4},"end":{"line":163,"column":null}},"type":"if","locations":[{"start":{"line":161,"column":4},"end":{"line":163,"column":null}},{"start":{},"end":{}}],"line":161},"8":{"loc":{"start":{"line":177,"column":16},"end":{"line":177,"column":null}},"type":"cond-expr","locations":[{"start":{"line":177,"column":33},"end":{"line":177,"column":49}},{"start":{"line":177,"column":49},"end":{"line":177,"column":null}}],"line":177},"9":{"loc":{"start":{"line":187,"column":15},"end":{"line":187,"column":null}},"type":"cond-expr","locations":[{"start":{"line":187,"column":40},"end":{"line":187,"column":56}},{"start":{"line":187,"column":56},"end":{"line":187,"column":null}}],"line":187},"10":{"loc":{"start":{"line":193,"column":4},"end":{"line":195,"column":null}},"type":"if","locations":[{"start":{"line":193,"column":4},"end":{"line":195,"column":null}},{"start":{},"end":{}}],"line":193},"11":{"loc":{"start":{"line":193,"column":8},"end":{"line":193,"column":72}},"type":"binary-expr","locations":[{"start":{"line":193,"column":8},"end":{"line":193,"column":44}},{"start":{"line":193,"column":44},"end":{"line":193,"column":72}}],"line":193},"12":{"loc":{"start":{"line":198,"column":35},"end":{"line":198,"column":null}},"type":"cond-expr","locations":[{"start":{"line":198,"column":70},"end":{"line":198,"column":92}},{"start":{"line":198,"column":92},"end":{"line":198,"column":null}}],"line":198},"13":{"loc":{"start":{"line":200,"column":4},"end":{"line":207,"column":null}},"type":"if","locations":[{"start":{"line":200,"column":4},"end":{"line":207,"column":null}},{"start":{},"end":{}}],"line":200},"14":{"loc":{"start":{"line":202,"column":21},"end":{"line":202,"column":null}},"type":"binary-expr","locations":[{"start":{"line":202,"column":21},"end":{"line":202,"column":66}},{"start":{"line":202,"column":66},"end":{"line":202,"column":null}}],"line":202},"15":{"loc":{"start":{"line":204,"column":6},"end":{"line":206,"column":null}},"type":"if","locations":[{"start":{"line":204,"column":6},"end":{"line":206,"column":null}},{"start":{},"end":{}}],"line":204},"16":{"loc":{"start":{"line":210,"column":4},"end":{"line":212,"column":null}},"type":"if","locations":[{"start":{"line":210,"column":4},"end":{"line":212,"column":null}},{"start":{},"end":{}}],"line":210},"17":{"loc":{"start":{"line":214,"column":4},"end":{"line":216,"column":null}},"type":"if","locations":[{"start":{"line":214,"column":4},"end":{"line":216,"column":null}},{"start":{},"end":{}}],"line":214},"18":{"loc":{"start":{"line":230,"column":4},"end":{"line":232,"column":null}},"type":"if","locations":[{"start":{"line":230,"column":4},"end":{"line":232,"column":null}},{"start":{},"end":{}}],"line":230},"19":{"loc":{"start":{"line":236,"column":4},"end":{"line":238,"column":null}},"type":"if","locations":[{"start":{"line":236,"column":4},"end":{"line":238,"column":null}},{"start":{},"end":{}}],"line":236},"20":{"loc":{"start":{"line":243,"column":6},"end":{"line":246,"column":null}},"type":"if","locations":[{"start":{"line":243,"column":6},"end":{"line":246,"column":null}},{"start":{},"end":{}}],"line":243},"21":{"loc":{"start":{"line":251,"column":8},"end":{"line":253,"column":null}},"type":"if","locations":[{"start":{"line":251,"column":8},"end":{"line":253,"column":null}},{"start":{},"end":{}}],"line":251},"22":{"loc":{"start":{"line":251,"column":12},"end":{"line":251,"column":60}},"type":"binary-expr","locations":[{"start":{"line":251,"column":12},"end":{"line":251,"column":30}},{"start":{"line":251,"column":30},"end":{"line":251,"column":60}}],"line":251}},"s":{"0":3,"1":3,"2":3,"3":3,"4":3,"5":4,"6":3,"7":3,"8":0,"9":3,"10":3,"11":3,"12":3,"13":3,"14":3,"15":3,"16":3,"17":0,"18":3,"19":3,"20":3,"21":3,"22":3,"23":3,"24":0,"25":0,"26":0,"27":0,"28":3,"29":3,"30":3,"31":3,"32":0,"33":3,"34":3,"35":3,"36":3,"37":3,"38":0,"39":6,"40":2,"41":4,"42":4,"43":6,"44":4,"45":4,"46":4,"47":3,"48":1,"49":1,"50":1,"51":1,"52":0,"53":0,"54":0,"55":0,"56":0,"57":0,"58":0,"59":0,"60":0,"61":0,"62":0,"63":0,"64":0,"65":0,"66":0,"67":0,"68":0,"69":0,"70":0,"71":2},"f":{"0":3,"1":4,"2":3,"3":3,"4":6,"5":4,"6":1,"7":0,"8":0},"b":{"0":[3],"1":[3,0],"2":[0,3],"3":[0,3],"4":[3,0],"5":[3,0],"6":[0,0],"7":[0,3],"8":[3,0],"9":[0,0],"10":[2,4],"11":[6,2],"12":[4,0],"13":[4,2],"14":[4,3],"15":[3,1],"16":[1,0],"17":[0,0],"18":[0,0],"19":[0,0],"20":[0,0],"21":[0,0],"22":[0,0]},"meta":{"lastBranch":23,"lastFunction":9,"lastStatement":72,"seen":{"f:26:8:26:Infinity":0,"b:29:16:29:Infinity":0,"s:32:22:32:Infinity":0,"s:33:30:33:Infinity":1,"s:34:34:34:Infinity":2,"s:35:38:35:Infinity":3,"s:38:25:38:Infinity":4,"f:38:45:38:53":1,"s:38:53:38:65":5,"s:39:26:41:Infinity":6,"b:40:8:40:Infinity:41:8:41:Infinity":1,"b:44:4:52:Infinity:undefined:undefined:undefined:undefined":2,"s:44:4:52:Infinity":7,"s:45:6:51:Infinity":8,"s:54:24:54:Infinity":9,"s:55:4:59:Infinity":10,"s:62:4:133:Infinity":11,"s:62:17:62:32":12,"s:63:19:63:Infinity":13,"s:66:36:69:Infinity":14,"s:71:6:132:Infinity":15,"b:73:8:83:Infinity:undefined:undefined:undefined:undefined":3,"s:73:8:83:Infinity":16,"s:74:10:82:Infinity":17,"s:86:23:86:Infinity":18,"s:89:39:96:Infinity":19,"b:92:35:92:51:92:51:92:Infinity":4,"s:98:8:98:Infinity":20,"b:101:8:113:Infinity:104:15:113:Infinity":5,"s:101:8:113:Infinity":21,"s:102:10:102:Infinity":22,"s:103:10:103:Infinity":23,"s:106:10:112:Infinity":24,"s:116:39:121:Infinity":25,"b:120:42:120:58:120:58:120:Infinity":6,"s:123:8:123:Infinity":26,"s:125:8:131:Infinity":27,"s:136:4:142:Infinity":28,"f:153:8:153:Infinity":2,"s:159:25:159:Infinity":29,"f:159:45:159:53":3,"s:159:53:159:65":30,"b:161:4:163:Infinity:undefined:undefined:undefined:undefined":7,"s:161:4:163:Infinity":31,"s:162:6:162:Infinity":32,"s:165:17:165:Infinity":33,"s:166:34:169:Infinity":34,"s:171:4:189:Infinity":35,"s:172:21:172:Infinity":36,"s:174:6:181:Infinity":37,"b:177:33:177:49:177:49:177:Infinity":8,"s:183:6:188:Infinity":38,"b:187:40:187:56:187:56:187:Infinity":9,"f:192:10:192:31":4,"b:193:4:195:Infinity:undefined:undefined:undefined:undefined":10,"s:193:4:195:Infinity":39,"b:193:8:193:44:193:44:193:72":11,"s:194:6:194:Infinity":40,"s:197:23:197:Infinity":41,"s:198:35:198:Infinity":42,"b:198:70:198:92:198:92:198:Infinity":12,"b:200:4:207:Infinity:undefined:undefined:undefined:undefined":13,"s:200:4:207:Infinity":43,"s:201:34:203:Infinity":44,"f:202:8:202:21":5,"s:202:21:202:Infinity":45,"b:202:21:202:66:202:66:202:Infinity":14,"b:204:6:206:Infinity:undefined:undefined:undefined:undefined":15,"s:204:6:206:Infinity":46,"s:205:8:205:Infinity":47,"s:209:36:209:Infinity":48,"f:209:52:209:65":6,"s:209:65:209:93":49,"b:210:4:212:Infinity:undefined:undefined:undefined:undefined":16,"s:210:4:212:Infinity":50,"s:211:6:211:Infinity":51,"b:214:4:216:Infinity:undefined:undefined:undefined:undefined":17,"s:214:4:216:Infinity":52,"s:215:6:215:Infinity":53,"s:218:4:218:Infinity":54,"f:226:2:226:17":7,"s:227:29:227:Infinity":55,"b:230:4:232:Infinity:undefined:undefined:undefined:undefined":18,"s:230:4:232:Infinity":56,"s:231:6:231:Infinity":57,"s:235:25:235:Infinity":58,"f:235:45:235:53":8,"s:235:53:235:65":59,"b:236:4:238:Infinity:undefined:undefined:undefined:undefined":19,"s:236:4:238:Infinity":60,"s:237:6:237:Infinity":61,"s:241:4:255:Infinity":62,"b:243:6:246:Infinity:undefined:undefined:undefined:undefined":20,"s:243:6:246:Infinity":63,"s:244:8:244:Infinity":64,"s:245:8:245:Infinity":65,"s:249:25:249:Infinity":66,"s:250:6:254:Infinity":67,"b:251:8:253:Infinity:undefined:undefined:undefined:undefined":21,"s:251:8:253:Infinity":68,"b:251:12:251:30:251:30:251:60":22,"s:252:10:252:Infinity":69,"s:257:4:260:Infinity":70,"s:265:30:265:Infinity":71}}}
,"/Users/jackma/Code/ToolsBox/src/core/operations/index.ts": {"path":"/Users/jackma/Code/ToolsBox/src/core/operations/index.ts","statementMap":{},"fnMap":{},"branchMap":{},"s":{},"f":{},"b":{},"meta":{"lastBranch":0,"lastFunction":0,"lastStatement":0,"seen":{}}}
,"/Users/jackma/Code/ToolsBox/src/core/operations/registry.ts": {"path":"/Users/jackma/Code/ToolsBox/src/core/operations/registry.ts","statementMap":{"0":{"start":{"line":12,"column":23},"end":{"line":12,"column":null}},"1":{"start":{"line":13,"column":24},"end":{"line":13,"column":null}},"2":{"start":{"line":14,"column":39},"end":{"line":14,"column":null}},"3":{"start":{"line":21,"column":40},"end":{"line":25,"column":null}},"4":{"start":{"line":27,"column":4},"end":{"line":27,"column":null}},"5":{"start":{"line":28,"column":4},"end":{"line":28,"column":null}},"6":{"start":{"line":29,"column":4},"end":{"line":29,"column":null}},"7":{"start":{"line":37,"column":17},"end":{"line":37,"column":null}},"8":{"start":{"line":38,"column":4},"end":{"line":42,"column":null}},"9":{"start":{"line":39,"column":6},"end":{"line":39,"column":null}},"10":{"start":{"line":40,"column":6},"end":{"line":40,"column":null}},"11":{"start":{"line":41,"column":6},"end":{"line":41,"column":null}},"12":{"start":{"line":51,"column":17},"end":{"line":51,"column":null}},"13":{"start":{"line":52,"column":4},"end":{"line":52,"column":null}},"14":{"start":{"line":60,"column":4},"end":{"line":62,"column":null}},"15":{"start":{"line":61,"column":22},"end":{"line":61,"column":34}},"16":{"start":{"line":62,"column":19},"end":{"line":62,"column":33}},"17":{"start":{"line":71,"column":23},"end":{"line":71,"column":null}},"18":{"start":{"line":72,"column":4},"end":{"line":75,"column":null}},"19":{"start":{"line":73,"column":19},"end":{"line":73,"column":null}},"20":{"start":{"line":74,"column":6},"end":{"line":74,"column":null}},"21":{"start":{"line":84,"column":23},"end":{"line":84,"column":null}},"22":{"start":{"line":85,"column":4},"end":{"line":89,"column":null}},"23":{"start":{"line":86,"column":6},"end":{"line":88,"column":null}},"24":{"start":{"line":98,"column":17},"end":{"line":98,"column":null}},"25":{"start":{"line":99,"column":4},"end":{"line":103,"column":null}},"26":{"start":{"line":100,"column":6},"end":{"line":100,"column":null}},"27":{"start":{"line":101,"column":6},"end":{"line":101,"column":null}},"28":{"start":{"line":102,"column":6},"end":{"line":102,"column":null}},"29":{"start":{"line":112,"column":4},"end":{"line":112,"column":null}},"30":{"start":{"line":113,"column":4},"end":{"line":115,"column":null}},"31":{"start":{"line":114,"column":6},"end":{"line":114,"column":null}},"32":{"start":{"line":122,"column":4},"end":{"line":122,"column":null}},"33":{"start":{"line":122,"column":39},"end":{"line":122,"column":49}},"34":{"start":{"line":131,"column":21},"end":{"line":131,"column":null}},"35":{"start":{"line":132,"column":21},"end":{"line":132,"column":null}},"36":{"start":{"line":134,"column":4},"end":{"line":137,"column":null}},"37":{"start":{"line":135,"column":6},"end":{"line":135,"column":null}},"38":{"start":{"line":136,"column":6},"end":{"line":136,"column":null}},"39":{"start":{"line":139,"column":4},"end":{"line":148,"column":null}},"40":{"start":{"line":140,"column":20},"end":{"line":140,"column":null}},"41":{"start":{"line":140,"column":47},"end":{"line":140,"column":69}},"42":{"start":{"line":141,"column":6},"end":{"line":143,"column":null}},"43":{"start":{"line":142,"column":8},"end":{"line":142,"column":null}},"44":{"start":{"line":145,"column":6},"end":{"line":147,"column":null}},"45":{"start":{"line":145,"column":33},"end":{"line":145,"column":55}},"46":{"start":{"line":146,"column":8},"end":{"line":146,"column":null}},"47":{"start":{"line":156,"column":4},"end":{"line":156,"column":null}},"48":{"start":{"line":163,"column":4},"end":{"line":163,"column":null}},"49":{"start":{"line":164,"column":4},"end":{"line":164,"column":null}},"50":{"start":{"line":165,"column":4},"end":{"line":165,"column":null}},"51":{"start":{"line":170,"column":33},"end":{"line":170,"column":null}},"52":{"start":{"line":177,"column":2},"end":{"line":177,"column":null}},"53":{"start":{"line":178,"column":2},"end":{"line":182,"column":null}},"54":{"start":{"line":179,"column":21},"end":{"line":179,"column":null}},"55":{"start":{"line":180,"column":4},"end":{"line":180,"column":null}},"56":{"start":{"line":181,"column":4},"end":{"line":181,"column":null}}},"fnMap":{"0":{"name":"(anonymous_0)","decl":{"start":{"line":20,"column":2},"end":{"line":20,"column":11}},"loc":{"start":{"line":20,"column":39},"end":{"line":30,"column":null}},"line":20},"1":{"name":"(anonymous_1)","decl":{"start":{"line":36,"column":2},"end":{"line":36,"column":13}},"loc":{"start":{"line":36,"column":40},"end":{"line":43,"column":null}},"line":36},"2":{"name":"(anonymous_2)","decl":{"start":{"line":50,"column":2},"end":{"line":50,"column":6}},"loc":{"start":{"line":50,"column":50},"end":{"line":53,"column":null}},"line":50},"3":{"name":"(anonymous_3)","decl":{"start":{"line":59,"column":2},"end":{"line":59,"column":24}},"loc":{"start":{"line":59,"column":24},"end":{"line":63,"column":null}},"line":59},"4":{"name":"(anonymous_4)","decl":{"start":{"line":61,"column":14},"end":{"line":61,"column":22}},"loc":{"start":{"line":61,"column":22},"end":{"line":61,"column":34}},"line":61},"5":{"name":"(anonymous_5)","decl":{"start":{"line":62,"column":11},"end":{"line":62,"column":19}},"loc":{"start":{"line":62,"column":19},"end":{"line":62,"column":33}},"line":62},"6":{"name":"(anonymous_6)","decl":{"start":{"line":70,"column":2},"end":{"line":70,"column":16}},"loc":{"start":{"line":70,"column":58},"end":{"line":76,"column":null}},"line":70},"7":{"name":"(anonymous_7)","decl":{"start":{"line":72,"column":29},"end":{"line":72,"column":35}},"loc":{"start":{"line":72,"column":35},"end":{"line":75,"column":5}},"line":72},"8":{"name":"(anonymous_8)","decl":{"start":{"line":83,"column":2},"end":{"line":83,"column":9}},"loc":{"start":{"line":83,"column":37},"end":{"line":90,"column":null}},"line":83},"9":{"name":"(anonymous_9)","decl":{"start":{"line":85,"column":32},"end":{"line":85,"column":null}},"loc":{"start":{"line":86,"column":6},"end":{"line":88,"column":null}},"line":86},"10":{"name":"(anonymous_10)","decl":{"start":{"line":97,"column":2},"end":{"line":97,"column":13}},"loc":{"start":{"line":97,"column":58},"end":{"line":104,"column":null}},"line":97},"11":{"name":"(anonymous_11)","decl":{"start":{"line":111,"column":2},"end":{"line":111,"column":12}},"loc":{"start":{"line":111,"column":46},"end":{"line":116,"column":null}},"line":111},"12":{"name":"(anonymous_12)","decl":{"start":{"line":113,"column":11},"end":{"line":113,"column":17}},"loc":{"start":{"line":113,"column":17},"end":{"line":115,"column":null}},"line":113},"13":{"name":"(anonymous_13)","decl":{"start":{"line":121,"column":10},"end":{"line":121,"column":34}},"loc":{"start":{"line":121,"column":34},"end":{"line":123,"column":null}},"line":121},"14":{"name":"(anonymous_14)","decl":{"start":{"line":122,"column":27},"end":{"line":122,"column":39}},"loc":{"start":{"line":122,"column":39},"end":{"line":122,"column":49}},"line":122},"15":{"name":"(anonymous_15)","decl":{"start":{"line":130,"column":10},"end":{"line":130,"column":28}},"loc":{"start":{"line":130,"column":72},"end":{"line":149,"column":null}},"line":130},"16":{"name":"(anonymous_16)","decl":{"start":{"line":140,"column":41},"end":{"line":140,"column":47}},"loc":{"start":{"line":140,"column":47},"end":{"line":140,"column":69}},"line":140},"17":{"name":"(anonymous_17)","decl":{"start":{"line":145,"column":27},"end":{"line":145,"column":33}},"loc":{"start":{"line":145,"column":33},"end":{"line":145,"column":55}},"line":145},"18":{"name":"(anonymous_18)","decl":{"start":{"line":155,"column":2},"end":{"line":155,"column":39}},"loc":{"start":{"line":155,"column":39},"end":{"line":157,"column":null}},"line":155},"19":{"name":"(anonymous_19)","decl":{"start":{"line":162,"column":2},"end":{"line":162,"column":16}},"loc":{"start":{"line":162,"column":16},"end":{"line":166,"column":null}},"line":162},"20":{"name":"RegisterOperation","decl":{"start":{"line":176,"column":16},"end":{"line":176,"column":34}},"loc":{"start":{"line":176,"column":64},"end":{"line":183,"column":null}},"line":176},"21":{"name":"(anonymous_21)","decl":{"start":{"line":178,"column":9},"end":{"line":178,"column":67}},"loc":{"start":{"line":178,"column":83},"end":{"line":182,"column":null}},"line":178}},"branchMap":{"0":{"loc":{"start":{"line":38,"column":4},"end":{"line":42,"column":null}},"type":"if","locations":[{"start":{"line":38,"column":4},"end":{"line":42,"column":null}},{"start":{},"end":{}}],"line":38},"1":{"loc":{"start":{"line":52,"column":11},"end":{"line":52,"column":null}},"type":"cond-expr","locations":[{"start":{"line":52,"column":27},"end":{"line":52,"column":44}},{"start":{"line":52,"column":44},"end":{"line":52,"column":null}}],"line":52},"2":{"loc":{"start":{"line":71,"column":23},"end":{"line":71,"column":null}},"type":"binary-expr","locations":[{"start":{"line":71,"column":23},"end":{"line":71,"column":57}},{"start":{"line":71,"column":57},"end":{"line":71,"column":null}}],"line":71},"3":{"loc":{"start":{"line":86,"column":6},"end":{"line":88,"column":null}},"type":"binary-expr","locations":[{"start":{"line":86,"column":6},"end":{"line":86,"column":null}},{"start":{"line":87,"column":6},"end":{"line":87,"column":null}},{"start":{"line":88,"column":6},"end":{"line":88,"column":null}}],"line":86},"4":{"loc":{"start":{"line":99,"column":4},"end":{"line":103,"column":null}},"type":"if","locations":[{"start":{"line":99,"column":4},"end":{"line":103,"column":null}},{"start":{},"end":{}}],"line":99},"5":{"loc":{"start":{"line":99,"column":8},"end":{"line":99,"column":42}},"type":"binary-expr","locations":[{"start":{"line":99,"column":8},"end":{"line":99,"column":16}},{"start":{"line":99,"column":16},"end":{"line":99,"column":42}}],"line":99},"6":{"loc":{"start":{"line":130,"column":50},"end":{"line":130,"column":72}},"type":"default-arg","locations":[{"start":{"line":130,"column":59},"end":{"line":130,"column":72}}],"line":130},"7":{"loc":{"start":{"line":134,"column":4},"end":{"line":137,"column":null}},"type":"if","locations":[{"start":{"line":134,"column":4},"end":{"line":137,"column":null}},{"start":{},"end":{}}],"line":134},"8":{"loc":{"start":{"line":139,"column":4},"end":{"line":148,"column":null}},"type":"if","locations":[{"start":{"line":139,"column":4},"end":{"line":148,"column":null}},{"start":{"line":144,"column":11},"end":{"line":148,"column":null}}],"line":139},"9":{"loc":{"start":{"line":141,"column":6},"end":{"line":143,"column":null}},"type":"if","locations":[{"start":{"line":141,"column":6},"end":{"line":143,"column":null}},{"start":{},"end":{}}],"line":141},"10":{"loc":{"start":{"line":145,"column":6},"end":{"line":147,"column":null}},"type":"if","locations":[{"start":{"line":145,"column":6},"end":{"line":147,"column":null}},{"start":{},"end":{}}],"line":145}},"s":{"0":1,"1":1,"2":1,"3":0,"4":0,"5":0,"6":0,"7":0,"8":0,"9":0,"10":0,"11":0,"12":0,"13":0,"14":0,"15":0,"16":0,"17":0,"18":0,"19":0,"20":0,"21":0,"22":0,"23":0,"24":0,"25":0,"26":0,"27":0,"28":0,"29":0,"30":0,"31":0,"32":0,"33":0,"34":0,"35":0,"36":0,"37":0,"38":0,"39":0,"40":0,"41":0,"42":0,"43":0,"44":0,"45":0,"46":0,"47":0,"48":0,"49":0,"50":0,"51":1,"52":0,"53":0,"54":0,"55":0,"56":0},"f":{"0":0,"1":0,"2":0,"3":0,"4":0,"5":0,"6":0,"7":0,"8":0,"9":0,"10":0,"11":0,"12":0,"13":0,"14":0,"15":0,"16":0,"17":0,"18":0,"19":0,"20":0,"21":0},"b":{"0":[0,0],"1":[0,0],"2":[0,0],"3":[0,0,0],"4":[0,0],"5":[0,0],"6":[0],"7":[0,0],"8":[0,0],"9":[0,0],"10":[0,0]},"meta":{"lastBranch":11,"lastFunction":22,"lastStatement":57,"seen":{"s:12:23:12:Infinity":0,"s:13:24:13:Infinity":1,"s:14:39:14:Infinity":2,"f:20:2:20:11":0,"s:21:40:25:Infinity":3,"s:27:4:27:Infinity":4,"s:28:4:28:Infinity":5,"s:29:4:29:Infinity":6,"f:36:2:36:13":1,"s:37:17:37:Infinity":7,"b:38:4:42:Infinity:undefined:undefined:undefined:undefined":0,"s:38:4:42:Infinity":8,"s:39:6:39:Infinity":9,"s:40:6:40:Infinity":10,"s:41:6:41:Infinity":11,"f:50:2:50:6":2,"s:51:17:51:Infinity":12,"s:52:4:52:Infinity":13,"b:52:27:52:44:52:44:52:Infinity":1,"f:59:2:59:24":3,"s:60:4:62:Infinity":14,"f:61:14:61:22":4,"s:61:22:61:34":15,"f:62:11:62:19":5,"s:62:19:62:33":16,"f:70:2:70:16":6,"s:71:23:71:Infinity":17,"b:71:23:71:57:71:57:71:Infinity":2,"s:72:4:75:Infinity":18,"f:72:29:72:35":7,"s:73:19:73:Infinity":19,"s:74:6:74:Infinity":20,"f:83:2:83:9":8,"s:84:23:84:Infinity":21,"s:85:4:89:Infinity":22,"f:85:32:85:Infinity":9,"s:86:6:88:Infinity":23,"b:86:6:86:Infinity:87:6:87:Infinity:88:6:88:Infinity":3,"f:97:2:97:13":10,"s:98:17:98:Infinity":24,"b:99:4:103:Infinity:undefined:undefined:undefined:undefined":4,"s:99:4:103:Infinity":25,"b:99:8:99:16:99:16:99:42":5,"s:100:6:100:Infinity":26,"s:101:6:101:Infinity":27,"s:102:6:102:Infinity":28,"f:111:2:111:12":11,"s:112:4:112:Infinity":29,"s:113:4:115:Infinity":30,"f:113:11:113:17":12,"s:114:6:114:Infinity":31,"f:121:10:121:34":13,"s:122:4:122:Infinity":32,"f:122:27:122:39":14,"s:122:39:122:49":33,"f:130:10:130:28":15,"b:130:59:130:72":6,"s:131:21:131:Infinity":34,"s:132:21:132:Infinity":35,"b:134:4:137:Infinity:undefined:undefined:undefined:undefined":7,"s:134:4:137:Infinity":36,"s:135:6:135:Infinity":37,"s:136:6:136:Infinity":38,"b:139:4:148:Infinity:144:11:148:Infinity":8,"s:139:4:148:Infinity":39,"s:140:20:140:Infinity":40,"f:140:41:140:47":16,"s:140:47:140:69":41,"b:141:6:143:Infinity:undefined:undefined:undefined:undefined":9,"s:141:6:143:Infinity":42,"s:142:8:142:Infinity":43,"b:145:6:147:Infinity:undefined:undefined:undefined:undefined":10,"s:145:6:147:Infinity":44,"f:145:27:145:33":17,"s:145:33:145:55":45,"s:146:8:146:Infinity":46,"f:155:2:155:39":18,"s:156:4:156:Infinity":47,"f:162:2:162:16":19,"s:163:4:163:Infinity":48,"s:164:4:164:Infinity":49,"s:165:4:165:Infinity":50,"s:170:33:170:Infinity":51,"f:176:16:176:34":20,"s:177:2:177:Infinity":52,"s:178:2:182:Infinity":53,"f:178:9:178:67":21,"s:179:21:179:Infinity":54,"s:180:4:180:Infinity":55,"s:181:4:181:Infinity":56}}}
,"/Users/jackma/Code/ToolsBox/src/core/operations/types.ts": {"path":"/Users/jackma/Code/ToolsBox/src/core/operations/types.ts","statementMap":{},"fnMap":{},"branchMap":{},"s":{},"f":{},"b":{},"meta":{"lastBranch":0,"lastFunction":0,"lastStatement":0,"seen":{}}}
,"/Users/jackma/Code/ToolsBox/src/core/operations/operations/base64.ts": {"path":"/Users/jackma/Code/ToolsBox/src/core/operations/operations/base64.ts","statementMap":{"0":{"start":{"line":8,"column":27},"end":{"line":8,"column":null}},"1":{"start":{"line":14,"column":7},"end":{"line":14,"column":null}},"2":{"start":{"line":15,"column":9},"end":{"line":15,"column":null}},"3":{"start":{"line":16,"column":16},"end":{"line":16,"column":null}},"4":{"start":{"line":17,"column":13},"end":{"line":17,"column":null}},"5":{"start":{"line":18,"column":9},"end":{"line":18,"column":null}},"6":{"start":{"line":19,"column":14},"end":{"line":19,"column":null}},"7":{"start":{"line":20,"column":15},"end":{"line":20,"column":null}},"8":{"start":{"line":23,"column":4},"end":{"line":35,"column":null}},"9":{"start":{"line":39,"column":22},"end":{"line":39,"column":null}},"10":{"start":{"line":41,"column":4},"end":{"line":78,"column":null}},"11":{"start":{"line":42,"column":22},"end":{"line":42,"column":null}},"12":{"start":{"line":45,"column":6},"end":{"line":55,"column":null}},"13":{"start":{"line":46,"column":8},"end":{"line":54,"column":null}},"14":{"start":{"line":58,"column":26},"end":{"line":58,"column":null}},"15":{"start":{"line":60,"column":6},"end":{"line":67,"column":null}},"16":{"start":{"line":69,"column":6},"end":{"line":77,"column":null}},"17":{"start":{"line":82,"column":4},"end":{"line":84,"column":null}},"18":{"start":{"line":83,"column":6},"end":{"line":83,"column":null}},"19":{"start":{"line":86,"column":4},"end":{"line":88,"column":null}},"20":{"start":{"line":87,"column":6},"end":{"line":87,"column":null}},"21":{"start":{"line":90,"column":4},"end":{"line":90,"column":null}},"22":{"start":{"line":97,"column":4},"end":{"line":101,"column":null}},"23":{"start":{"line":98,"column":6},"end":{"line":98,"column":null}},"24":{"start":{"line":100,"column":6},"end":{"line":100,"column":null}},"25":{"start":{"line":109,"column":25},"end":{"line":109,"column":null}},"26":{"start":{"line":110,"column":18},"end":{"line":110,"column":null}},"27":{"start":{"line":111,"column":4},"end":{"line":113,"column":null}},"28":{"start":{"line":111,"column":17},"end":{"line":111,"column":20}},"29":{"start":{"line":112,"column":6},"end":{"line":112,"column":null}},"30":{"start":{"line":114,"column":4},"end":{"line":114,"column":null}},"31":{"start":{"line":122,"column":7},"end":{"line":122,"column":null}},"32":{"start":{"line":123,"column":9},"end":{"line":123,"column":null}},"33":{"start":{"line":124,"column":16},"end":{"line":124,"column":null}},"34":{"start":{"line":125,"column":13},"end":{"line":125,"column":null}},"35":{"start":{"line":126,"column":9},"end":{"line":126,"column":null}},"36":{"start":{"line":127,"column":14},"end":{"line":127,"column":null}},"37":{"start":{"line":128,"column":15},"end":{"line":128,"column":null}},"38":{"start":{"line":131,"column":4},"end":{"line":143,"column":null}},"39":{"start":{"line":147,"column":22},"end":{"line":147,"column":null}},"40":{"start":{"line":149,"column":4},"end":{"line":173,"column":null}},"41":{"start":{"line":150,"column":22},"end":{"line":150,"column":null}},"42":{"start":{"line":153,"column":26},"end":{"line":153,"column":null}},"43":{"start":{"line":155,"column":6},"end":{"line":162,"column":null}},"44":{"start":{"line":164,"column":6},"end":{"line":172,"column":null}},"45":{"start":{"line":177,"column":4},"end":{"line":179,"column":null}},"46":{"start":{"line":178,"column":6},"end":{"line":178,"column":null}},"47":{"start":{"line":181,"column":4},"end":{"line":181,"column":null}},"48":{"start":{"line":188,"column":18},"end":{"line":188,"column":null}},"49":{"start":{"line":189,"column":23},"end":{"line":189,"column":null}},"50":{"start":{"line":190,"column":4},"end":{"line":192,"column":null}},"51":{"start":{"line":190,"column":17},"end":{"line":190,"column":20}},"52":{"start":{"line":191,"column":6},"end":{"line":191,"column":null}},"53":{"start":{"line":193,"column":4},"end":{"line":193,"column":null}},"54":{"start":{"line":197,"column":30},"end":{"line":197,"column":null}},"55":{"start":{"line":199,"column":4},"end":{"line":201,"column":null}},"56":{"start":{"line":200,"column":6},"end":{"line":200,"column":null}},"57":{"start":{"line":203,"column":4},"end":{"line":211,"column":null}},"58":{"start":{"line":204,"column":20},"end":{"line":204,"column":null}},"59":{"start":{"line":205,"column":6},"end":{"line":209,"column":null}},"60":{"start":{"line":205,"column":19},"end":{"line":205,"column":22}},"61":{"start":{"line":206,"column":21},"end":{"line":206,"column":null}},"62":{"start":{"line":207,"column":8},"end":{"line":207,"column":null}},"63":{"start":{"line":208,"column":8},"end":{"line":208,"column":null}},"64":{"start":{"line":210,"column":6},"end":{"line":210,"column":null}},"65":{"start":{"line":213,"column":4},"end":{"line":223,"column":null}},"66":{"start":{"line":214,"column":20},"end":{"line":214,"column":null}},"67":{"start":{"line":215,"column":6},"end":{"line":221,"column":null}},"68":{"start":{"line":215,"column":19},"end":{"line":215,"column":22}},"69":{"start":{"line":216,"column":21},"end":{"line":216,"column":null}},"70":{"start":{"line":217,"column":8},"end":{"line":219,"column":null}},"71":{"start":{"line":218,"column":10},"end":{"line":218,"column":null}},"72":{"start":{"line":220,"column":8},"end":{"line":220,"column":null}},"73":{"start":{"line":222,"column":6},"end":{"line":222,"column":null}},"74":{"start":{"line":225,"column":4},"end":{"line":225,"column":null}}},"fnMap":{"0":{"name":"(anonymous_0)","decl":{"start":{"line":22,"column":2},"end":{"line":22,"column":40}},"loc":{"start":{"line":22,"column":40},"end":{"line":36,"column":null}},"line":22},"1":{"name":"(anonymous_1)","decl":{"start":{"line":38,"column":8},"end":{"line":38,"column":16}},"loc":{"start":{"line":38,"column":98},"end":{"line":79,"column":null}},"line":38},"2":{"name":"(anonymous_2)","decl":{"start":{"line":81,"column":2},"end":{"line":81,"column":16}},"loc":{"start":{"line":81,"column":75},"end":{"line":91,"column":null}},"line":81},"3":{"name":"(anonymous_3)","decl":{"start":{"line":96,"column":10},"end":{"line":96,"column":24}},"loc":{"start":{"line":96,"column":47},"end":{"line":102,"column":null}},"line":96},"4":{"name":"(anonymous_4)","decl":{"start":{"line":107,"column":10},"end":{"line":107,"column":23}},"loc":{"start":{"line":107,"column":62},"end":{"line":115,"column":null}},"line":107},"5":{"name":"(anonymous_5)","decl":{"start":{"line":130,"column":2},"end":{"line":130,"column":40}},"loc":{"start":{"line":130,"column":40},"end":{"line":144,"column":null}},"line":130},"6":{"name":"(anonymous_6)","decl":{"start":{"line":146,"column":8},"end":{"line":146,"column":16}},"loc":{"start":{"line":146,"column":98},"end":{"line":174,"column":null}},"line":146},"7":{"name":"(anonymous_7)","decl":{"start":{"line":176,"column":2},"end":{"line":176,"column":16}},"loc":{"start":{"line":176,"column":75},"end":{"line":182,"column":null}},"line":176},"8":{"name":"(anonymous_8)","decl":{"start":{"line":187,"column":10},"end":{"line":187,"column":23}},"loc":{"start":{"line":187,"column":62},"end":{"line":194,"column":null}},"line":187},"9":{"name":"(anonymous_9)","decl":{"start":{"line":196,"column":10},"end":{"line":196,"column":24}},"loc":{"start":{"line":196,"column":67},"end":{"line":226,"column":null}},"line":196}},"branchMap":{"0":{"loc":{"start":{"line":42,"column":22},"end":{"line":42,"column":null}},"type":"cond-expr","locations":[{"start":{"line":42,"column":59},"end":{"line":42,"column":76}},{"start":{"line":42,"column":76},"end":{"line":42,"column":null}}],"line":42},"1":{"loc":{"start":{"line":45,"column":6},"end":{"line":55,"column":null}},"type":"if","locations":[{"start":{"line":45,"column":6},"end":{"line":55,"column":null}},{"start":{},"end":{}}],"line":45},"2":{"loc":{"start":{"line":75,"column":15},"end":{"line":75,"column":null}},"type":"cond-expr","locations":[{"start":{"line":75,"column":40},"end":{"line":75,"column":56}},{"start":{"line":75,"column":56},"end":{"line":75,"column":null}}],"line":75},"3":{"loc":{"start":{"line":82,"column":4},"end":{"line":84,"column":null}},"type":"if","locations":[{"start":{"line":82,"column":4},"end":{"line":84,"column":null}},{"start":{},"end":{}}],"line":82},"4":{"loc":{"start":{"line":86,"column":4},"end":{"line":88,"column":null}},"type":"if","locations":[{"start":{"line":86,"column":4},"end":{"line":88,"column":null}},{"start":{},"end":{}}],"line":86},"5":{"loc":{"start":{"line":150,"column":22},"end":{"line":150,"column":null}},"type":"cond-expr","locations":[{"start":{"line":150,"column":59},"end":{"line":150,"column":76}},{"start":{"line":150,"column":76},"end":{"line":150,"column":null}}],"line":150},"6":{"loc":{"start":{"line":170,"column":15},"end":{"line":170,"column":null}},"type":"cond-expr","locations":[{"start":{"line":170,"column":40},"end":{"line":170,"column":56}},{"start":{"line":170,"column":56},"end":{"line":170,"column":null}}],"line":170},"7":{"loc":{"start":{"line":177,"column":4},"end":{"line":179,"column":null}},"type":"if","locations":[{"start":{"line":177,"column":4},"end":{"line":179,"column":null}},{"start":{},"end":{}}],"line":177},"8":{"loc":{"start":{"line":177,"column":8},"end":{"line":177,"column":42}},"type":"binary-expr","locations":[{"start":{"line":177,"column":8},"end":{"line":177,"column":23}},{"start":{"line":177,"column":23},"end":{"line":177,"column":42}}],"line":177},"9":{"loc":{"start":{"line":199,"column":4},"end":{"line":201,"column":null}},"type":"if","locations":[{"start":{"line":199,"column":4},"end":{"line":201,"column":null}},{"start":{},"end":{}}],"line":199},"10":{"loc":{"start":{"line":199,"column":8},"end":{"line":199,"column":71}},"type":"binary-expr","locations":[{"start":{"line":199,"column":8},"end":{"line":199,"column":41}},{"start":{"line":199,"column":41},"end":{"line":199,"column":71}}],"line":199},"11":{"loc":{"start":{"line":203,"column":4},"end":{"line":211,"column":null}},"type":"if","locations":[{"start":{"line":203,"column":4},"end":{"line":211,"column":null}},{"start":{},"end":{}}],"line":203},"12":{"loc":{"start":{"line":203,"column":8},"end":{"line":203,"column":109}},"type":"binary-expr","locations":[{"start":{"line":203,"column":8},"end":{"line":203,"column":42}},{"start":{"line":203,"column":42},"end":{"line":203,"column":78}},{"start":{"line":203,"column":78},"end":{"line":203,"column":109}}],"line":203},"13":{"loc":{"start":{"line":213,"column":4},"end":{"line":223,"column":null}},"type":"if","locations":[{"start":{"line":213,"column":4},"end":{"line":223,"column":null}},{"start":{},"end":{}}],"line":213},"14":{"loc":{"start":{"line":213,"column":8},"end":{"line":213,"column":115}},"type":"binary-expr","locations":[{"start":{"line":213,"column":8},"end":{"line":213,"column":46}},{"start":{"line":213,"column":46},"end":{"line":213,"column":83}},{"start":{"line":213,"column":83},"end":{"line":213,"column
[...]
if","locations":[{"start":{"line":174,"column":6},"end":{"line":174,"column":null}},{"start":{},"end":{}}],"line":174},"11":{"loc":{"start":{"line":194,"column":19},"end":{"line":194,"column":null}},"type":"cond-expr","locations":[{"start":{"line":194,"column":44},"end":{"line":194,"column":60}},{"start":{"line":194,"column":60},"end":{"line":194,"column":null}}],"line":194},"12":{"loc":{"start":{"line":222,"column":4},"end":{"line":225,"column":null}},"type":"if","locations":[{"start":{"line":222,"column":4},"end":{"line":225,"column":null}},{"start":{},"end":{}}],"line":222},"13":{"loc":{"start":{"line":243,"column":9},"end":{"line":278,"column":null}},"type":"cond-expr","locations":[{"start":{"line":244,"column":10},"end":{"line":246,"column":null}},{"start":{"line":248,"column":10},"end":{"line":278,"column":null}}],"line":243},"14":{"loc":{"start":{"line":285,"column":53},"end":{"line":285,"column":null}},"type":"binary-expr","locations":[{"start":{"line":285,"column":53},"end":{"line":285,"column":63}},{"start":{"line":285,"column":63},"end":{"line":285,"column":null}}],"line":285},"15":{"loc":{"start":{"line":326,"column":25},"end":{"line":326,"column":null}},"type":"binary-expr","locations":[{"start":{"line":326,"column":25},"end":{"line":326,"column":35}},{"start":{"line":326,"column":35},"end":{"line":326,"column":null}}],"line":326}},"s":{"0":1,"1":1,"2":2,"3":1,"4":1,"5":1,"6":1,"7":0,"8":0,"9":0,"10":0,"11":0,"12":2,"13":1,"14":1,"15":1,"16":1,"17":0,"18":1,"19":0,"20":0,"21":0,"22":1,"23":0,"24":1,"25":0,"26":0,"27":0,"28":1,"29":1,"30":3,"31":3,"32":1,"33":3,"34":3,"35":1,"36":1,"37":1,"38":0,"39":0,"40":3,"41":3,"42":2,"43":3,"44":2,"45":3,"46":1,"47":1,"48":1,"49":1,"50":1,"51":3,"52":0,"53":0,"54":0,"55":3,"56":0,"57":0,"58":0,"59":0,"60":0,"61":0,"62":0,"63":3,"64":0,"65":0,"66":0,"67":0,"68":0,"69":0,"70":0,"71":0,"72":0,"73":0,"74":0,"75":0,"76":0,"77":0,"78":3,"79":0,"80":0,"81":0,"82":0,"83":0,"84":0,"85":0,"86":0,"87":0,"88":0,"89":0,"90":0,"91":0,"92":0,"93":0,"94":0,"95":0,"96":0,"97":0,"98":0,"99":0,"100":3,"101":0,"102":0,"103":0,"104":3,"105":1,"106":0,"107":0,"108":1,"109":3,"110":1,"111":3,"112":3,"113":0,"114":1,"115":0,"116":0,"117":3,"118":0},"f":{"0":2,"1":1,"2":0,"3":2,"4":1,"5":1,"6":0,"7":0,"8":3,"9":1,"10":1,"11":0,"12":2,"13":2,"14":1,"15":0,"16":0,"17":0,"18":0,"19":0,"20":0,"21":0,"22":0,"23":0,"24":0,"25":0,"26":0,"27":0,"28":1,"29":1,"30":3,"31":0,"32":1,"33":0,"34":0,"35":0},"b":{"0":[1,0],"1":[1,1],"2":[0,1],"3":[0,1],"4":[1,0],"5":[0,0],"6":[2,1],"7":[0,1],"8":[0,0],"9":[0,0],"10":[0,0],"11":[0,0],"12":[0,1],"13":[2,1],"14":[3,3],"15":[3,1]},"meta":{"lastBranch":16,"lastFunction":36,"lastStatement":119,"seen":{"s:24:34:24:Infinity":0,"s:25:37:25:Infinity":1,"f:27:9:27:35":0,"s:28:2:31:Infinity":2,"f:34:9:34:49":1,"s:35:2:43:Infinity":3,"s:36:16:36:Infinity":4,"b:37:4:37:Infinity:undefined:undefined:undefined:undefined":0,"s:37:4:37:Infinity":5,"s:37:14:37:Infinity":6,"s:38:19:38:Infinity":7,"s:39:4:39:Infinity":8,"f:39:38:39:53":2,"s:39:53:39:87":9,"s:41:4:41:Infinity":10,"s:42:4:42:Infinity":11,"f:46:9:46:28":3,"b:47:2:51:Infinity:49:9:51:Infinity":1,"s:47:2:51:Infinity":12,"s:48:4:48:Infinity":13,"s:50:4:50:Infinity":14,"f:54:9:54:45":4,"s:55:2:55:Infinity":15,"f:58:9:58:22":5,"s:59:20:59:Infinity":16,"f:59:38:59:47":6,"s:59:47:59:75":17,"b:60:2:64:Infinity:undefined:undefined:undefined:undefined":2,"s:60:2:64:Infinity":18,"s:61:27:61:Infinity":19,"s:62:4:62:Infinity":20,"s:63:4:63:Infinity":21,"s:66:22:66:Infinity":22,"f:66:40:66:49":7,"s:66:49:66:81":23,"b:67:2:71:Infinity:undefined:undefined:undefined:undefined":3,"s:67:2:71:Infinity":24,"s:68:27:68:Infinity":25,"s:69:4:69:Infinity":26,"s:70:4:70:Infinity":27,"s:73:2:76:Infinity":28,"s:82:46:335:Infinity":29,"f:82:46:82:47":8,"s:83:12:83:Infinity":30,"s:84:8:84:Infinity":31,"f:84:38:84:44":9,"s:84:44:84:75":32,"s:85:38:85:Infinity":33,"s:86:26:90:Infinity":34,"f:86:54:86:60":10,"s:87:27:87:Infinity":35,"b:88:4:88:Infinity:undefined:undefined:undefined:undefined":4,"s:88:4:88:Infinity":36,"s:88:25:88:Infinity":37,"s:89:4:89:Infinity":38,"b:89:11:89:77:89:77:89:Infinity":5,"f:89:36:89:45":11,"s:89:45:89:72":39,"s:91:46:91:Infinity":40,"s:93:2:95:Infinity":41,"f:93:12:93:18":12,"s:94:4:94:Infinity":42,"s:97:2:99:Infinity":43,"f:97:12:97:18":13,"s:98:4:98:Infinity":44,"b:98:23:98:37:98:37:98:41":6,"s:102:8:114:Infinity":45,"f:102:39:102:40":14,"s:103:33:106:Infinity":46,"s:108:40:108:Infinity":47,"s:109:4:109:Infinity":48,"s:110:4:110:Infinity":49,"s:111:4:113:Infinity":50,"b:112:8:112:Infinity:113:8:113:48":7,"s:117:8:121:Infinity":51,"f:117:39:117:40":15,"s:118:4:118:Infinity":52,"s:119:4:119:Infinity":53,"s:120:4:120:Infinity":54,"s:124:8:142:Infinity":55,"f:124:41:124:42":16,"s:125:4:141:Infinity":56,"f:131:12:131:18":17,"s:132:8:132:Infinity":57,"f:132:24:132:43":18,"s:132:43:132:97":58,"f:132:66:132:75":19,"s:132:75:132:96":59,"b:135:8:137:Infinity:undefined:undefined:undefined:undefined":8,"s:135:8:137:Infinity":60,"s:136:10:136:Infinity":61,"s:139:8:139:Infinity":62,"s:145:8:164:Infinity":63,"f:145:41:145:47":20,"b:146:4:149:Infinity:undefined:undefined:undefined:undefined":9,"s:146:4:149:Infinity":64,"s:147:6:147:Infinity":65,"s:148:6:148:Infinity":66,"s:151:23:151:Infinity":67,"s:152:17:152:Infinity":68,"s:153:16:153:Infinity":69,"s:155:14:155:Infinity":70,"s:156:4:156:Infinity":71,"s:157:4:157:Infinity":72,"s:158:4:158:Infinity":73,"s:159:4:159:Infinity":74,"s:160:4:160:Infinity":75,"s:161:4:161:Infinity":76,"s:163:4:163:Infinity":77,"s:167:8:203:Infinity":78,"f:167:41:167:47":21,"s:168:18:168:Infinity":79,"s:169:4:169:Infinity":80,"s:170:4:170:Infinity":81,"s:172:4:200:Infinity":82,"f:172:21:172:22":22,"s:173:20:173:Infinity":83,"b:174:6:174:Infinity:undefined:undefined:undefined:undefined":10,"s:174:6:174:Infinity":84,"s:174:17:174:Infinity":85,"s:176:21:176:Infinity":86,"s:177:6:197:Infinity":87,"f:177:22:177:23":23,"s:178:8:196:Infinity":88,"s:179:32:179:Infinity":89,"s:180:16:183:Infinity":90,"f:182:12:182:27":24,"s:182:27:182:Infinity":91,"s:184:51:187:Infinity":92,"s:189:10:189:Infinity":93,"f:189:26:189:45":25,"s:189:45:189:115":94,"s:190:10:190:Infinity":95,"s:191:10:191:Infinity":96,"s:193:10:195:Infinity":97,"b:194:44:194:60:194:60:194:Infinity":11,"s:199:6:199:Infinity":98,"s:202:4:202:Infinity":99,"s:206:8:218:Infinity":100,"f:206:40:206:46":26,"s:207:4:217:Infinity":101,"f:213:12:213:18":27,"s:214:8:214:Infinity":102,"s:215:8:215:Infinity":103,"s:221:8:227:Infinity":104,"f:221:39:221:45":28,"b:222:4:225:Infinity:undefined:undefined:undefined:undefined":12,"s:222:4:225:Infinity":105,"s:223:6:223:Infinity":106,"s:224:6:224:Infinity":107,"s:226:4:226:Infinity":108,"s:229:8:231:Infinity":109,"f:229:46:229:47":29,"s:230:4:230:Infinity":110,"s:234:26:281:Infinity":111,"f:234:26:234:Infinity":30,"s:235:4:281:Infinity":112,"f:238:16:238:22":31,"s:238:22:238:Infinity":113,"b:244:10:246:Infinity:248:10:278:Infinity":13,"f:249:30:249:31":32,"s:250:14:276:Infinity":114,"f:264:29:264:35":33,"s:264:35:264:Infinity":115,"f:271:29:271:35":34,"s:271:35:271:Infinity":116,"s:284:2:333:Infinity":117,"b:285:53:285:63:285:63:285:Infinity":14,"f:316:21:316:27":35,"s:316:27:316:Infinity":118,"b:326:25:326:35:326:35:326:Infinity":15}}}
,"/Users/jackma/Code/ToolsBox/src/modules/recipe-tool/utils/recipe-serialization.ts": {"path":"/Users/jackma/Code/ToolsBox/src/modules/recipe-tool/utils/recipe-serialization.ts","statementMap":{"0":{"start":{"line":21,"column":2},"end":{"line":21,"column":null}},"1":{"start":{"line":25,"column":2},"end":{"line":27,"column":null}},"2":{"start":{"line":26,"column":4},"end":{"line":26,"column":null}},"3":{"start":{"line":28,"column":17},"end":{"line":28,"column":null}},"4":{"start":{"line":29,"column":2},"end":{"line":29,"column":null}},"5":{"start":{"line":33,"column":2},"end":{"line":35,"column":null}},"6":{"start":{"line":34,"column":4},"end":{"line":34,"column":null}},"7":{"start":{"line":37,"column":2},"end":{"line":39,"column":null}},"8":{"start":{"line":38,"column":4},"end":{"line":38,"column":null}},"9":{"start":{"line":41,"column":2},"end":{"line":43,"column":null}},"10":{"start":{"line":42,"column":4},"end":{"line":42,"column":null}},"11":{"start":{"line":45,"column":2},"end":{"line":45,"column":null}},"12":{"start":{"line":49,"column":2},"end":{"line":62,"column":null}},"13":{"start":{"line":55,"column":37},"end":{"line":61,"column":6}},"14":{"start":{"line":66,"column":2},"end":{"line":66,"column":null}},"15":{"start":{"line":73,"column":2},"end":{"line":75,"column":null}},"16":{"start":{"line":74,"column":4},"end":{"line":74,"column":null}},"17":{"start":{"line":77,"column":13},"end":{"line":77,"column":null}},"18":{"start":{"line":78,"column":15},"end":{"line":78,"column":null}},"19":{"start":{"line":79,"column":2},"end":{"line":81,"column":null}},"20":{"start":{"line":80,"column":4},"end":{"line":80,"column":null}},"21":{"start":{"line":82,"column":2},"end":{"line":84,"column":null}},"22":{"start":{"line":83,"column":4},"end":{"line":83,"column":null}},"23":{"start":{"line":85,"column":2},"end":{"line":87,"column":null}},"24":{"start":{"line":86,"column":4},"end":{"line":86,"column":null}},"25":{"start":{"line":89,"column":14},"end":{"line":89,"column":null}},"26":{"start":{"line":90,"column":33},"end":{"line":110,"column":null}},"27":{"start":{"line":91,"column":4},"end":{"line":93,"column":null}},"28":{"start":{"line":92,"column":6},"end":{"line":92,"column":null}},"29":{"start":{"line":95,"column":24},"end":{"line":95,"column":null}},"30":{"start":{"line":96,"column":22},"end":{"line":96,"column":null}},"31":{"start":{"line":97,"column":4},"end":{"line":99,"column":null}},"32":{"start":{"line":98,"column":6},"end":{"line":98,"column":null}},"33":{"start":{"line":101,"column":4},"end":{"line":109,"column":null}},"34":{"start":{"line":112,"column":2},"end":{"line":119,"column":null}},"35":{"start":{"line":126,"column":2},"end":{"line":128,"column":null}},"36":{"start":{"line":127,"column":4},"end":{"line":127,"column":null}},"37":{"start":{"line":130,"column":2},"end":{"line":130,"column":null}},"38":{"start":{"line":130,"column":29},"end":{"line":130,"column":69}}},"fnMap":{"0":{"name":"isRecord","decl":{"start":{"line":20,"column":9},"end":{"line":20,"column":18}},"loc":{"start":{"line":20,"column":68},"end":{"line":22,"column":null}},"line":20},"1":{"name":"parseDate","decl":{"start":{"line":24,"column":9},"end":{"line":24,"column":19}},"loc":{"start":{"line":24,"column":57},"end":{"line":30,"column":null}},"line":24},"2":{"name":"resolveOperationId","decl":{"start":{"line":32,"column":9},"end":{"line":32,"column":28}},"loc":{"start":{"line":32,"column":86},"end":{"line":46,"column":null}},"line":32},"3":{"name":"serializeRecipe","decl":{"start":{"line":48,"column":16},"end":{"line":48,"column":32}},"loc":{"start":{"line":48,"column":66},"end":{"line":63,"column":null}},"line":48},"4":{"name":"(anonymous_4)","decl":{"start":{"line":55,"column":28},"end":{"line":55,"column":37}},"loc":{"start":{"line":55,"column":37},"end":{"line":61,"column":6}},"line":55},"5":{"name":"serializeRecipes","decl":{"start":{"line":65,"column":16},"end":{"line":65,"column":33}},"loc":{"start":{"line":65,"column":72},"end":{"line":67,"column":null}},"line":65},"6":{"name":"deserializeRecipe","decl":{"start":{"line":69,"column":16},"end":{"line":69,"column":null}},"loc":{"start":{"line":72,"column":10},"end":{"line":120,"column":null}},"line":72},"7":{"name":"(anonymous_7)","decl":{"start":{"line":90,"column":51},"end":{"line":90,"column":52}},"loc":{"start":{"line":90,"column":71},"end":{"line":110,"column":3}},"line":90},"8":{"name":"deserializeRecipes","decl":{"start":{"line":122,"column":16},"end":{"line":122,"column":null}},"loc":{"start":{"line":125,"column":12},"end":{"line":131,"column":null}},"line":125},"9":{"name":"(anonymous_9)","decl":{"start":{"line":130,"column":21},"end":{"line":130,"column":29}},"loc":{"start":{"line":130,"column":29},"end":{"line":130,"column":69}},"line":130}},"branchMap":{"0":{"loc":{"start":{"line":21,"column":9},"end":{"line":21,"column":null}},"type":"binary-expr","locations":[{"start":{"line":21,"column":9},"end":{"line":21,"column":38}},{"start":{"line":21,"column":38},"end":{"line":21,"column":null}}],"line":21},"1":{"loc":{"start":{"line":25,"column":2},"end":{"line":27,"column":null}},"type":"if","locations":[{"start":{"line":25,"column":2},"end":{"line":27,"column":null}},{"start":{},"end":{}}],"line":25},"2":{"loc":{"start":{"line":29,"column":9},"end":{"line":29,"column":null}},"type":"cond-expr","locations":[{"start":{"line":29,"column":42},"end":{"line":29,"column":53}},{"start":{"line":29,"column":53},"end":{"line":29,"column":null}}],"line":29},"3":{"loc":{"start":{"line":33,"column":2},"end":{"line":35,"column":null}},"type":"if","locations":[{"start":{"line":33,"column":2},"end":{"line":35,"column":null}},{"start":{},"end":{}}],"line":33},"4":{"loc":{"start":{"line":33,"column":6},"end":{"line":33,"column":71}},"type":"binary-expr","locations":[{"start":{"line":33,"column":6},"end":{"line":33,"column":46}},{"start":{"line":33,"column":46},"end":{"line":33,"column":71}}],"line":33},"5":{"loc":{"start":{"line":37,"column":2},"end":{"line":39,"column":null}},"type":"if","locations":[{"start":{"line":37,"column":2},"end":{"line":39,"column":null}},{"start":{},"end":{}}],"line":37},"6":{"loc":{"start":{"line":37,"column":6},"end":{"line":37,"column":67}},"type":"binary-expr","locations":[{"start":{"line":37,"column":6},"end":{"line":37,"column":44}},{"start":{"line":37,"column":44},"end":{"line":37,"column":67}}],"line":37},"7":{"loc":{"start":{"line":41,"column":2},"end":{"line":43,"column":null}},"type":"if","locations":[{"start":{"line":41,"column":2},"end":{"line":43,"column":null}},{"start":{},"end":{}}],"line":41},"8":{"loc":{"start":{"line":41,"column":6},"end":{"line":41,"column":101}},"type":"binary-expr","locations":[{"start":{"line":41,"column":6},"end":{"line":41,"column":34}},{"start":{"line":41,"column":34},"end":{"line":41,"column":75}},{"start":{"line":41,"column":75},"end":{"line":41,"column":101}}],"line":41},"9":{"loc":{"start":{"line":73,"column":2},"end":{"line":75,"column":null}},"type":"if","locations":[{"start":{"line":73,"column":2},"end":{"line":75,"column":null}},{"start":{},"end":{}}],"line":73},"10":{"loc":{"start":{"line":79,"column":2},"end":{"line":81,"column":null}},"type":"if","locations":[{"start":{"line":79,"column":2},"end":{"line":81,"column":null}},{"start":{},"end":{}}],"line":79},"11":{"loc":{"start":{"line":79,"column":6},"end":{"line":79,"column":44}},"type":"binary-expr","locations":[{"start":{"line":79,"column":6},"end":{"line":79,"column":32}},{"start":{"line":79,"column":32},"end":{"line":79,"column":44}}],"line":79},"12":{"loc":{"start":{"line":82,"column":2},"end":{"line":84,"column":null}},"type":"if","locations":[{"start":{"line":82,"column":2},"end":{"line":84,"column":null}},{"start":{},"end":{}}],"line":82},"13":{"loc":{"start":{"line":82,"column":6},"end":{"line":82,"column":48}},"type":"binary-expr","locations":[{"start":{"line":82,"column":6},"end":{"line":82,"column":34}},{"start":{"line":82,"column":34},"end":{"line":82,"column":48}}],"line":82},"14":{"loc":{"start":{"line":85,"column":2},"end":{"line":87,"column":null}},"type":"if","locations":[{"start":{"line":85,"column":2},"end":{"line":87,"column":null}},{"start":{},"end":{}}],"line":85},"15":{"loc":{"start":{"line":91,"column":4},"end":{"line":93,"column":null}},"type":"if","locations":[{"start":{"line":91,"column":4},"end":{"line":93,"column":null}},{"start":{},"end":{}}],"line":91},"16":{"loc":{"start":{"line":97,"column":4},"end":{"line":99,"column":null}},"type":"if","locations":[{"start":{"line":97,"column":4},"end":{"line":99,"column":null}},{"start":{},"end":{}}],"line":97},"17":{"loc":{"start":{"line":102,"column":10},"end":{"line":104,"column":null}},"type":"cond-expr","locations":[{"start":{"line":103,"column":10},"end":{"line":103,"column":null}},{"start":{"line":104,"column":10},"end":{"line":104,"column":null}}],"line":102},"18":{"loc":{"start":{"line":102,"column":10},"end":{"line":102,"column":null}},"type":"binary-expr","locations":[{"start":{"line":102,"column":10},"end":{"line":102,"column":44}},{"start":{"line":102,"column":44},"end":{"line":102,"column":null}}],"line":102},"19":{"loc":{"start":{"line":106,"column":14},"end":{"line":106,"column":null}},"type":"cond-expr","locations":[{"start":{"line":106,"column":41},"end":{"line":106,"column":58}},{"start":{"line":106,"column":58},"end":{"line":106,"column":null}}],"line":106},"20":{"loc":{"start":{"line":115,"column":17},"end":{"line":115,"column":null}},"type":"cond-expr","locations":[{"start":{"line":115,"column":59},"end":{"line":115,"column":81}},{"start":{"line":115,"column":81},"end":{"line":115,"column":null}}],"line":115},"21":{"loc":{"start":{"line":126,"column":2},"end":{"line":128,"column":null}},"type":"if","locations":[{"start":{"line":126,"column":2},"end":{"line":128,"column":null}},{"start":{},"end":{}}],"line":126}},"s":{"0":15,"1":8,"2":0,"3":8,"4":8,"5":5,"6":4,"7":1,"8":0,"9":1,"10":1,"11":0,"12":4,"13":3,"14":3,"15":5,"16":0,"17":5,"18":5,"19":5,"20":0,"21":5,"22":0,"23":5,"24":0,"25":5,"26":5,"27":5,"28":0,"29":5,"30":5,"31":5,"32":1,"33":4,"34":5,"35":1,"36":0,"37":1,"38":2},"f":{"0":15,"1":8,"2":5,"3":4,"4":3,"5":3,"6":5,"7":5,"8":1,"9":2},"b":{"0":[15,15],"1":[0,8],"2":[0,8],"3":[4,1],"4":[5,4],"5":[0,1],"6":[1,0],"7":[1,0],"8":[1,1,1],"9":[0,5],"10":[0,5],"11":[5,5],"12":[0,5],"13":[5,5],"14":[0,5],"15":[0,5],"16":[1,4],"17":[4,0],"18":[4,4],"19":[4,0],"20":[0,4],"21":[0,1]},"meta":{"lastBranch":22,"lastFunction":10,"lastStatement":39,"seen":{"f:20:9:20:18":0,"s:21:2:21:Infinity":0,"b:21:9:21:38:21:38:21:Infinity":0,"f:24:9:24:19":1,"b:25:2:27:Infinity:undefined:undefined:undefined:undefined":1,"s:25:2:27:Infinity":1,"s:26:4:26:Infinity":2,"s:28:17:28:Infinity":3,"s:29:2:29:Infinity":4,"b:29:42:29:53:29:53:29:Infinity":2,"f:32:9:32:28":2,"b:33:2:35:Infinity:undefined:undefined:undefined:undefined":3,"s:33:2:35:Infinity":5,"b:33:6:33:46:33:46:33:71":4,"s:34:4:34:Infinity":6,"b:37:2:39:Infinity:undefined:undefined:undefined:undefined":5,"s:37:2:39:Infinity":7,"b:37:6:37:44:37:44:37:67":6,"s:38:4:38:Infinity":8,"b:41:2:43:Infinity:undefined:undefined:undefined:undefined":7,"s:41:2:43:Infinity":9,"b:41:6:41:34:41:34:41:75:41:75:41:101":8,"s:42:4:42:Infinity":10,"s:45:2:45:Infinity":11,"f:48:16:48:32":3,"s:49:2:62:Infinity":12,"f:55:28:55:37":4,"s:55:37:61:6":13,"f:65:16:65:33":5,"s:66:2:66:Infinity":14,"f:69:16:69:Infinity":6,"b:73:2:75:Infinity:undefined:undefined:undefined:undefined":9,"s:73:2:75:Infinity":15,"s:74:4:74:Infinity":16,"s:77:13:77:Infinity":17,"s:78:15:78:Infinity":18,"b:79:2:81:Infinity:undefined:undefined:undefined:undefined":10,"s:79:2:81:Infinity":19,"b:79:6:79:32:79:32:79:44":11,"s:80:4:80:Infinity":20,"b:82:2:84:Infinity:undefined:undefined:undefined:undefined":12,"s:82:2:84:Infinity":21,"b:82:6:82:34:82:34:82:48":13,"s:83:4:83:Infinity":22,"b:85:2:87:Infinity:undefined:undefined:undefined:undefined":14,"s:85:2:87:Infinity":23,"s:86:4:86:Infinity":24,"s:89:14:89:Infinity":25,"s:90:33:110:Infinity":26,"f:90:51:90:52":7,"b:91:4:93:Infinity:undefined:undefined:undefined:undefined":15,"s:91:4:93:Infinity":27,"s:92:6:92:Infinity":28,"s:95:24:95:Infinity":29,"s:96:22:96:Infinity":30,"b:97:4:99:Infinity:undefined:undefined:undefined:undefined":16,"s:97:4:99:Infinity":31,"s:98:6:98:Infinity":32,"s:101:4:109:Infinity":33,"b:103:10:103:Infinity:104:10:104:Infinity":17,"b:102:10:102:44:102:44:102:Infinity":18,"b:106:41:106:58:106:58:106:Infinity":19,"s:112:2:119:Infinity":34,"b:115:59:115:81:115:81:115:Infinity":20,"f:122:16:122:Infinity":8,"b:126:2:128:Infinity:undefined:undefined:undefined:undefined":21,"s:126:2:128:Infinity":35,"s:127:4:127:Infinity":36,"s:130:2:130:Infinity":37,"f:130:21:130:29":9,"s:130:29:130:69":38}}}
}
