{"/Users/jackma/Code/ToolsBox/src/components/ErrorBoundary.tsx": {"path":"/Users/jackma/Code/ToolsBox/src/components/ErrorBoundary.tsx","statementMap":{"0":{"start":{"line":10,"column":24},"end":{"line":10,"column":null}},"1":{"start":{"line":54,"column":16},"end":{"line":60,"column":null}},"2":{"start":{"line":25,"column":4},"end":{"line":25,"column":null}},"3":{"start":{"line":26,"column":4},"end":{"line":30,"column":null}},"4":{"start":{"line":35,"column":4},"end":{"line":35,"column":null}},"5":{"start":{"line":40,"column":4},"end":{"line":40,"column":null}},"6":{"start":{"line":41,"column":4},"end":{"line":41,"column":null}},"7":{"start":{"line":44,"column":4},"end":{"line":50,"column":null}},"8":{"start":{"line":55,"column":4},"end":{"line":59,"column":null}},"9":{"start":{"line":63,"column":4},"end":{"line":107,"column":null}},"10":{"start":{"line":64,"column":6},"end":{"line":105,"column":null}},"11":{"start":{"line":109,"column":4},"end":{"line":109,"column":null}},"12":{"start":{"line":114,"column":38},"end":{"line":149,"column":null}},"13":{"start":{"line":115,"column":28},"end":{"line":115,"column":null}},"14":{"start":{"line":117,"column":2},"end":{"line":117,"column":null}},"15":{"start":{"line":117,"column":20},"end":{"line":117,"column":null}},"16":{"start":{"line":119,"column":2},"end":{"line":147,"column":null}}},"fnMap":{"0":{"name":"(anonymous_0)","decl":{"start":{"line":24,"column":2},"end":{"line":24,"column":14}},"loc":{"start":{"line":24,"column":41},"end":{"line":31,"column":null}},"line":24},"1":{"name":"(anonymous_1)","decl":{"start":{"line":34,"column":9},"end":{"line":34,"column":34}},"loc":{"start":{"line":34,"column":77},"end":{"line":36,"column":null}},"line":34},"2":{"name":"(anonymous_2)","decl":{"start":{"line":39,"column":2},"end":{"line":39,"column":20}},"loc":{"start":{"line":39,"column":62},"end":{"line":51,"column":null}},"line":39},"3":{"name":"(anonymous_3)","decl":{"start":{"line":54,"column":16},"end":{"line":54,"column":22}},"loc":{"start":{"line":54,"column":22},"end":{"line":60,"column":null}},"line":54},"4":{"name":"(anonymous_4)","decl":{"start":{"line":62,"column":2},"end":{"line":62,"column":11}},"loc":{"start":{"line":62,"column":11},"end":{"line":110,"column":null}},"line":62},"5":{"name":"(anonymous_5)","decl":{"start":{"line":114,"column":38},"end":{"line":114,"column":44}},"loc":{"start":{"line":114,"column":44},"end":{"line":149,"column":null}},"line":114}},"branchMap":{"0":{"loc":{"start":{"line":63,"column":4},"end":{"line":107,"column":null}},"type":"if","locations":[{"start":{"line":63,"column":4},"end":{"line":107,"column":null}},{"start":{},"end":{}}],"line":63},"1":{"loc":{"start":{"line":90,"column":13},"end":{"line":96,"column":null}},"type":"binary-expr","locations":[{"start":{"line":90,"column":13},"end":{"line":90,"column":null}},{"start":{"line":91,"column":14},"end":{"line":96,"column":null}}],"line":90},"2":{"loc":{"start":{"line":117,"column":2},"end":{"line":117,"column":null}},"type":"if","locations":[{"start":{"line":117,"column":2},"end":{"line":117,"column":null}},{"start":{},"end":{}}],"line":117},"3":{"loc":{"start":{"line":142,"column":7},"end":{"line":145,"column":null}},"type":"binary-expr","locations":[{"start":{"line":142,"column":7},"end":{"line":142,"column":null}},{"start":{"line":143,"column":8},"end":{"line":145,"column":null}}],"line":142}},"s":{"0":1,"1":1,"2":12,"3":12,"4":12,"5":6,"6":6,"7":6,"8":1,"9":31,"10":18,"11":13,"12":1,"13":0,"14":0,"15":0,"16":0},"f":{"0":12,"1":1,"2":6,"3":1,"4":31,"5":0},"b":{"0":[18,13],"1":[18,6],"2":[0,0],"3":[0,0]},"meta":{"lastBranch":4,"lastFunction":6,"lastStatement":17,"seen":{"s:10:24:10:Infinity":0,"s:54:16:60:Infinity":1,"f:24:2:24:14":0,"s:25:4:25:Infinity":2,"s:26:4:30:Infinity":3,"f:34:9:34:34":1,"s:35:4:35:Infinity":4,"f:39:2:39:20":2,"s:40:4:40:Infinity":5,"s:41:4:41:Infinity":6,"s:44:4:50:Infinity":7,"f:54:16:54:22":3,"s:55:4:59:Infinity":8,"f:62:2:62:11":4,"b:63:4:107:Infinity:undefined:undefined:undefined:undefined":0,"s:63:4:107:Infinity":9,"s:64:6:105:Infinity":10,"b:90:13:90:Infinity:91:14:96:Infinity":1,"s:109:4:109:Infinity":11,"s:114:38:149:Infinity":12,"f:114:38:114:44":5,"s:115:28:115:Infinity":13,"b:117:2:117:Infinity:undefined:undefined:undefined:undefined":2,"s:117:2:117:Infinity":14,"s:117:20:117:Infinity":15,"s:119:2:147:Infinity":16,"b:142:7:142:Infinity:143:8:145:Infinity":3}}}
,"/Users/jackma/Code/ToolsBox/src/components/LanguageSwitcher.tsx": {"path":"/Users/jackma/Code/ToolsBox/src/components/LanguageSwitcher.tsx","statementMap":{"0":{"start":{"line":8,"column":35},"end":{"line":32,"column":null}},"1":{"start":{"line":9,"column":15},"end":{"line":9,"column":null}},"2":{"start":{"line":11,"column":22},"end":{"line":13,"column":null}},"3":{"start":{"line":15,"column":36},"end":{"line":23,"column":null}},"4":{"start":{"line":15,"column":68},"end":{"line":23,"column":4}},"5":{"start":{"line":22,"column":13},"end":{"line":22,"column":null}},"6":{"start":{"line":25,"column":2},"end":{"line":30,"column":null}}},"fnMap":{"0":{"name":"(anonymous_0)","decl":{"start":{"line":8,"column":35},"end":{"line":8,"column":41}},"loc":{"start":{"line":8,"column":41},"end":{"line":32,"column":null}},"line":8},"1":{"name":"(anonymous_1)","decl":{"start":{"line":15,"column":59},"end":{"line":15,"column":68}},"loc":{"start":{"line":15,"column":68},"end":{"line":23,"column":4}},"line":15},"2":{"name":"(anonymous_2)","decl":{"start":{"line":22,"column":13},"end":{"line":22,"column":19}},"loc":{"start":{"line":22,"column":13},"end":{"line":22,"column":null}},"line":22}},"branchMap":{"0":{"loc":{"start":{"line":11,"column":22},"end":{"line":13,"column":null}},"type":"binary-expr","locations":[{"start":{"line":11,"column":22},"end":{"line":11,"column":null}},{"start":{"line":12,"column":7},"end":{"line":12,"column":null}},{"start":{"line":13,"column":7},"end":{"line":13,"column":null}}],"line":11}},"s":{"0":1,"1":7,"2":7,"3":7,"4":28,"5":0,"6":7},"f":{"0":7,"1":28,"2":0},"b":{"0":[7,0,0]},"meta":{"lastBranch":1,"lastFunction":3,"lastStatement":7,"seen":{"s:8:35:32:Infinity":0,"f:8:35:8:41":0,"s:9:15:9:Infinity":1,"s:11:22:13:Infinity":2,"b:11:22:11:Infinity:12:7:12:Infinity:13:7:13:Infinity":0,"s:15:36:23:Infinity":3,"f:15:59:15:68":1,"s:15:68:23:4":4,"f:22:13:22:19":2,"s:22:13:22:Infinity":5,"s:25:2:30:Infinity":6}}}
,"/Users/jackma/Code/ToolsBox/src/components/Layout/MainLayout.tsx": {"path":"/Users/jackma/Code/ToolsBox/src/components/Layout/MainLayout.tsx","statementMap":{"0":{"start":{"line":12,"column":35},"end":{"line":12,"column":null}},"1":{"start":{"line":15,"column":34},"end":{"line":19,"column":null}},"2":{"start":{"line":16,"column":2},"end":{"line":18,"column":null}},"3":{"start":{"line":21,"column":0},"end":{"line":21,"column":null}},"4":{"start":{"line":23,"column":29},"end":{"line":91,"column":null}},"5":{"start":{"line":24,"column":58},"end":{"line":24,"column":null}},"6":{"start":{"line":25,"column":30},"end":{"line":25,"column":null}},"7":{"start":{"line":26,"column":12},"end":{"line":26,"column":null}},"8":{"start":{"line":27,"column":8},"end":{"line":27,"column":null}},"9":{"start":{"line":28,"column":8},"end":{"line":28,"column":null}},"10":{"start":{"line":31,"column":8},"end":{"line":48,"column":null}},"11":{"start":{"line":33,"column":4},"end":{"line":35,"column":null}},"12":{"start":{"line":34,"column":6},"end":{"line":34,"column":null}},"13":{"start":{"line":38,"column":25},"end":{"line":38,"column":null}},"14":{"start":{"line":39,"column":4},"end":{"line":44,"column":null}},"15":{"start":{"line":40,"column":23},"end":{"line":40,"column":null}},"16":{"start":{"line":41,"column":6},"end":{"line":43,"column":null}},"17":{"start":{"line":42,"column":8},"end":{"line":42,"column":null}},"18":{"start":{"line":47,"column":4},"end":{"line":47,"column":null}},"19":{"start":{"line":51,"column":22},"end":{"line":51,"column":null}},"20":{"start":{"line":52,"column":22},"end":{"line":52,"column":null}},"21":{"start":{"line":53,"column":29},"end":{"line":53,"column":null}},"22":{"start":{"line":55,"column":2},"end":{"line":89,"column":null}},"23":{"start":{"line":68,"column":27},"end":{"line":68,"column":null}},"24":{"start":{"line":93,"column":0},"end":{"line":93,"column":null}}},"fnMap":{"0":{"name":"(anonymous_0)","decl":{"start":{"line":15,"column":45},"end":{"line":15,"column":null}},"loc":{"start":{"line":16,"column":2},"end":{"line":18,"column":null}},"line":16},"1":{"name":"(anonymous_1)","decl":{"start":{"line":23,"column":40},"end":{"line":23,"column":46}},"loc":{"start":{"line":23,"column":46},"end":{"line":91,"column":1}},"line":23},"2":{"name":"(anonymous_2)","decl":{"start":{"line":31,"column":34},"end":{"line":31,"column":40}},"loc":{"start":{"line":31,"column":40},"end":{"line":48,"column":5}},"line":31},"3":{"name":"(anonymous_3)","decl":{"start":{"line":68,"column":21},"end":{"line":68,"column":27}},"loc":{"start":{"line":68,"column":27},"end":{"line":68,"column":null}},"line":68}},"branchMap":{"0":{"loc":{"start":{"line":33,"column":4},"end":{"line":35,"column":null}},"type":"if","locations":[{"start":{"line":33,"column":4},"end":{"line":35,"column":null}},{"start":{},"end":{}}],"line":33},"1":{"loc":{"start":{"line":39,"column":4},"end":{"line":44,"column":null}},"type":"if","locations":[{"start":{"line":39,"column":4},"end":{"line":44,"column":null}},{"start":{},"end":{}}],"line":39},"2":{"loc":{"start":{"line":41,"column":6},"end":{"line":43,"column":null}},"type":"if","locations":[{"start":{"line":41,"column":6},"end":{"line":43,"column":null}},{"start":{},"end":{}}],"line":41},"3":{"loc":{"start":{"line":51,"column":46},"end":{"line":51,"column":101}},"type":"cond-expr","locations":[{"start":{"line":51,"column":55},"end":{"line":51,"column":79}},{"start":{"line":51,"column":79},"end":{"line":51,"column":101}}],"line":51},"4":{"loc":{"start":{"line":52,"column":42},"end":{"line":52,"column":101}},"type":"cond-expr","locations":[{"start":{"line":52,"column":51},"end":{"line":52,"column":77}},{"start":{"line":52,"column":77},"end":{"line":52,"column":101}}],"line":52},"5":{"loc":{"start":{"line":53,"column":29},"end":{"line":53,"column":null}},"type":"cond-expr","locations":[{"start":{"line":53,"column":38},"end":{"line":53,"column":65}},{"start":{"line":53,"column":65},"end":{"line":53,"column":null}}],"line":53},"6":{"loc":{"start":{"line":72,"column":36},"end":{"line":72,"column":81}},"type":"cond-expr","locations":[{"start":{"line":72,"column":45},"end":{"line":72,"column":63}},{"start":{"line":72,"column":63},"end":{"line":72,"column":81}}],"line":72},"7":{"loc":{"start":{"line":72,"column":123},"end":{"line":72,"column":180}},"type":"cond-expr","locations":[{"start":{"line":72,"column":132},"end":{"line":72,"column":157}},{"start":{"line":72,"column":157},"end":{"line":72,"column":180}}],"line":72}},"s":{"0":1,"1":1,"2":0,"3":1,"4":1,"5":7,"6":7,"7":7,"8":7,"9":7,"10":7,"11":7,"12":0,"13":7,"14":7,"15":7,"16":7,"17":0,"18":7,"19":7,"20":7,"21":7,"22":7,"23":0,"24":1},"f":{"0":0,"1":7,"2":7,"3":0},"b":{"0":[0,7],"1":[7,0],"2":[0,7],"3":[0,7],"4":[0,7],"5":[0,7],"6":[0,7],"7":[0,7]},"meta":{"lastBranch":8,"lastFunction":4,"lastStatement":25,"seen":{"s:12:35:12:Infinity":0,"s:15:34:19:Infinity":1,"f:15:45:15:Infinity":0,"s:16:2:18:Infinity":2,"s:21:0:21:Infinity":3,"s:23:29:91:Infinity":4,"f:23:40:23:46":1,"s:24:58:24:Infinity":5,"s:25:30:25:Infinity":6,"s:26:12:26:Infinity":7,"s:27:8:27:Infinity":8,"s:28:8:28:Infinity":9,"s:31:8:48:Infinity":10,"f:31:34:31:40":2,"b:33:4:35:Infinity:undefined:undefined:undefined:undefined":0,"s:33:4:35:Infinity":11,"s:34:6:34:Infinity":12,"s:38:25:38:Infinity":13,"b:39:4:44:Infinity:undefined:undefined:undefined:undefined":1,"s:39:4:44:Infinity":14,"s:40:23:40:Infinity":15,"b:41:6:43:Infinity:undefined:undefined:undefined:undefined":2,"s:41:6:43:Infinity":16,"s:42:8:42:Infinity":17,"s:47:4:47:Infinity":18,"s:51:22:51:Infinity":19,"b:51:55:51:79:51:79:51:101":3,"s:52:22:52:Infinity":20,"b:52:51:52:77:52:77:52:101":4,"s:53:29:53:Infinity":21,"b:53:38:53:65:53:65:53:Infinity":5,"s:55:2:89:Infinity":22,"f:68:21:68:27":3,"s:68:27:68:Infinity":23,"b:72:45:72:63:72:63:72:81":6,"b:72:132:72:157:72:157:72:180":7,"s:93:0:93:Infinity":24}}}
,"/Users/jackma/Code/ToolsBox/src/components/Layout/SideMenu.tsx": {"path":"/Users/jackma/Code/ToolsBox/src/components/Layout/SideMenu.tsx","statementMap":{"0":{"start":{"line":15,"column":47},"end":{"line":22,"column":null}},"1":{"start":{"line":25,"column":20},"end":{"line":32,"column":null}},"2":{"start":{"line":34,"column":42},"end":{"line":83,"column":null}},"3":{"start":{"line":35,"column":12},"end":{"line":35,"column":null}},"4":{"start":{"line":36,"column":8},"end":{"line":36,"column":null}},"5":{"start":{"line":37,"column":18},"end":{"line":37,"column":null}},"6":{"start":{"line":40,"column":8},"end":{"line":55,"column":null}},"7":{"start":{"line":41,"column":24},"end":{"line":48,"column":null}},"8":{"start":{"line":42,"column":58},"end":{"line":42,"column":90}},"9":{"start":{"line":43,"column":31},"end":{"line":48,"column":8}},"10":{"start":{"line":50,"column":4},"end":{"line":54,"column":null}},"11":{"start":{"line":51,"column":21},"end":{"line":51,"column":null}},"12":{"start":{"line":52,"column":21},"end":{"line":52,"column":null}},"13":{"start":{"line":53,"column":6},"end":{"line":53,"column":null}},"14":{"start":{"line":58,"column":8},"end":{"line":73,"column":null}},"15":{"start":{"line":59,"column":4},"end":{"line":72,"column":8}},"16":{"start":{"line":60,"column":22},"end":{"line":60,"column":null}},"17":{"start":{"line":61,"column":19},"end":{"line":61,"column":null}},"18":{"start":{"line":62,"column":6},"end":{"line":71,"column":null}},"19":{"start":{"line":69,"column":10},"end":{"line":69,"column":null}},"20":{"start":{"line":75,"column":2},"end":{"line":81,"column":null}},"21":{"start":{"line":85,"column":0},"end":{"line":85,"column":null}}},"fnMap":{"0":{"name":"(anonymous_0)","decl":{"start":{"line":34,"column":53},"end":{"line":34,"column":54}},"loc":{"start":{"line":34,"column":78},"end":{"line":83,"column":1}},"line":34},"1":{"name":"(anonymous_1)","decl":{"start":{"line":40,"column":32},"end":{"line":40,"column":38}},"loc":{"start":{"line":40,"column":38},"end":{"line":55,"column":5}},"line":40},"2":{"name":"(anonymous_2)","decl":{"start":{"line":42,"column":20},"end":{"line":42,"column":21}},"loc":{"start":{"line":42,"column":58},"end":{"line":42,"column":90}},"line":42},"3":{"name":"(anonymous_3)","decl":{"start":{"line":43,"column":24},"end":{"line":43,"column":31}},"loc":{"start":{"line":43,"column":31},"end":{"line":48,"column":8}},"line":43},"4":{"name":"(anonymous_4)","decl":{"start":{"line":50,"column":33},"end":{"line":50,"column":34}},"loc":{"start":{"line":50,"column":43},"end":{"line":54,"column":5}},"line":50},"5":{"name":"(anonymous_5)","decl":{"start":{"line":58,"column":48},"end":{"line":58,"column":null}},"loc":{"start":{"line":59,"column":4},"end":{"line":72,"column":8}},"line":59},"6":{"name":"(anonymous_6)","decl":{"start":{"line":59,"column":22},"end":{"line":59,"column":32}},"loc":{"start":{"line":59,"column":32},"end":{"line":72,"column":5}},"line":59},"7":{"name":"(anonymous_7)","decl":{"start":{"line":67,"column":17},"end":{"line":67,"column":23}},"loc":{"start":{"line":67,"column":23},"end":{"line":70,"column":null}},"line":67}},"branchMap":{"0":{"loc":{"start":{"line":41,"column":24},"end":{"line":48,"column":null}},"type":"cond-expr","locations":[{"start":{"line":42,"column":8},"end":{"line":42,"column":null}},{"start":{"line":43,"column":8},"end":{"line":48,"column":null}}],"line":41},"1":{"loc":{"start":{"line":65,"column":15},"end":{"line":65,"column":null}},"type":"cond-expr","locations":[{"start":{"line":65,"column":25},"end":{"line":65,"column":48}},{"start":{"line":65,"column":48},"end":{"line":65,"column":null}}],"line":65},"2":{"loc":{"start":{"line":66,"column":15},"end":{"line":66,"column":null}},"type":"cond-expr","locations":[{"start":{"line":66,"column":25},"end":{"line":66,"column":55}},{"start":{"line":66,"column":55},"end":{"line":66,"column":null}}],"line":66}},"s":{"0":2,"1":2,"2":2,"3":23,"4":23,"5":23,"6":23,"7":23,"8":0,"9":138,"10":23,"11":115,"12":115,"13":115,"14":23,"15":23,"16":138,"17":138,"18":138,"19":6,"20":23,"21":2},"f":{"0":23,"1":23,"2":0,"3":138,"4":115,"5":23,"6":138,"7":6},"b":{"0":[0,23],"1":[138,0],"2":[138,0]},"meta":{"lastBranch":3,"lastFunction":8,"lastStatement":22,"seen":{"s:15:47:22:Infinity":0,"s:25:20:32:Infinity":1,"s:34:42:83:Infinity":2,"f:34:53:34:54":0,"s:35:12:35:Infinity":3,"s:36:8:36:Infinity":4,"s:37:18:37:Infinity":5,"s:40:8:55:Infinity":6,"f:40:32:40:38":1,"s:41:24:48:Infinity":7,"b:42:8:42:Infinity:43:8:48:Infinity":0,"f:42:20:42:21":2,"s:42:58:42:90":8,"f:43:24:43:31":3,"s:43:31:48:8":9,"s:50:4:54:Infinity":10,"f:50:33:50:34":4,"s:51:21:51:Infinity":11,"s:52:21:52:Infinity":12,"s:53:6:53:Infinity":13,"s:58:8:73:Infinity":14,"f:58:48:58:Infinity":5,"s:59:4:72:8":15,"f:59:22:59:32":6,"s:60:22:60:Infinity":16,"s:61:19:61:Infinity":17,"s:62:6:71:Infinity":18,"b:65:25:65:48:65:48:65:Infinity":1,"b:66:25:66:55:66:55:66:Infinity":2,"f:67:17:67:23":7,"s:69:10:69:Infinity":19,"s:75:2:81:Infinity":20,"s:85:0:85:Infinity":21}}}
,"/Users/jackma/Code/ToolsBox/src/components/styles/ErrorBoundary.module.css": {"path":"/Users/jackma/Code/ToolsBox/src/components/styles/ErrorBoundary.module.css","statementMap":{},"fnMap":{},"branchMap":{},"s":{},"f":{},"b":{},"meta":{"lastBranch":0,"lastFunction":0,"lastStatement":0,"seen":{}}}
,"/Users/jackma/Code/ToolsBox/src/components/styles/MainLayout.module.css": {"path":"/Users/jackma/Code/ToolsBox/src/components/styles/MainLayout.module.css","statementMap":{},"fnMap":{},"branchMap":{},"s":{},"f":{},"b":{},"meta":{"lastBranch":0,"lastFunction":0,"lastStatement":0,"seen":{}}}
,"/Users/jackma/Code/ToolsBox/src/components/styles/SideMenu.module.css": {"path":"/Users/jackma/Code/ToolsBox/src/components/styles/SideMenu.module.css","statementMap":{},"fnMap":{},"branchMap":{},"s":{},"f":{},"b":{},"meta":{"lastBranch":0,"lastFunction":0,"lastStatement":0,"seen":{}}}
,"/Users/jackma/Code/ToolsBox/src/context/ContextEventBus.ts": {"path":"/Users/jackma/Code/ToolsBox/src/context/ContextEventBus.ts","statementMap":{"0":{"start":{"line":28,"column":64},"end":{"line":28,"column":null}},"1":{"start":{"line":37,"column":4},"end":{"line":39,"column":null}},"2":{"start":{"line":38,"column":6},"end":{"line":38,"column":null}},"3":{"start":{"line":40,"column":4},"end":{"line":40,"column":null}},"4":{"start":{"line":43,"column":4},"end":{"line":43,"column":null}},"5":{"start":{"line":43,"column":17},"end":{"line":43,"column":null}},"6":{"start":{"line":52,"column":4},"end":{"line":58,"column":null}},"7":{"start":{"line":53,"column":6},"end":{"line":57,"column":null}},"8":{"start":{"line":54,"column":8},"end":{"line":54,"column":null}},"9":{"start":{"line":56,"column":8},"end":{"line":56,"column":null}},"10":{"start":{"line":67,"column":4},"end":{"line":67,"column":null}},"11":{"start":{"line":74,"column":4},"end":{"line":74,"column":null}},"12":{"start":{"line":82,"column":4},"end":{"line":82,"column":null}},"13":{"start":{"line":89,"column":31},"end":{"line":89,"column":null}},"14":{"start":{"line":94,"column":30},"end":{"line":116,"column":null}}},"fnMap":{"0":{"name":"(anonymous_0)","decl":{"start":{"line":36,"column":2},"end":{"line":36,"column":18}},"loc":{"start":{"line":36,"column":73},"end":{"line":44,"column":null}},"line":36},"1":{"name":"(anonymous_1)","decl":{"start":{"line":43,"column":11},"end":{"line":43,"column":17}},"loc":{"start":{"line":43,"column":17},"end":{"line":43,"column":null}},"line":43},"2":{"name":"(anonymous_2)","decl":{"start":{"line":51,"column":2},"end":{"line":51,"column":20}},"loc":{"start":{"line":51,"column":50},"end":{"line":59,"column":null}},"line":51},"3":{"name":"(anonymous_3)","decl":{"start":{"line":52,"column":39},"end":{"line":52,"column":51}},"loc":{"start":{"line":52,"column":51},"end":{"line":58,"column":5}},"line":52},"4":{"name":"(anonymous_4)","decl":{"start":{"line":66,"column":2},"end":{"line":66,"column":19}},"loc":{"start":{"line":66,"column":68},"end":{"line":68,"column":null}},"line":66},"5":{"name":"(anonymous_5)","decl":{"start":{"line":73,"column":2},"end":{"line":73,"column":16}},"loc":{"start":{"line":73,"column":16},"end":{"line":75,"column":null}},"line":73},"6":{"name":"(anonymous_6)","decl":{"start":{"line":81,"column":2},"end":{"line":81,"column":16}},"loc":{"start":{"line":81,"column":39},"end":{"line":83,"column":null}},"line":81}},"branchMap":{"0":{"loc":{"start":{"line":37,"column":4},"end":{"line":39,"column":null}},"type":"if","locations":[{"start":{"line":37,"column":4},"end":{"line":39,"column":null}},{"start":{},"end":{}}],"line":37},"1":{"loc":{"start":{"line":82,"column":11},"end":{"line":82,"column":null}},"type":"binary-expr","locations":[{"start":{"line":82,"column":11},"end":{"line":82,"column":46}},{"start":{"line":82,"column":46},"end":{"line":82,"column":null}}],"line":82}},"s":{"0":5,"1":144,"2":15,"3":144,"4":144,"5":144,"6":0,"7":0,"8":0,"9":0,"10":144,"11":0,"12":0,"13":5,"14":5},"f":{"0":144,"1":144,"2":0,"3":0,"4":144,"5":0,"6":0},"b":{"0":[15,129],"1":[0,0]},"meta":{"lastBranch":2,"lastFunction":7,"lastStatement":15,"seen":{"s:28:64:28:Infinity":0,"f:36:2:36:18":0,"b:37:4:39:Infinity:undefined:undefined:undefined:undefined":0,"s:37:4:39:Infinity":1,"s:38:6:38:Infinity":2,"s:40:4:40:Infinity":3,"s:43:4:43:Infinity":4,"f:43:11:43:17":1,"s:43:17:43:Infinity":5,"f:51:2:51:20":2,"s:52:4:58:Infinity":6,"f:52:39:52:51":3,"s:53:6:57:Infinity":7,"s:54:8:54:Infinity":8,"s:56:8:56:Infinity":9,"f:66:2:66:19":4,"s:67:4:67:Infinity":10,"f:73:2:73:16":5,"s:74:4:74:Infinity":11,"f:81:2:81:16":6,"s:82:4:82:Infinity":12,"b:82:11:82:46:82:46:82:Infinity":1,"s:89:31:89:Infinity":13,"s:94:30:116:Infinity":14}}}
,"/Users/jackma/Code/ToolsBox/src/context/EncodingContext.tsx": {"path":"/Users/jackma/Code/ToolsBox/src/context/EncodingContext.tsx","statementMap":{"0":{"start":{"line":13,"column":25},"end":{"line":25,"column":null}},"1":{"start":{"line":14,"column":21},"end":{"line":14,"column":null}},"2":{"start":{"line":15,"column":22},"end":{"line":15,"column":null}},"3":{"start":{"line":16,"column":20},"end":{"line":16,"column":null}},"4":{"start":{"line":17,"column":25},"end":{"line":17,"column":null}},"5":{"start":{"line":19,"column":2},"end":{"line":24,"column":null}},"6":{"start":{"line":28,"column":24},"end":{"line":41,"column":null}},"7":{"start":{"line":29,"column":2},"end":{"line":40,"column":null}},"8":{"start":{"line":31,"column":6},"end":{"line":31,"column":null}},"9":{"start":{"line":33,"column":6},"end":{"line":33,"column":null}},"10":{"start":{"line":35,"column":6},"end":{"line":35,"column":null}},"11":{"start":{"line":37,"column":6},"end":{"line":37,"column":null}},"12":{"start":{"line":39,"column":6},"end":{"line":39,"column":null}},"13":{"start":{"line":48,"column":65},"end":{"line":92,"column":null}},"14":{"start":{"line":49,"column":24},"end":{"line":49,"column":null}},"15":{"start":{"line":52,"column":2},"end":{"line":60,"column":null}},"16":{"start":{"line":63,"column":8},"end":{"line":65,"column":null}},"17":{"start":{"line":64,"column":4},"end":{"line":64,"column":null}},"18":{"start":{"line":67,"column":8},"end":{"line":69,"column":null}},"19":{"start":{"line":68,"column":4},"end":{"line":68,"column":null}},"20":{"start":{"line":71,"column":8},"end":{"line":73,"column":null}},"21":{"start":{"line":72,"column":4},"end":{"line":72,"column":null}},"22":{"start":{"line":75,"column":8},"end":{"line":77,"column":null}},"23":{"start":{"line":76,"column":4},"end":{"line":76,"column":null}},"24":{"start":{"line":79,"column":8},"end":{"line":89,"column":null}},"25":{"start":{"line":80,"column":11},"end":{"line":87,"column":null}},"26":{"start":{"line":91,"column":2},"end":{"line":91,"column":null}}},"fnMap":{"0":{"name":"(anonymous_0)","decl":{"start":{"line":13,"column":25},"end":{"line":13,"column":46}},"loc":{"start":{"line":13,"column":46},"end":{"line":25,"column":null}},"line":13},"1":{"name":"(anonymous_1)","decl":{"start":{"line":28,"column":24},"end":{"line":28,"column":25}},"loc":{"start":{"line":28,"column":89},"end":{"line":41,"column":null}},"line":28},"2":{"name":"(anonymous_2)","decl":{"start":{"line":48,"column":65},"end":{"line":48,"column":66}},"loc":{"start":{"line":48,"column":83},"end":{"line":92,"column":null}},"line":48},"3":{"name":"(anonymous_3)","decl":{"start":{"line":63,"column":31},"end":{"line":63,"column":32}},"loc":{"start":{"line":63,"column":50},"end":{"line":65,"column":5}},"line":63},"4":{"name":"(anonymous_4)","decl":{"start":{"line":67,"column":32},"end":{"line":67,"column":33}},"loc":{"start":{"line":67,"column":52},"end":{"line":69,"column":5}},"line":67},"5":{"name":"(anonymous_5)","decl":{"start":{"line":71,"column":30},"end":{"line":71,"column":31}},"loc":{"start":{"line":71,"column":53},"end":{"line":73,"column":5}},"line":71},"6":{"name":"(anonymous_6)","decl":{"start":{"line":75,"column":35},"end":{"line":75,"column":36}},"loc":{"start":{"line":75,"column":65},"end":{"line":77,"column":5}},"line":75},"7":{"name":"(anonymous_7)","decl":{"start":{"line":80,"column":4},"end":{"line":80,"column":11}},"loc":{"start":{"line":80,"column":11},"end":{"line":87,"column":null}},"line":80}},"branchMap":{"0":{"loc":{"start":{"line":20,"column":18},"end":{"line":20,"column":null}},"type":"binary-expr","locations":[{"start":{"line":20,"column":18},"end":{"line":20,"column":32}},{"start":{"line":20,"column":32},"end":{"line":20,"column":null}}],"line":20},"1":{"loc":{"start":{"line":21,"column":19},"end":{"line":21,"column":null}},"type":"binary-expr","locations":[{"start":{"line":21,"column":19},"end":{"line":21,"column":34}},{"start":{"line":21,"column":34},"end":{"line":21,"column":null}}],"line":21},"2":{"loc":{"start":{"line":22,"column":17},"end":{"line":22,"column":null}},"type":"binary-expr","locations":[{"start":{"line":22,"column":17},"end":{"line":22,"column":30}},{"start":{"line":22,"column":30},"end":{"line":22,"column":null}}],"line":22},"3":{"loc":{"start":{"line":23,"column":22},"end":{"line":23,"column":null}},"type":"binary-expr","locations":[{"start":{"line":23,"column":22},"end":{"line":23,"column":40}},{"start":{"line":23,"column":40},"end":{"line":23,"column":null}}],"line":23},"4":{"loc":{"start":{"line":29,"column":2},"end":{"line":40,"column":null}},"type":"switch","locations":[{"start":{"line":30,"column":4},"end":{"line":31,"column":null}},{"start":{"line":32,"column":4},"end":{"line":33,"column":null}},{"start":{"line":34,"column":4},"end":{"line":35,"column":null}},{"start":{"line":36,"column":4},"end":{"line":37,"column":null}},{"start":{"line":38,"column":4},"end":{"line":39,"column":null}}],"line":29}},"s":{"0":6,"1":151,"2":151,"3":151,"4":151,"5":151,"6":6,"7":80,"8":39,"9":38,"10":1,"11":2,"12":0,"13":6,"14":152,"15":152,"16":152,"17":0,"18":152,"19":0,"20":152,"21":0,"22":152,"23":0,"24":152,"25":151,"26":152},"f":{"0":151,"1":80,"2":152,"3":0,"4":0,"5":0,"6":0,"7":151},"b":{"0":[151,151],"1":[151,151],"2":[151,151],"3":[151,151],"4":[39,38,1,2,0]},"meta":{"lastBranch":5,"lastFunction":8,"lastStatement":27,"seen":{"s:13:25:25:Infinity":0,"f:13:25:13:46":0,"s:14:21:14:Infinity":1,"s:15:22:15:Infinity":2,"s:16:20:16:Infinity":3,"s:17:25:17:Infinity":4,"s:19:2:24:Infinity":5,"b:20:18:20:32:20:32:20:Infinity":0,"b:21:19:21:34:21:34:21:Infinity":1,"b:22:17:22:30:22:30:22:Infinity":2,"b:23:22:23:40:23:40:23:Infinity":3,"s:28:24:41:Infinity":6,"f:28:24:28:25":1,"b:30:4:31:Infinity:32:4:33:Infinity:34:4:35:Infinity:36:4:37:Infinity:38:4:39:Infinity":4,"s:29:2:40:Infinity":7,"s:31:6:31:Infinity":8,"s:33:6:33:Infinity":9,"s:35:6:35:Infinity":10,"s:37:6:37:Infinity":11,"s:39:6:39:Infinity":12,"s:48:65:92:Infinity":13,"f:48:65:48:66":2,"s:49:24:49:Infinity":14,"s:52:2:60:Infinity":15,"s:63:8:65:Infinity":16,"f:63:31:63:32":3,"s:64:4:64:Infinity":17,"s:67:8:69:Infinity":18,"f:67:32:67:33":4,"s:68:4:68:Infinity":19,"s:71:8:73:Infinity":20,"f:71:30:71:31":5,"s:72:4:72:Infinity":21,"s:75:8:77:Infinity":22,"f:75:35:75:36":6,"s:76:4:76:Infinity":23,"s:79:8:89:Infinity":24,"f:80:4:80:11":7,"s:80:11:87:Infinity":25,"s:91:2:91:Infinity":26}}}
,"/Users/jackma/Code/ToolsBox/src/context/ErrorContext.tsx": {"path":"/Users/jackma/Code/ToolsBox/src/context/ErrorContext.tsx","statementMap":{"0":{"start":{"line":12,"column":21},"end":{"line":21,"column":null}},"1":{"start":{"line":13,"column":2},"end":{"line":20,"column":null}},"2":{"start":{"line":15,"column":6},"end":{"line":15,"column":null}},"3":{"start":{"line":17,"column":6},"end":{"line":17,"column":null}},"4":{"start":{"line":19,"column":6},"end":{"line":19,"column":null}},"5":{"start":{"line":28,"column":59},"end":{"line":108,"column":null}},"6":{"start":{"line":29,"column":24},"end":{"line":29,"column":null}},"7":{"start":{"line":32,"column":8},"end":{"line":48,"column":null}},"8":{"start":{"line":33,"column":4},"end":{"line":36,"column":null}},"9":{"start":{"line":39,"column":43},"end":{"line":46,"column":null}},"10":{"start":{"line":47,"column":4},"end":{"line":47,"column":null}},"11":{"start":{"line":50,"column":8},"end":{"line":55,"column":null}},"12":{"start":{"line":51,"column":4},"end":{"line":51,"column":null}},"13":{"start":{"line":54,"column":4},"end":{"line":54,"column":null}},"14":{"start":{"line":58,"column":2},"end":{"line":95,"column":null}},"15":{"start":{"line":59,"column":44},"end":{"line":59,"column":null}},"16":{"start":{"line":62,"column":4},"end":{"line":69,"column":null}},"17":{"start":{"line":64,"column":8},"end":{"line":67,"column":null}},"18":{"start":{"line":72,"column":4},"end":{"line":79,"column":null}},"19":{"start":{"line":74,"column":8},"end":{"line":77,"column":null}},"20":{"start":{"line":82,"column":4},"end":{"line":89,"column":null}},"21":{"start":{"line":84,"column":8},"end":{"line":87,"column":null}},"22":{"start":{"line":92,"column":4},"end":{"line":94,"column":null}},"23":{"start":{"line":93,"column":6},"end":{"line":93,"column":null}},"24":{"start":{"line":93,"column":42},"end":{"line":93,"column":55}},"25":{"start":{"line":97,"column":8},"end":{"line":105,"column":null}},"26":{"start":{"line":98,"column":11},"end":{"line":103,"column":null}},"27":{"start":{"line":107,"column":2},"end":{"line":107,"column":null}}},"fnMap":{"0":{"name":"(anonymous_0)","decl":{"start":{"line":12,"column":21},"end":{"line":12,"column":22}},"loc":{"start":{"line":12,"column":77},"end":{"line":21,"column":null}},"line":12},"1":{"name":"(anonymous_1)","decl":{"start":{"line":28,"column":59},"end":{"line":28,"column":60}},"loc":{"start":{"line":28,"column":77},"end":{"line":108,"column":null}},"line":28},"2":{"name":"(anonymous_2)","decl":{"start":{"line":32,"column":31},"end":{"line":32,"column":32}},"loc":{"start":{"line":32,"column":82},"end":{"line":48,"column":5}},"line":32},"3":{"name":"(anonymous_3)","decl":{"start":{"line":50,"column":33},"end":{"line":50,"column":39}},"loc":{"start":{"line":50,"column":39},"end":{"line":55,"column":5}},"line":50},"4":{"name":"(anonymous_4)","decl":{"start":{"line":58,"column":12},"end":{"line":58,"column":18}},"loc":{"start":{"line":58,"column":18},"end":{"line":95,"column":5}},"line":58},"5":{"name":"(anonymous_5)","decl":{"start":{"line":63,"column":76},"end":{"line":63,"column":77}},"loc":{"start":{"line":63,"column":86},"end":{"line":68,"column":7}},"line":63},"6":{"name":"(anonymous_6)","decl":{"start":{"line":73,"column":72},"end":{"line":73,"column":73}},"loc":{"start":{"line":73,"column":82},"end":{"line":78,"column":7}},"line":73},"7":{"name":"(anonymous_7)","decl":{"start":{"line":83,"column":72},"end":{"line":83,"column":73}},"loc":{"start":{"line":83,"column":82},"end":{"line":88,"column":7}},"line":83},"8":{"name":"(anonymous_8)","decl":{"start":{"line":92,"column":11},"end":{"line":92,"column":17}},"loc":{"start":{"line":92,"column":17},"end":{"line":94,"column":null}},"line":92},"9":{"name":"(anonymous_9)","decl":{"start":{"line":93,"column":27},"end":{"line":93,"column":42}},"loc":{"start":{"line":93,"column":42},"end":{"line":93,"column":55}},"line":93},"10":{"name":"(anonymous_10)","decl":{"start":{"line":98,"column":4},"end":{"line":98,"column":11}},"loc":{"start":{"line":98,"column":11},"end":{"line":103,"column":null}},"line":98}},"branchMap":{"0":{"loc":{"start":{"line":13,"column":2},"end":{"line":20,"column":null}},"type":"switch","locations":[{"start":{"line":14,"column":4},"end":{"line":15,"column":null}},{"start":{"line":16,"column":4},"end":{"line":17,"column":null}},{"start":{"line":18,"column":4},"end":{"line":19,"column":null}}],"line":13},"1":{"loc":{"start":{"line":42,"column":14},"end":{"line":44,"column":null}},"type":"cond-expr","locations":[{"start":{"line":42,"column":42},"end":{"line":42,"column":null}},{"start":{"line":43,"column":14},"end":{"line":44,"column":null}}],"line":42},"2":{"loc":{"start":{"line":43,"column":14},"end":{"line":44,"column":null}},"type":"cond-expr","locations":[{"start":{"line":43,"column":40},"end":{"line":43,"column":null}},{"start":{"line":44,"column":14},"end":{"line":44,"column":null}}],"line":43},"3":{"loc":{"start":{"line":44,"column":14},"end":{"line":44,"column":null}},"type":"cond-expr","locations":[{"start":{"line":44,"column":40},"end":{"line":44,"column":51}},{"start":{"line":44,"column":51},"end":{"line":44,"column":null}}],"line":44}},"s":{"0":5,"1":0,"2":0,"3":0,"4":0,"5":5,"6":54,"7":54,"8":0,"9":0,"10":0,"11":54,"12":0,"13":0,"14":54,"15":48,"16":48,"17":0,"18":48,"19":0,"20":48,"21":0,"22":48,"23":48,"24":144,"25":54,"26":53,"27":54},"f":{"0":0,"1":54,"2":0,"3":0,"4":48,"5":0,"6":0,"7":0,"8":48,"9":144,"10":53},"b":{"0":[0,0,0],"1":[0,0],"2":[0,0],"3":[0,0]},"meta":{"lastBranch":4,"lastFunction":11,"lastStatement":28,"seen":{"s:12:21:21:Infinity":0,"f:12:21:12:22":0,"b:14:4:15:Infinity:16:4:17:Infinity:18:4:19:Infinity":0,"s:13:2:20:Infinity":1,"s:15:6:15:Infinity":2,"s:17:6:17:Infinity":3,"s:19:6:19:Infinity":4,"s:28:59:108:Infinity":5,"f:28:59:28:60":1,"s:29:24:29:Infinity":6,"s:32:8:48:Infinity":7,"f:32:31:32:32":2,"s:33:4:36:Infinity":8,"s:39:43:46:Infinity":9,"b:42:42:42:Infinity:43:14:44:Infinity":1,"b:43:40:43:Infinity:44:14:44:Infinity":2,"b:44:40:44:51:44:51:44:Infinity":3,"s:47:4:47:Infinity":10,"s:50:8:55:Infinity":11,"f:50:33:50:39":3,"s:51:4:51:Infinity":12,"s:54:4:54:Infinity":13,"s:58:2:95:Infinity":14,"f:58:12:58:18":4,"s:59:44:59:Infinity":15,"s:62:4:69:Infinity":16,"f:63:76:63:77":5,"s:64:8:67:Infinity":17,"s:72:4:79:Infinity":18,"f:73:72:73:73":6,"s:74:8:77:Infinity":19,"s:82:4:89:Infinity":20,"f:83:72:83:73":7,"s:84:8:87:Infinity":21,"s:92:4:94:Infinity":22,"f:92:11:92:17":8,"s:93:6:93:Infinity":23,"f:93:27:93:42":9,"s:93:42:93:55":24,"s:97:8:105:Infinity":25,"f:98:4:98:11":10,"s:98:11:103:Infinity":26,"s:107:2:107:Infinity":27}}}
,"/Users/jackma/Code/ToolsBox/src/context/PluginContext.tsx": {"path":"/Users/jackma/Code/ToolsBox/src/context/PluginContext.tsx","statementMap":{"0":{"start":{"line":15,"column":22},"end":{"line":24,"column":null}},"1":{"start":{"line":16,"column":2},"end":{"line":23,"column":null}},"2":{"start":{"line":18,"column":6},"end":{"line":18,"column":null}},"3":{"start":{"line":20,"column":6},"end":{"line":20,"column":null}},"4":{"start":{"line":22,"column":6},"end":{"line":22,"column":null}},"5":{"start":{"line":32,"column":61},"end":{"line":137,"column":null}},"6":{"start":{"line":36,"column":24},"end":{"line":36,"column":null}},"7":{"start":{"line":37,"column":18},"end":{"line":37,"column":null}},"8":{"start":{"line":40,"column":2},"end":{"line":101,"column":null}},"9":{"start":{"line":42,"column":30},"end":{"line":89,"column":null}},"10":{"start":{"line":43,"column":6},"end":{"line":43,"column":null}},"11":{"start":{"line":46,"column":6},"end":{"line":82,"column":null}},"12":{"start":{"line":48,"column":10},"end":{"line":51,"column":null}},"13":{"start":{"line":52,"column":10},"end":{"line":52,"column":null}},"14":{"start":{"line":54,"column":10},"end":{"line":56,"column":null}},"15":{"start":{"line":57,"column":10},"end":{"line":57,"column":null}},"16":{"start":{"line":59,"column":10},"end":{"line":61,"column":null}},"17":{"start":{"line":62,"column":10},"end":{"line":62,"column":null}},"18":{"start":{"line":65,"column":47},"end":{"line":69,"column":null}},"19":{"start":{"line":70,"column":10},"end":{"line":70,"column":null}},"20":{"start":{"line":71,"column":10},"end":{"line":71,"column":null}},"21":{"start":{"line":75,"column":10},"end":{"line":78,"column":null}},"22":{"start":{"line":79,"column":10},"end":{"line":79,"column":null}},"23":{"start":{"line":81,"column":10},"end":{"line":81,"column":null}},"24":{"start":{"line":85,"column":6},"end":{"line":88,"column":null}},"25":{"start":{"line":92,"column":4},"end":{"line":92,"column":null}},"26":{"start":{"line":95,"column":4},"end":{"line":95,"column":null}},"27":{"start":{"line":98,"column":4},"end":{"line":100,"column":null}},"28":{"start":{"line":99,"column":6},"end":{"line":99,"column":null}},"29":{"start":{"line":104,"column":8},"end":{"line":106,"column":null}},"30":{"start":{"line":105,"column":4},"end":{"line":105,"column":null}},"31":{"start":{"line":109,"column":8},"end":{"line":111,"column":null}},"32":{"start":{"line":110,"column":4},"end":{"line":110,"column":null}},"33":{"start":{"line":114,"column":8},"end":{"line":116,"column":null}},"34":{"start":{"line":115,"column":4},"end":{"line":115,"column":null}},"35":{"start":{"line":119,"column":8},"end":{"line":121,"column":null}},"36":{"start":{"line":120,"column":4},"end":{"line":120,"column":null}},"37":{"start":{"line":123,"column":8},"end":{"line":134,"column":null}},"38":{"start":{"line":124,"column":11},"end":{"line":132,"column":null}},"39":{"start":{"line":136,"column":2},"end":{"line":136,"column":null}}},"fnMap":{"0":{"name":"(anonymous_0)","decl":{"start":{"line":15,"column":22},"end":{"line":15,"column":23}},"loc":{"start":{"line":15,"column":81},"end":{"line":24,"column":null}},"line":15},"1":{"name":"(anonymous_1)","decl":{"start":{"line":32,"column":61},"end":{"line":32,"column":62}},"loc":{"start":{"line":35,"column":6},"end":{"line":137,"column":null}},"line":35},"2":{"name":"(anonymous_2)","decl":{"start":{"line":40,"column":12},"end":{"line":40,"column":18}},"loc":{"start":{"line":40,"column":18},"end":{"line":101,"column":5}},"line":40},"3":{"name":"(anonymous_3)","decl":{"start":{"line":42,"column":30},"end":{"line":42,"column":31}},"loc":{"start":{"line":42,"column":54},"end":{"line":89,"column":null}},"line":42},"4":{"name":"(anonymous_4)","decl":{"start":{"line":98,"column":11},"end":{"line":98,"column":17}},"loc":{"start":{"line":98,"column":17},"end":{"line":100,"column":null}},"line":98},"5":{"name":"(anonymous_5)","decl":{"start":{"line":104,"column":33},"end":{"line":104,"column":40}},"loc":{"start":{"line":104,"column":71},"end":{"line":106,"column":5}},"line":104},"6":{"name":"(anonymous_6)","decl":{"start":{"line":109,"column":35},"end":{"line":109,"column":42}},"loc":{"start":{"line":109,"column":63},"end":{"line":111,"column":5}},"line":109},"7":{"name":"(anonymous_7)","decl":{"start":{"line":114,"column":36},"end":{"line":114,"column":43}},"loc":{"start":{"line":114,"column":64},"end":{"line":116,"column":5}},"line":114},"8":{"name":"(anonymous_8)","decl":{"start":{"line":119,"column":35},"end":{"line":119,"column":42}},"loc":{"start":{"line":119,"column":63},"end":{"line":121,"column":5}},"line":119},"9":{"name":"(anonymous_9)","decl":{"start":{"line":124,"column":4},"end":{"line":124,"column":11}},"loc":{"start":{"line":124,"column":11},"end":{"line":132,"column":null}},"line":124}},"branchMap":{"0":{"loc":{"start":{"line":16,"column":2},"end":{"line":23,"column":null}},"type":"switch","locations":[{"start":{"line":17,"column":4},"end":{"line":18,"column":null}},{"start":{"line":19,"column":4},"end":{"line":20,"column":null}},{"start":{"line":21,"column":4},"end":{"line":22,"column":null}}],"line":16},"1":{"loc":{"start":{"line":34,"column":17},"end":{"line":34,"column":null}},"type":"default-arg","locations":[{"start":{"line":34,"column":41},"end":{"line":34,"column":null}}],"line":34},"2":{"loc":{"start":{"line":46,"column":6},"end":{"line":82,"column":null}},"type":"switch","locations":[{"start":{"line":47,"column":8},"end":{"line":52,"column":null}},{"start":{"line":53,"column":8},"end":{"line":57,"column":null}},{"start":{"line":58,"column":8},"end":{"line":62,"column":null}},{"start":{"line":63,"column":8},"end":{"line":72,"column":null}},{"start":{"line":73,"column":8},"end":{"line":79,"column":null}},{"start":{"line":80,"column":8},"end":{"line":81,"column":null}}],"line":46},"3":{"loc":{"start":{"line":49,"column":22},"end":{"line":49,"column":null}},"type":"binary-expr","locations":[{"start":{"line":49,"column":22},"end":{"line":49,"column":42}},{"start":{"line":49,"column":42},"end":{"line":49,"column":null}}],"line":49},"4":{"loc":{"start":{"line":55,"column":22},"end":{"line":55,"column":null}},"type":"binary-expr","locations":[{"start":{"line":55,"column":22},"end":{"line":55,"column":42}},{"start":{"line":55,"column":42},"end":{"line":55,"column":null}}],"line":55},"5":{"loc":{"start":{"line":60,"column":22},"end":{"line":60,"column":null}},"type":"binary-expr","locations":[{"start":{"line":60,"column":22},"end":{"line":60,"column":42}},{"start":{"line":60,"column":42},"end":{"line":60,"column":null}}],"line":60},"6":{"loc":{"start":{"line":66,"column":22},"end":{"line":66,"column":null}},"type":"binary-expr","locations":[{"start":{"line":66,"column":22},"end":{"line":66,"column":42}},{"start":{"line":66,"column":42},"end":{"line":66,"column":null}}],"line":66},"7":{"loc":{"start":{"line":67,"column":21},"end":{"line":67,"column":null}},"type":"binary-expr","locations":[{"start":{"line":67,"column":21},"end":{"line":67,"column":36}},{"start":{"line":67,"column":36},"end":{"line":67,"column":null}}],"line":67},"8":{"loc":{"start":{"line":68,"column":19},"end":{"line":68,"column":null}},"type":"cond-expr","locations":[{"start":{"line":68,"column":33},"end":{"line":68,"column":58}},{"start":{"line":68,"column":58},"end":{"line":68,"column":null}}],"line":68}},"s":{"0":5,"1":48,"2":48,"3":0,"4":0,"5":5,"6":102,"7":102,"8":102,"9":48,"10":0,"11":0,"12":0,"13":0,"14":0,"15":0,"16":0,"17":0,"18":0,"19":0,"20":0,"21":0,"22":0,"23":0,"24":0,"25":48,"26":48,"27":48,"28":48,"29":102,"30":0,"31":102,"32":0,"33":102,"34":0,"35":102,"36":0,"37":102,"38":101,"39":102},"f":{"0":48,"1":102,"2":48,"3":0,"4":48,"5":0,"6":0,"7":0,"8":0,"9":101},"b":{"0":[48,0,0],"1":[102],"2":[0,0,0,0,0,0],"3":[0,0],"4":[0,0],"5":[0,0],"6":[0,0],"7":[0,0],"8":[0,0]},"meta":{"lastBranch":9,"lastFunction":10,"lastStatement":40,"seen":{"s:15:22:24:Infinity":0,"f:15:22:15:23":0,"b:17:4:18:Infinity:19:4:20:Infinity:21:4:22:Infinity":0,"s:16:2:23:Infinity":1,"s:18:6:18:Infinity":2,"s:20:6:20:Infinity":3,"s:22:6:22:Infinity":4,"s:32:61:137:Infinity":5,"f:32:61:32:62":1,"b:34:41:34:Infinity":1,"s:36:24:36:Infinity":6,"s:37:18:37:Infinity":7,"s:40:2:101:Infinity":8,"f:40:12:40:18":2,"s:42:30:89:Infinity":9,"f:42:30:42:31":3,"s:43:6:43:Infinity":10,"b:47:8:52:Infinity:53:8:57:Infinity:58:8:62:Infinity:63:8:72:Infinity:73:8:79:Infinity:80:8:81:Infinity":2,"s:46:6:82:Infinity":11,"s:48:10:51:Infinity":12,"b:49:22:49:42:49:42:49:Infinity":3,"s:52:10:52:Infinity":13,"s:54:10:56:Infinity":14,"b:55:22:55:42:55:42:55:Infinity":4,"s:57:10:57:Infinity":15,"s:59:10:61:Infinity":16,"b:60:22:60:42:60:42:60:Infinity":5,"s:62:10:62:Infinity":17,"s:65:47:69:Infinity":18,"b:66:22:66:42:66:42:66:Infinity":6,"b:67:21:67:36:67:36:67:Infinity":7,"b:68:33:68:58:68:58:68:Infinity":8,"s:70:10:70:Infinity":19,"s:71:10:71:Infinity":20,"s:75:10:78:Infinity":21,"s:79:10:79:Infinity":22,"s:81:10:81:Infinity":23,"s:85:6:88:Infinity":24,"s:92:4:92:Infinity":25,"s:95:4:95:Infinity":26,"s:98:4:100:Infinity":27,"f:98:11:98:17":4,"s:99:6:99:Infinity":28,"s:104:8:106:Infinity":29,"f:104:33:104:40":5,"s:105:4:105:Infinity":30,"s:109:8:111:Infinity":31,"f:109:35:109:42":6,"s:110:4:110:Infinity":32,"s:114:8:116:Infinity":33,"f:114:36:114:43":7,"s:115:4:115:Infinity":34,"s:119:8:121:Infinity":35,"f:119:35:119:42":8,"s:120:4:120:Infinity":36,"s:123:8:134:Infinity":37,"f:124:4:124:11":9,"s:124:11:132:Infinity":38,"s:136:2:136:Infinity":39}}}
,"/Users/jackma/Code/ToolsBox/src/context/ThemeContext.tsx": {"path":"/Users/jackma/Code/ToolsBox/src/context/ThemeContext.tsx","statementMap":{"0":{"start":{"line":13,"column":64},"end":{"line":64,"column":null}},"1":{"start":{"line":14,"column":29},"end":{"line":17,"column":null}},"2":{"start":{"line":15,"column":18},"end":{"line":15,"column":null}},"3":{"start":{"line":16,"column":4},"end":{"line":16,"column":null}},"4":{"start":{"line":20,"column":8},"end":{"line":20,"column":null}},"5":{"start":{"line":20,"column":25},"end":{"line":20,"column":53}},"6":{"start":{"line":21,"column":8},"end":{"line":21,"column":null}},"7":{"start":{"line":21,"column":54},"end":{"line":21,"column":82}},"8":{"start":{"line":24,"column":2},"end":{"line":27,"column":null}},"9":{"start":{"line":25,"column":4},"end":{"line":25,"column":null}},"10":{"start":{"line":26,"column":4},"end":{"line":26,"column":null}},"11":{"start":{"line":30,"column":2},"end":{"line":39,"column":null}},"12":{"start":{"line":31,"column":23},"end":{"line":31,"column":null}},"13":{"start":{"line":32,"column":25},"end":{"line":36,"column":null}},"14":{"start":{"line":33,"column":6},"end":{"line":35,"column":null}},"15":{"start":{"line":34,"column":8},"end":{"line":34,"column":null}},"16":{"start":{"line":37,"column":4},"end":{"line":37,"column":null}},"17":{"start":{"line":38,"column":4},"end":{"line":38,"column":null}},"18":{"start":{"line":38,"column":17},"end":{"line":38,"column":null}},"19":{"start":{"line":41,"column":8},"end":{"line":44,"column":null}},"20":{"start":{"line":42,"column":4},"end":{"line":42,"column":null}},"21":{"start":{"line":42,"column":33},"end":{"line":42,"column":null}},"22":{"start":{"line":43,"column":4},"end":{"line":43,"column":null}},"23":{"start":{"line":46,"column":8},"end":{"line":52,"column":null}},"24":{"start":{"line":47,"column":4},"end":{"line":51,"column":null}},"25":{"start":{"line":48,"column":6},"end":{"line":48,"column":null}},"26":{"start":{"line":48,"column":28},"end":{"line":48,"column":null}},"27":{"start":{"line":49,"column":6},"end":{"line":49,"column":null}},"28":{"start":{"line":49,"column":27},"end":{"line":49,"column":null}},"29":{"start":{"line":50,"column":6},"end":{"line":50,"column":null}},"30":{"start":{"line":54,"column":8},"end":{"line":57,"column":null}},"31":{"start":{"line":55,"column":11},"end":{"line":55,"column":null}},"32":{"start":{"line":59,"column":2},"end":{"line":62,"column":null}}},"fnMap":{"0":{"name":"(anonymous_0)","decl":{"start":{"line":13,"column":64},"end":{"line":13,"column":65}},"loc":{"start":{"line":13,"column":82},"end":{"line":64,"column":null}},"line":13},"1":{"name":"(anonymous_1)","decl":{"start":{"line":14,"column":53},"end":{"line":14,"column":59}},"loc":{"start":{"line":14,"column":59},"end":{"line":17,"column":3}},"line":14},"2":{"name":"(anonymous_2)","decl":{"start":{"line":20,"column":25},"end":{"line":20,"column":31}},"loc":{"start":{"line":20,"column":25},"end":{"line":20,"column":53}},"line":20},"3":{"name":"(anonymous_3)","decl":{"start":{"line":21,"column":47},"end":{"line":21,"column":54}},"loc":{"start":{"line":21,"column":54},"end":{"line":21,"column":82}},"line":21},"4":{"name":"(anonymous_4)","decl":{"start":{"line":24,"column":12},"end":{"line":24,"column":18}},"loc":{"start":{"line":24,"column":18},"end":{"line":27,"column":5}},"line":24},"5":{"name":"(anonymous_5)","decl":{"start":{"line":30,"column":12},"end":{"line":30,"column":18}},"loc":{"start":{"line":30,"column":18},"end":{"line":39,"column":5}},"line":30},"6":{"name":"(anonymous_6)","decl":{"start":{"line":32,"column":25},"end":{"line":32,"column":31}},"loc":{"start":{"line":32,"column":31},"end":{"line":36,"column":null}},"line":32},"7":{"name":"(anonymous_7)","decl":{"start":{"line":38,"column":11},"end":{"line":38,"column":17}},"loc":{"start":{"line":38,"column":17},"end":{"line":38,"column":null}},"line":38},"8":{"name":"(anonymous_8)","decl":{"start":{"line":41,"column":31},"end":{"line":41,"column":32}},"loc":{"start":{"line":41,"column":56},"end":{"line":44,"column":5}},"line":41},"9":{"name":"(anonymous_9)","decl":{"start":{"line":46,"column":34},"end":{"line":46,"column":40}},"loc":{"start":{"line":46,"column":40},"end":{"line":52,"column":5}},"line":46},"10":{"name":"(anonymous_10)","decl":{"start":{"line":47,"column":18},"end":{"line":47,"column":19}},"loc":{"start":{"line":47,"column":28},"end":{"line":51,"column":5}},"line":47},"11":{"name":"(anonymous_11)","decl":{"start":{"line":55,"column":4},"end":{"line":55,"column":11}},"loc":{"start":{"line":55,"column":11},"end":{"line":55,"column":null}},"line":55}},"branchMap":{"0":{"loc":{"start":{"line":16,"column":11},"end":{"line":16,"column":null}},"type":"cond-expr","locations":[{"start":{"line":16,"column":42},"end":{"line":16,"column":50}},{"start":{"line":16,"column":50},"end":{"line":16,"column":null}}],"line":16},"1":{"loc":{"start":{"line":16,"column":11},"end":{"line":16,"column":42}},"type":"binary-expr","locations":[{"start":{"line":16,"column":11},"end":{"line":16,"column":20}},{"start":{"line":16,"column":11},"end":{"line":16,"column":42}}],"line":16},"2":{"loc":{"start":{"line":21,"column":54},"end":{"line":21,"column":82}},"type":"cond-expr","locations":[{"start":{"line":21,"column":63},"end":{"line":21,"column":72}},{"start":{"line":21,"column":72},"end":{"line":21,"column":82}}],"line":21},"3":{"loc":{"start":{"line":33,"column":6},"end":{"line":35,"column":null}},"type":"if","locations":[{"start":{"line":33,"column":6},"end":{"line":35,"column":null}},{"start":{},"end":{}}],"line":33},"4":{"loc":{"start":{"line":42,"column":4},"end":{"line":42,"column":null}},"type":"if","locations":[{"start":{"line":42,"column":4},"end":{"line":42,"column":null}},{"start":{},"end":{}}],"line":42},"5":{"loc":{"start":{"line":48,"column":6},"end":{"line":48,"column":null}},"type":"if","locations":[{"start":{"line":48,"column":6},"end":{"line":48,"column":null}},{"start":{},"end":{}}],"line":48},"6":{"loc":{"start":{"line":49,"column":6},"end":{"line":49,"column":null}},"type":"if","locations":[{"start":{"line":49,"column":6},"end":{"line":49,"column":null}},{"start":{},"end":{}}],"line":49},"7":{"loc":{"start":{"line":50,"column":6},"end":{"line":50,"column":null}},"type":"cond-expr","locations":[{"start":{"line":50,"column":39},"end":{"line":50,"column":49}},{"start":{"line":50,"column":49},"end":{"line":50,"column":null}}],"line":50}},"s":{"0":6,"1":82,"2":72,"3":72,"4":82,"5":81,"6":82,"7":80,"8":82,"9":76,"10":76,"11":82,"12":76,"13":76,"14":0,"15":0,"16":76,"17":76,"18":76,"19":82,"20":8,"21":1,"22":7,"23":82,"24":2,"25":2,"26":1,"27":1,"28":1,"29":0,"30":82,"31":81,"32":82},"f":{"0":82,"1":72,"2":81,"3":80,"4":76,"5":76,"6":0,"7":76,"8":8,"9":2,"10":2,"11":81},"b":{"0":[53,19],"1":[72,53],"2":[12,68],"3":[0,0],"4":[1,7],"5":[1,1],"6":[1,0],"7":[0,0]},"meta":{"lastBranch":8,"lastFunction":12,"lastStatement":33,"seen":{"s:13:64:64:Infinity":0,"f:13:64:13:65":0,"s:14:29:17:Infinity":1,"f:14:53:14:59":1,"s:15:18:15:Infinity":2,"s:16:4:16:Infinity":3,"b:16:42:16:50:16:50:16:Infinity":0,"b:16:11:16:20:16:11:16:42":1,"s:20:8:20:Infinity":4,"f:20:25:20:31":2,"s:20:25:20:53":5,"s:21:8:21:Infinity":6,"f:21:47:21:54":3,"s:21:54:21:82":7,"b:21:63:21:72:21:72:21:82":2,"s:24:2:27:Infinity":8,"f:24:12:24:18":4,"s:25:4:25:Infinity":9,"s:26:4:26:Infinity":10,"s:30:2:39:Infinity":11,"f:30:12:30:18":5,"s:31:23:31:Infinity":12,"s:32:25:36:Infinity":13,"f:32:25:32:31":6,"b:33:6:35:Infinity:undefined:undefined:undefined:undefined":3,"s:33:6:35:Infinity":14,"s:34:8:34:Infinity":15,"s:37:4:37:Infinity":16,"s:38:4:38:Infinity":17,"f:38:11:38:17":7,"s:38:17:38:Infinity":18,"s:41:8:44:Infinity":19,"f:41:31:41:32":8,"b:42:4:42:Infinity:undefined:undefined:undefined:undefined":4,"s:42:4:42:Infinity":20,"s:42:33:42:Infinity":21,"s:43:4:43:Infinity":22,"s:46:8:52:Infinity":23,"f:46:34:46:40":9,"s:47:4:51:Infinity":24,"f:47:18:47:19":10,"b:48:6:48:Infinity:undefined:undefined:undefined:undefined":5,"s:48:6:48:Infinity":25,"s:48:28:48:Infinity":26,"b:49:6:49:Infinity:undefined:undefined:undefined:undefined":6,"s:49:6:49:Infinity":27,"s:49:27:49:Infinity":28,"s:50:6:50:Infinity":29,"b:50:39:50:49:50:49:50:Infinity":7,"s:54:8:57:Infinity":30,"f:55:4:55:11":11,"s:55:11:55:Infinity":31,"s:59:2:62:Infinity":32}}}
,"/Users/jackma/Code/ToolsBox/src/context/definitions.ts": {"path":"/Users/jackma/Code/ToolsBox/src/context/definitions.ts","statementMap":{"0":{"start":{"line":26,"column":13},"end":{"line":26,"column":null}},"1":{"start":{"line":29,"column":13},"end":{"line":43,"column":null}},"2":{"start":{"line":46,"column":13},"end":{"line":56,"column":null}},"3":{"start":{"line":59,"column":13},"end":{"line":75,"column":null}},"4":{"start":{"line":70,"column":27},"end":{"line":70,"column":null}},"5":{"start":{"line":71,"column":28},"end":{"line":71,"column":null}},"6":{"start":{"line":72,"column":29},"end":{"line":72,"column":null}},"7":{"start":{"line":73,"column":28},"end":{"line":73,"column":null}}},"fnMap":{"0":{"name":"(anonymous_0)","decl":{"start":{"line":38,"column":12},"end":{"line":38,"column":18}},"loc":{"start":{"line":38,"column":18},"end":{"line":38,"column":null}},"line":38},"1":{"name":"(anonymous_1)","decl":{"start":{"line":39,"column":12},"end":{"line":39,"column":18}},"loc":{"start":{"line":39,"column":18},"end":{"line":39,"column":null}},"line":39},"2":{"name":"(anonymous_2)","decl":{"start":{"line":40,"column":13},"end":{"line":40,"column":19}},"loc":{"start":{"line":40,"column":19},"end":{"line":40,"column":null}},"line":40},"3":{"name":"(anonymous_3)","decl":{"start":{"line":41,"column":11},"end":{"line":41,"column":17}},"loc":{"start":{"line":41,"column":17},"end":{"line":41,"column":null}},"line":41},"4":{"name":"(anonymous_4)","decl":{"start":{"line":42,"column":16},"end":{"line":42,"column":22}},"loc":{"start":{"line":42,"column":22},"end":{"line":42,"column":null}},"line":42},"5":{"name":"(anonymous_5)","decl":{"start":{"line":53,"column":12},"end":{"line":53,"column":18}},"loc":{"start":{"line":53,"column":18},"end":{"line":53,"column":null}},"line":53},"6":{"name":"(anonymous_6)","decl":{"start":{"line":54,"column":12},"end":{"line":54,"column":18}},"loc":{"start":{"line":54,"column":18},"end":{"line":54,"column":null}},"line":54},"7":{"name":"(anonymous_7)","decl":{"start":{"line":55,"column":14},"end":{"line":55,"column":20}},"loc":{"start":{"line":55,"column":20},"end":{"line":55,"column":null}},"line":55},"8":{"name":"(anonymous_8)","decl":{"start":{"line":69,"column":12},"end":{"line":69,"column":18}},"loc":{"start":{"line":69,"column":18},"end":{"line":69,"column":null}},"line":69},"9":{"name":"(anonymous_9)","decl":{"start":{"line":70,"column":14},"end":{"line":70,"column":27}},"loc":{"start":{"line":70,"column":27},"end":{"line":70,"column":null}},"line":70},"10":{"name":"(anonymous_10)","decl":{"start":{"line":71,"column":16},"end":{"line":71,"column":28}},"loc":{"start":{"line":71,"column":28},"end":{"line":71,"column":null}},"line":71},"11":{"name":"(anonymous_11)","decl":{"start":{"line":72,"column":17},"end":{"line":72,"column":29}},"loc":{"start":{"line":72,"column":29},"end":{"line":72,"column":null}},"line":72},"12":{"name":"(anonymous_12)","decl":{"start":{"line":73,"column":16},"end":{"line":73,"column":28}},"loc":{"start":{"line":73,"column":28},"end":{"line":73,"column":null}},"line":73}},"branchMap":{},"s":{"0":7,"1":7,"2":7,"3":7,"4":0,"5":0,"6":0,"7":0},"f":{"0":0,"1":0,"2":0,"3":0,"4":0,"5":0,"6":0,"7":0,"8":0,"9":0,"10":0,"11":0,"12":0},"b":{},"meta":{"lastBranch":0,"lastFunction":13,"lastStatement":8,"seen":{"s:26:13:26:Infinity":0,"s:29:13:43:Infinity":1,"f:38:12:38:18":0,"f:39:12:39:18":1,"f:40:13:40:19":2,"f:41:11:41:17":3,"f:42:16:42:22":4,"s:46:13:56:Infinity":2,"f:53:12:53:18":5,"f:54:12:54:18":6,"f:55:14:55:20":7,"s:59:13:75:Infinity":3,"f:69:12:69:18":8,"f:70:14:70:27":9,"s:70:27:70:Infinity":4,"f:71:16:71:28":10,"s:71:28:71:Infinity":5,"f:72:17:72:29":11,"s:72:29:72:Infinity":6,"f:73:16:73:28":12,"s:73:28:73:Infinity":7}}}
,"/Users/jackma/Code/ToolsBox/src/context/types.ts": {"path":"/Users/jackma/Code/ToolsBox/src/context/types.ts","statementMap":{"0":{"start":{"line":20,"column":51},"end":{"line":25,"column":null}},"1":{"start":{"line":44,"column":45},"end":{"line":46,"column":null}},"2":{"start":{"line":60,"column":47},"end":{"line":63,"column":null}}},"fnMap":{},"branchMap":{},"s":{"0":7,"1":7,"2":7},"f":{},"b":{},"meta":{"lastBranch":0,"lastFunction":0,"lastStatement":3,"seen":{"s:20:51:25:Infinity":0,"s:44:45:46:Infinity":1,"s:60:47:63:Infinity":2}}}
,"/Users/jackma/Code/ToolsBox/src/hooks/useEncodingContext.ts": {"path":"/Users/jackma/Code/ToolsBox/src/hooks/useEncodingContext.ts","statementMap":{"0":{"start":{"line":4,"column":34},"end":{"line":10,"column":null}},"1":{"start":{"line":5,"column":8},"end":{"line":5,"column":null}},"2":{"start":{"line":6,"column":2},"end":{"line":8,"column":null}},"3":{"start":{"line":7,"column":4},"end":{"line":7,"column":null}},"4":{"start":{"line":9,"column":2},"end":{"line":9,"column":null}}},"fnMap":{"0":{"name":"(anonymous_0)","decl":{"start":{"line":4,"column":34},"end":{"line":4,"column":40}},"loc":{"start":{"line":4,"column":40},"end":{"line":10,"column":null}},"line":4}},"branchMap":{"0":{"loc":{"start":{"line":6,"column":2},"end":{"line":8,"column":null}},"type":"if","locations":[{"start":{"line":6,"column":2},"end":{"line":8,"column":null}},{"start":{},"end":{}}],"line":6}},"s":{"0":2,"1":101,"2":101,"3":0,"4":101},"f":{"0":101},"b":{"0":[0,101]},"meta":{"lastBranch":1,"lastFunction":1,"lastStatement":5,"seen":{"s:4:34:10:Infinity":0,"f:4:34:4:40":0,"s:5:8:5:Infinity":1,"b:6:2:8:Infinity:undefined:undefined:undefined:undefined":0,"s:6:2:8:Infinity":2,"s:7:4:7:Infinity":3,"s:9:2:9:Infinity":4}}}
,"/Users/jackma/Code/ToolsBox/src/hooks/useErrorContext.ts": {"path":"/Users/jackma/Code/ToolsBox/src/hooks/useErrorContext.ts","statementMap":{"0":{"start":{"line":4,"column":31},"end":{"line":10,"column":null}},"1":{"start":{"line":5,"column":8},"end":{"line":5,"column":null}},"2":{"start":{"line":6,"column":2},"end":{"line":8,"column":null}},"3":{"start":{"line":7,"column":4},"end":{"line":7,"column":null}},"4":{"start":{"line":9,"column":2},"end":{"line":9,"column":null}}},"fnMap":{"0":{"name":"(anonymous_0)","decl":{"start":{"line":4,"column":31},"end":{"line":4,"column":37}},"loc":{"start":{"line":4,"column":37},"end":{"line":10,"column":null}},"line":4}},"branchMap":{"0":{"loc":{"start":{"line":6,"column":2},"end":{"line":8,"column":null}},"type":"if","locations":[{"start":{"line":6,"column":2},"end":{"line":8,"column":null}},{"start":{},"end":{}}],"line":6}},"s":{"0":1,"1":0,"2":0,"3":0,"4":0},"f":{"0":0},"b":{"0":[0,0]},"meta":{"lastBranch":1,"lastFunction":1,"lastStatement":5,"seen":{"s:4:31:10:Infinity":0,"f:4:31:4:37":0,"s:5:8:5:Infinity":1,"b:6:2:8:Infinity:undefined:undefined:undefined:undefined":0,"s:6:2:8:Infinity":2,"s:7:4:7:Infinity":3,"s:9:2:9:Infinity":4}}}
,"/Users/jackma/Code/ToolsBox/src/hooks/usePersistedState.ts": {"path":"/Users/jackma/Code/ToolsBox/src/hooks/usePersistedState.ts","statementMap":{"0":{"start":{"line":31,"column":33},"end":{"line":31,"column":null}},"1":{"start":{"line":33,"column":2},"end":{"line":45,"column":null}},"2":{"start":{"line":34,"column":34},"end":{"line":34,"column":null}},"3":{"start":{"line":35,"column":4},"end":{"line":39,"column":null}},"4":{"start":{"line":36,"column":6},"end":{"line":38,"column":null}},"5":{"start":{"line":37,"column":8},"end":{"line":37,"column":null}},"6":{"start":{"line":42,"column":4},"end":{"line":44,"column":null}},"7":{"start":{"line":43,"column":6},"end":{"line":43,"column":null}},"8":{"start":{"line":68,"column":28},"end":{"line":68,"column":null}},"9":{"start":{"line":69,"column":8},"end":{"line":69,"column":null}},"10":{"start":{"line":70,"column":8},"end":{"line":70,"column":null}},"11":{"start":{"line":72,"column":2},"end":{"line":109,"column":null}},"12":{"start":{"line":74,"column":95},"end":{"line":74,"column":null}},"13":{"start":{"line":76,"column":4},"end":{"line":85,"column":null}},"14":{"start":{"line":77,"column":27},"end":{"line":77,"column":null}},"15":{"start":{"line":78,"column":28},"end":{"line":78,"column":null}},"16":{"start":{"line":81,"column":6},"end":{"line":84,"column":null}},"17":{"start":{"line":82,"column":8},"end":{"line":82,"column":null}},"18":{"start":{"line":83,"column":8},"end":{"line":83,"column":null}},"19":{"start":{"line":88,"column":4},"end":{"line":101,"column":null}},"20":{"start":{"line":89,"column":6},"end":{"line":91,"column":null}},"21":{"start":{"line":90,"column":8},"end":{"line":90,"column":null}},"22":{"start":{"line":94,"column":6},"end":{"line":100,"column":null}},"23":{"start":{"line":95,"column":8},"end":{"line":99,"column":null}},"24":{"start":{"line":96,"column":10},"end":{"line":98,"column":null}},"25":{"start":{"line":97,"column":12},"end":{"line":97,"column":null}},"26":{"start":{"line":104,"column":4},"end":{"line":108,"column":null}},"27":{"start":{"line":105,"column":6},"end":{"line":107,"column":null}},"28":{"start":{"line":106,"column":8},"end":{"line":106,"column":null}},"29":{"start":{"line":120,"column":24},"end":{"line":123,"column":null}},"30":{"start":{"line":121,"column":19},"end":{"line":121,"column":null}},"31":{"start":{"line":122,"column":4},"end":{"line":122,"column":null}},"32":{"start":{"line":126,"column":2},"end":{"line":128,"column":null}},"33":{"start":{"line":127,"column":4},"end":{"line":127,"column":null}},"34":{"start":{"line":130,"column":2},"end":{"line":130,"column":null}},"35":{"start":{"line":141,"column":24},"end":{"line":144,"column":null}},"36":{"start":{"line":142,"column":19},"end":{"line":142,"column":null}},"37":{"start":{"line":143,"column":4},"end":{"line":143,"column":null}},"38":{"start":{"line":147,"column":2},"end":{"line":149,"column":null}},"39":{"start":{"line":148,"column":4},"end":{"line":148,"column":null}},"40":{"start":{"line":151,"column":2},"end":{"line":151,"column":null}},"41":{"start":{"line":156,"column":2},"end":{"line":159,"column":null}},"42":{"start":{"line":163,"column":2},"end":{"line":166,"column":null}},"43":{"start":{"line":170,"column":28},"end":{"line":173,"column":null}},"44":{"start":{"line":174,"column":30},"end":{"line":177,"column":null}},"45":{"start":{"line":178,"column":26},"end":{"line":181,"column":null}},"46":{"start":{"line":182,"column":36},"end":{"line":185,"column":null}},"47":{"start":{"line":186,"column":34},"end":{"line":189,"column":null}},"48":{"start":{"line":191,"column":2},"end":{"line":197,"column":null}},"49":{"start":{"line":207,"column":24},"end":{"line":207,"column":null}},"50":{"start":{"line":208,"column":26},"end":{"line":208,"column":null}},"51":{"start":{"line":211,"column":26},"end":{"line":214,"column":null}},"52":{"start":{"line":215,"column":36},"end":{"line":218,"column":null}},"53":{"start":{"line":220,"column":2},"end":{"line":225,"column":null}},"54":{"start":{"line":229,"column":2},"end":{"line":232,"column":null}}},"fnMap":{"0":{"name":"usePersistedContext","decl":{"start":{"line":28,"column":16},"end":{"line":28,"column":null}},"loc":{"start":{"line":30,"column":8},"end":{"line":46,"column":null}},"line":30},"1":{"name":"(anonymous_1)","decl":{"start":{"line":33,"column":12},"end":{"line":33,"column":18}},"loc":{"start":{"line":33,"column":18},"end":{"line":45,"column":5}},"line":33},"2":{"name":"(anonymous_2)","decl":{"start":{"line":35,"column":19},"end":{"line":35,"column":28}},"loc":{"start":{"line":35,"column":28},"end":{"line":39,"column":5}},"line":35},"3":{"name":"useMultiKeyPersistedState","decl":{"start":{"line":64,"column":16},"end":{"line":64,"column":null}},"loc":{"start":{"line":67,"column":41},"end":{"line":110,"column":null}},"line":67},"4":{"name":"(anonymous_4)","decl":{"start":{"line":72,"column":12},"end":{"line":72,"column":18}},"loc":{"start":{"line":72,"column":18},"end":{"line":109,"column":5}},"line":72},"5":{"name":"(anonymous_5)","decl":{"start":{"line":76,"column":35},"end":{"line":76,"column":36}},"loc":{"start":{"line":76,"column":63},"end":{"line":85,"column":5}},"line":76},"6":{"name":"(anonymous_6)","decl":{"start":{"line":94,"column":38},"end":{"line":94,"column":44}},"loc":{"start":{"line":94,"column":44},"end":{"line":100,"column":9}},"line":94},"7":{"name":"(anonymous_7)","decl":{"start":{"line":95,"column":30},"end":{"line":95,"column":31}},"loc":{"start":{"line":95,"column":57},"end":{"line":99,"column":9}},"line":95},"8":{"name":"(anonymous_8)","decl":{"start":{"line":104,"column":11},"end":{"line":104,"column":17}},"loc":{"start":{"line":104,"column":17},"end":{"line":108,"column":null}},"line":104},"9":{"name":"usePersistedState","decl":{"start":{"line":116,"column":16},"end":{"line":116,"column":null}},"loc":{"start":{"line":119,"column":46},"end":{"line":131,"column":null}},"line":119},"10":{"name":"(anonymous_10)","decl":{"start":{"line":120,"column":40},"end":{"line":120,"column":46}},"loc":{"start":{"line":120,"column":46},"end":{"line":123,"column":3}},"line":120},"11":{"name":"(anonymous_11)","decl":{"start":{"line":126,"column":12},"end":{"line":126,"column":18}},"loc":{"start":{"line":126,"column":18},"end":{"line":128,"column":5}},"line":126},"12":{"name":"useSessionState","decl":{"start":{"line":137,"column":16},"end":{"line":137,"column":null}},"loc":{"start":{"line":140,"column":46},"end":{"line":152,"column":null}},"line":140},"13":{"name":"(anonymous_13)","decl":{"start":{"line":141,"column":40},"end":{"line":141,"column":46}},"loc":{"start":{"line":141,"column":46},"end":{"line":144,"column":3}},"line":141},"14":{"name":"(anonymous_14)","decl":{"start":{"line":147,"column":12},"end":{"line":147,"column":18}},"loc":{"start":{"line":147,"column":18},"end":{"line":149,"column":5}},"line":147},"15":{"name":"usePersistedTheme","decl":{"start":{"line":155,"column":16},"end":{"line":155,"column":36}},"loc":{"start":{"line":155,"column":36},"end":{"line":160,"column":null}},"line":155},"16":{"name":"usePersistedLanguage","decl":{"start":{"line":162,"column":16},"end":{"line":162,"column":39}},"loc":{"start":{"line":162,"column":39},"end":{"line":167,"column":null}},"line":162},"17":{"name":"usePersistedEncodingState","decl":{"start":{"line":169,"column":16},"end":{"line":169,"column":44}},"loc":{"start":{"line":169,"column":44},"end":{"line":198,"column":null}},"line":169},"18":{"name":"usePersistedCryptoState","decl":{"start":{"line":205,"column":16},"end":{"line":205,"column":42}},"loc":{"start":{"line":205,"column":42},"end":{"line":226,"column":null}},"line":205},"19":{"name":"usePersistedCurrentModule","decl":{"start":{"line":228,"column":16},"end":{"line":228,"column":44}},"loc":{"start":{"line":228,"column":44},"end":{"line":233,"column":null}},"line":228}},"branchMap":{"0":{"loc":{"start":{"line":36,"column":6},"end":{"line":38,"column":null}},"type":"if","locations":[{"start":{"line":36,"column":6},"end":{"line":38,"column":null}},{"start":{},"end":{}}],"line":36},"1":{"loc":{"start":{"line":42,"column":4},"end":{"line":44,"column":null}},"type":"if","locations":[{"start":{"line":42,"column":4},"end":{"line":44,"column":null}},{"start":{},"end":{}}],"line":42},"2":{"loc":{"start":{"line":81,"column":6},"end":{"line":84,"column":null}},"type":"if","locations":[{"start":{"line":81,"column":6},"end":{"line":84,"column":null}},{"start":{},"end":{}}],"line":81},"3":{"loc":{"start":{"line":88,"column":4},"end":{"line":101,"column":null}},"type":"if","locations":[{"start":{"line":88,"column":4},"end":{"line":101,"column":null}},{"start":{},"end":{}}],"line":88},"4":{"loc":{"start":{"line":89,"column":6},"end":{"line":91,"column":null}},"type":"if","locations":[{"start":{"line":89,"column":6},"end":{"line":91,"column":null}},{"start":{},"end":{}}],"line":89},"5":{"loc":{"start":{"line":96,"column":10},"end":{"line":98,"column":null}},"type":"if","locations":[{"start":{"line":96,"column":10},"end":{"line":98,"column":null}},{"start":{},"end":{}}],"line":96},"6":{"loc":{"start":{"line":105,"column":6},"end":{"line":107,"column":null}},"type":"if","locations":[{"start":{"line":105,"column":6},"end":{"line":107,"column":null}},{"start":{},"end":{}}],"line":105},"7":{"loc":{"start":{"line":122,"column":11},"end":{"line":122,"column":null}},"type":"cond-expr","locations":[{"start":{"line":122,"column":29},"end":{"line":122,"column":38}},{"start":{"line":122,"column":38},"end":{"line":122,"column":null}}],"line":122},"8":{"loc":{"start":{"line":143,"column":11},"end":{"line":143,"column":null}},"type":"cond-expr","locations":[{"start":{"line":143,"column":29},"end":{"line":143,"column":38}},{"start":{"line":143,"column":38},"end":{"line":143,"column":null}}],"line":143}},"s":{"0":4,"1":4,"2":4,"3":4,"4":5,"5":5,"6":4,"7":4,"8":158,"9":158,"10":158,"11":158,"12":153,"13":153,"14":594,"15":594,"16":594,"17":8,"18":8,"19":153,"20":7,"21":4,"22":7,"23":3,"24":3,"25":3,"26":153,"27":153,"28":7,"29":129,"30":70,"31":70,"32":129,"33":101,"34":129,"35":6,"36":4,"37":4,"38":6,"39":6,"40":6,"41":5,"42":3,"43":12,"44":12,"45":12,"46":12,"47":12,"48":12,"49":12,"50":12,"51":12,"52":12,"53":12,"54":3},"f":{"0":4,"1":4,"2":5,"3":158,"4":153,"5":594,"6":3,"7":3,"8":153,"9":129,"10":70,"11":101,"12":6,"13":4,"14":6,"15":5,"16":3,"17":12,"18":12,"19":3},"b":{"0":[5,0],"1":[4,0],"2":[8,586],"3":[7,146],"4":[4,3],"5":[3,0],"6":[7,146],"7":[1,69],"8":[3,1]},"meta":{"lastBranch":9,"lastFunction":20,"lastStatement":55,"seen":{"f:28:16:28:Infinity":0,"s:31:33:31:Infinity":0,"s:33:2:45:Infinity":1,"f:33:12:33:18":1,"s:34:34:34:Infinity":2,"s:35:4:39:Infinity":3,"f:35:19:35:28":2,"b:36:6:38:Infinity:undefined:undefined:undefined:undefined":0,"s:36:6:38:Infinity":4,"s:37:8:37:Infinity":5,"b:42:4:44:Infinity:undefined:undefined:undefined:undefined":1,"s:42:4:44:Infinity":6,"s:43:6:43:Infinity":7,"f:64:16:64:Infinity":3,"s:68:28:68:Infinity":8,"s:69:8:69:Infinity":9,"s:70:8:70:Infinity":10,"s:72:2:109:Infinity":11,"f:72:12:72:18":4,"s:74:95:74:Infinity":12,"s:76:4:85:Infinity":13,"f:76:35:76:36":5,"s:77:27:77:Infinity":14,"s:78:28:78:Infinity":15,"b:81:6:84:Infinity:undefined:undefined:undefined:undefined":2,"s:81:6:84:Infinity":16,"s:82:8:82:Infinity":17,"s:83:8:83:Infinity":18,"b:88:4:101:Infinity:undefined:undefined:undefined:undefined":3,"s:88:4:101:Infinity":19,"b:89:6:91:Infinity:undefined:undefined:undefined:undefined":4,"s:89:6:91:Infinity":20,"s:90:8:90:Infinity":21,"s:94:6:100:Infinity":22,"f:94:38:94:44":6,"s:95:8:99:Infinity":23,"f:95:30:95:31":7,"b:96:10:98:Infinity:undefined:undefined:undefined:undefined":5,"s:96:10:98:Infinity":24,"s:97:12:97:Infinity":25,"s:104:4:108:Infinity":26,"f:104:11:104:17":8,"b:105:6:107:Infinity:undefined:undefined:undefined:undefined":6,"s:105:6:107:Infinity":27,"s:106:8:106:Infinity":28,"f:116:16:116:Infinity":9,"s:120:24:123:Infinity":29,"f:120:40:120:46":10,"s:121:19:121:Infinity":30,"s:122:4:122:Infinity":31,"b:122:29:122:38:122:38:122:Infinity":7,"s:126:2:128:Infinity":32,"f:126:12:126:18":11,"s:127:4:127:Infinity":33,"s:130:2:130:Infinity":34,"f:137:16:137:Infinity":12,"s:141:24:144:Infinity":35,"f:141:40:141:46":13,"s:142:19:142:Infinity":36,"s:143:4:143:Infinity":37,"b:143:29:143:38:143:38:143:Infinity":8,"s:147:2:149:Infinity":38,"f:147:12:147:18":14,"s:148:4:148:Infinity":39,"s:151:2:151:Infinity":40,"f:155:16:155:36":15,"s:156:2:159:Infinity":41,"f:162:16:162:39":16,"s:163:2:166:Infinity":42,"f:169:16:169:44":17,"s:170:28:173:Infinity":43,"s:174:30:177:Infinity":44,"s:178:26:181:Infinity":45,"s:182:36:185:Infinity":46,"s:186:34:189:Infinity":47,"s:191:2:197:Infinity":48,"f:205:16:205:42":18,"s:207:24:207:Infinity":49,"s:208:26:208:Infinity":50,"s:211:26:214:Infinity":51,"s:215:36:218:Infinity":52,"s:220:2:225:Infinity":53,"f:228:16:228:44":19,"s:229:2:232:Infinity":54}}}
,"/Users/jackma/Code/ToolsBox/src/hooks/useTheme.ts": {"path":"/Users/jackma/Code/ToolsBox/src/hooks/useTheme.ts","statementMap":{"0":{"start":{"line":4,"column":24},"end":{"line":10,"column":null}},"1":{"start":{"line":5,"column":8},"end":{"line":5,"column":null}},"2":{"start":{"line":6,"column":2},"end":{"line":8,"column":null}},"3":{"start":{"line":7,"column":4},"end":{"line":7,"column":null}},"4":{"start":{"line":9,"column":2},"end":{"line":9,"column":null}}},"fnMap":{"0":{"name":"(anonymous_0)","decl":{"start":{"line":4,"column":24},"end":{"line":4,"column":48}},"loc":{"start":{"line":4,"column":48},"end":{"line":10,"column":null}},"line":4}},"branchMap":{"0":{"loc":{"start":{"line":6,"column":2},"end":{"line":8,"column":null}},"type":"if","locations":[{"start":{"line":6,"column":2},"end":{"line":8,"column":null}},{"start":{},"end":{}}],"line":6}},"s":{"0":3,"1":37,"2":37,"3":2,"4":35},"f":{"0":37},"b":{"0":[2,35]},"meta":{"lastBranch":1,"lastFunction":1,"lastStatement":5,"seen":{"s:4:24:10:Infinity":0,"f:4:24:4:48":0,"s:5:8:5:Infinity":1,"b:6:2:8:Infinity:undefined:undefined:undefined:undefined":0,"s:6:2:8:Infinity":2,"s:7:4:7:Infinity":3,"s:9:2:9:Infinity":4}}}
,"/Users/jackma/Code/ToolsBox/src/hooks/useUrlSync.ts": {"path":"/Users/jackma/Code/ToolsBox/src/hooks/useUrlSync.ts","statementMap":{"0":{"start":{"line":10,"column":35},"end":{"line":14,"column":null}},"1":{"start":{"line":17,"column":39},"end":{"line":19,"column":null}},"2":{"start":{"line":22,"column":32},"end":{"line":22,"column":null}},"3":{"start":{"line":25,"column":29},"end":{"line":27,"column":null}},"4":{"start":{"line":33,"column":2},"end":{"line":33,"column":null}},"5":{"start":{"line":40,"column":2},"end":{"line":40,"column":null}},"6":{"start":{"line":47,"column":2},"end":{"line":47,"column":null}},"7":{"start":{"line":54,"column":2},"end":{"line":54,"column":null}},"8":{"start":{"line":62,"column":2},"end":{"line":62,"column":null}},"9":{"start":{"line":93,"column":66},"end":{"line":93,"column":null}},"10":{"start":{"line":94,"column":38},"end":{"line":94,"column":null}},"11":{"start":{"line":95,"column":21},"end":{"line":95,"column":null}},"12":{"start":{"line":96,"column":40},"end":{"line":112,"column":null}},"13":{"start":{"line":97,"column":23},"end":{"line":97,"column":null}},"14":{"start":{"line":98,"column":4},"end":{"line":110,"column":null}},"15":{"start":{"line":100,"column":6},"end":{"line":103,"column":null}},"16":{"start":{"line":101,"column":8},"end":{"line":101,"column":null}},"17":{"start":{"line":102,"column":8},"end":{"line":102,"column":null}},"18":{"start":{"line":105,"column":6},"end":{"line":108,"column":null}},"19":{"start":{"line":106,"column":8},"end":{"line":106,"column":null}},"20":{"start":{"line":107,"column":8},"end":{"line":107,"column":null}},"21":{"start":{"line":109,"column":6},"end":{"line":109,"column":null}},"22":{"start":{"line":111,"column":4},"end":{"line":111,"column":null}},"23":{"start":{"line":113,"column":8},"end":{"line":113,"column":null}},"24":{"start":{"line":114,"column":8},"end":{"line":114,"column":null}},"25":{"start":{"line":115,"column":8},"end":{"line":115,"column":null}},"26":{"start":{"line":116,"column":8},"end":{"line":116,"column":null}},"27":{"start":{"line":118,"column":2},"end":{"line":120,"column":null}},"28":{"start":{"line":119,"column":4},"end":{"line":119,"column":null}},"29":{"start":{"line":122,"column":2},"end":{"line":126,"column":null}},"30":{"start":{"line":123,"column":4},"end":{"line":123,"column":null}},"31":{"start":{"line":124,"column":4},"end":{"line":124,"column":null}},"32":{"start":{"line":125,"column":4},"end":{"line":125,"column":null}},"33":{"start":{"line":129,"column":19},"end":{"line":139,"column":null}},"34":{"start":{"line":130,"column":4},"end":{"line":130,"column":null}},"35":{"start":{"line":131,"column":4},"end":{"line":131,"column":null}},"36":{"start":{"line":132,"column":24},"end":{"line":132,"column":null}},"37":{"start":{"line":133,"column":28},"end":{"line":133,"column":null}},"38":{"start":{"line":134,"column":4},"end":{"line":138,"column":null}},"39":{"start":{"line":135,"column":24},"end":{"line":135,"column":null}},"40":{"start":{"line":136,"column":6},"end":{"line":136,"column":null}},"41":{"start":{"line":137,"column":6},"end":{"line":137,"column":null}},"42":{"start":{"line":142,"column":2},"end":{"line":177,"column":null}},"43":{"start":{"line":143,"column":4},"end":{"line":170,"column":null}},"44":{"start":{"line":144,"column":26},"end":{"line":144,"column":null}},"45":{"start":{"line":146,"column":6},"end":{"line":149,"column":null}},"46":{"start":{"line":147,"column":8},"end":{"line":147,"column":null}},"47":{"start":{"line":148,"column":8},"end":{"line":148,"column":null}},"48":{"start":{"line":151,"column":6},"end":{"line":154,"column":null}},"49":{"start":{"line":152,"column":8},"end":{"line":152,"column":null}},"50":{"start":{"line":153,"column":8},"end":{"line":153,"column":null}},"51":{"start":{"line":155,"column":28},"end":{"line":155,"column":null}},"52":{"start":{"line":156,"column":32},"end":{"line":156,"column":null}},"53":{"start":{"line":158,"column":6},"end":{"line":158,"column":null}},"54":{"start":{"line":159,"column":4},"end":{"line":170,"column":null}},"55":{"start":{"line":161,"column":26},"end":{"line":161,"column":null}},"56":{"start":{"line":162,"column":30},"end":{"line":164,"column":null}},"57":{"start":{"line":165,"column":6},"end":{"line":169,"column":null}},"58":{"start":{"line":166,"column":26},"end":{"line":166,"column":null}},"59":{"start":{"line":167,"column":8},"end":{"line":167,"column":null}},"60":{"start":{"line":168,"column":8},"end":{"line":168,"column":null}},"61":{"start":{"line":179,"column":2},"end":{"line":179,"column":null}},"62":{"start":{"line":187,"column":8},"end":{"line":187,"column":null}},"63":{"start":{"line":188,"column":2},"end":{"line":188,"column":null}},"64":{"start":{"line":208,"column":163},"end":{"line":208,"column":null}},"65":{"start":{"line":209,"column":38},"end":{"line":209,"column":null}},"66":{"start":{"line":210,"column":8},"end":{"line":210,"column":null}},"67":{"start":{"line":211,"column":8},"end":{"line":211,"column":null}},"68":{"start":{"line":213,"column":2},"end":{"line":216,"column":null}},"69":{"start":{"line":214,"column":4},"end":{"line":214,"column":null}},"70":{"start":{"line":215,"column":4},"end":{"line":215,"column":null}},"71":{"start":{"line":219,"column":24},"end":{"line":229,"column":null}},"72":{"start":{"line":220,"column":21},"end":{"line":220,"column":null}},"73":{"start":{"line":221,"column":4},"end":{"line":227,"column":null}},"74":{"start":{"line":222,"column":25},"end":{"line":222,"column":null}},"75":{"start":{"line":223,"column":6},"end":{"line":226,"column":null}},"76":{"start":{"line":224,"column":29},"end":{"line":224,"column":null}},"77":{"start":{"line":225,"column":9},"end":{"line":225,"column":null}},"78":{"start":{"line":228,"column":4},"end":{"line":228,"column":null}},"79":{"start":{"line":232,"column":22},"end":{"line":250,"column":null}},"80":{"start":{"line":233,"column":4},"end":{"line":249,"column":null}},"81":{"start":{"line":234,"column":23},"end":{"line":234,"column":null}},"82":{"start":{"line":235,"column":6},"end":{"line":247,"column":null}},"83":{"start":{"line":236,"column":26},"end":{"line":236,"column":null}},"84":{"start":{"line":237,"column":8},"end":{"line":245,"column":null}},"85":{"start":{"line":238,"column":29},"end":{"line":238,"column":null}},"86":{"start":{"line":239,"column":24},"end":{"line":239,"column":null}},"87":{"start":{"line":240,"column":10},"end":
[...]
6,"column":null}},"59":{"start":{"line":165,"column":4},"end":{"line":165,"column":null}},"60":{"start":{"line":167,"column":2},"end":{"line":167,"column":null}},"61":{"start":{"line":176,"column":31},"end":{"line":182,"column":null}},"62":{"start":{"line":177,"column":23},"end":{"line":177,"column":null}},"63":{"start":{"line":178,"column":2},"end":{"line":180,"column":null}},"64":{"start":{"line":179,"column":4},"end":{"line":179,"column":null}},"65":{"start":{"line":181,"column":2},"end":{"line":181,"column":null}},"66":{"start":{"line":190,"column":29},"end":{"line":196,"column":null}},"67":{"start":{"line":191,"column":21},"end":{"line":191,"column":null}},"68":{"start":{"line":192,"column":2},"end":{"line":194,"column":null}},"69":{"start":{"line":193,"column":4},"end":{"line":193,"column":null}},"70":{"start":{"line":195,"column":2},"end":{"line":195,"column":null}},"71":{"start":{"line":204,"column":43},"end":{"line":224,"column":null}},"72":{"start":{"line":205,"column":45},"end":{"line":212,"column":null}},"73":{"start":{"line":214,"column":25},"end":{"line":214,"column":null}},"74":{"start":{"line":215,"column":2},"end":{"line":217,"column":null}},"75":{"start":{"line":216,"column":4},"end":{"line":216,"column":null}},"76":{"start":{"line":219,"column":2},"end":{"line":221,"column":null}},"77":{"start":{"line":220,"column":4},"end":{"line":220,"column":null}},"78":{"start":{"line":223,"column":2},"end":{"line":223,"column":null}},"79":{"start":{"line":232,"column":32},"end":{"line":253,"column":null}},"80":{"start":{"line":233,"column":2},"end":{"line":233,"column":null}},"81":{"start":{"line":233,"column":11},"end":{"line":233,"column":null}},"82":{"start":{"line":235,"column":44},"end":{"line":241,"column":null}},"83":{"start":{"line":243,"column":25},"end":{"line":243,"column":null}},"84":{"start":{"line":244,"column":2},"end":{"line":246,"column":null}},"85":{"start":{"line":245,"column":4},"end":{"line":245,"column":null}},"86":{"start":{"line":248,"column":2},"end":{"line":250,"column":null}},"87":{"start":{"line":249,"column":4},"end":{"line":249,"column":null}},"88":{"start":{"line":252,"column":2},"end":{"line":252,"column":null}},"89":{"start":{"line":260,"column":30},"end":{"line":265,"column":null}},"90":{"start":{"line":261,"column":2},"end":{"line":263,"column":null}},"91":{"start":{"line":262,"column":4},"end":{"line":262,"column":null}},"92":{"start":{"line":264,"column":2},"end":{"line":264,"column":null}},"93":{"start":{"line":272,"column":30},"end":{"line":278,"column":null}},"94":{"start":{"line":273,"column":22},"end":{"line":273,"column":null}},"95":{"start":{"line":274,"column":2},"end":{"line":276,"column":null}},"96":{"start":{"line":275,"column":4},"end":{"line":275,"column":null}},"97":{"start":{"line":277,"column":2},"end":{"line":277,"column":null}},"98":{"start":{"line":285,"column":33},"end":{"line":291,"column":null}},"99":{"start":{"line":286,"column":25},"end":{"line":286,"column":null}},"100":{"start":{"line":287,"column":2},"end":{"line":289,"column":null}},"101":{"start":{"line":288,"column":4},"end":{"line":288,"column":null}},"102":{"start":{"line":290,"column":2},"end":{"line":290,"column":null}},"103":{"start":{"line":300,"column":33},"end":{"line":305,"column":null}},"104":{"start":{"line":301,"column":2},"end":{"line":303,"column":null}},"105":{"start":{"line":302,"column":4},"end":{"line":302,"column":null}},"106":{"start":{"line":304,"column":2},"end":{"line":304,"column":null}},"107":{"start":{"line":314,"column":33},"end":{"line":319,"column":null}},"108":{"start":{"line":315,"column":2},"end":{"line":317,"column":null}},"109":{"start":{"line":316,"column":4},"end":{"line":316,"column":null}},"110":{"start":{"line":318,"column":2},"end":{"line":318,"column":null}},"111":{"start":{"line":327,"column":33},"end":{"line":335,"column":null}},"112":{"start":{"line":328,"column":2},"end":{"line":333,"column":null}},"113":{"start":{"line":329,"column":19},"end":{"line":329,"column":null}},"114":{"start":{"line":330,"column":4},"end":{"line":332,"column":null}},"115":{"start":{"line":331,"column":6},"end":{"line":331,"column":null}},"116":{"start":{"line":334,"column":2},"end":{"line":334,"column":null}}},"fnMap":{"0":{"name":"(anonymous_0)","decl":{"start":{"line":17,"column":32},"end":{"line":17,"column":33}},"loc":{"start":{"line":17,"column":88},"end":{"line":22,"column":null}},"line":17},"1":{"name":"(anonymous_1)","decl":{"start":{"line":32,"column":30},"end":{"line":32,"column":31}},"loc":{"start":{"line":32,"column":124},"end":{"line":40,"column":null}},"line":32},"2":{"name":"(anonymous_2)","decl":{"start":{"line":47,"column":30},"end":{"line":47,"column":31}},"loc":{"start":{"line":47,"column":67},"end":{"line":53,"column":null}},"line":47},"3":{"name":"(anonymous_3)","decl":{"start":{"line":60,"column":27},"end":{"line":60,"column":28}},"loc":{"start":{"line":60,"column":64},"end":{"line":66,"column":null}},"line":60},"4":{"name":"(anonymous_4)","decl":{"start":{"line":73,"column":27},"end":{"line":73,"column":28}},"loc":{"start":{"line":73,"column":64},"end":{"line":81,"column":null}},"line":73},"5":{"name":"(anonymous_5)","decl":{"start":{"line":88,"column":28},"end":{"line":88,"column":29}},"loc":{"start":{"line":88,"column":65},"end":{"line":96,"column":null}},"line":88},"6":{"name":"(anonymous_6)","decl":{"start":{"line":103,"column":33},"end":{"line":103,"column":34}},"loc":{"start":{"line":103,"column":70},"end":{"line":115,"column":null}},"line":103},"7":{"name":"(anonymous_7)","decl":{"start":{"line":122,"column":28},"end":{"line":122,"column":29}},"loc":{"start":{"line":122,"column":65},"end":{"line":128,"column":null}},"line":122},"8":{"name":"(anonymous_8)","decl":{"start":{"line":135,"column":32},"end":{"line":135,"column":33}},"loc":{"start":{"line":135,"column":69},"end":{"line":141,"column":null}},"line":135},"9":{"name":"(anonymous_9)","decl":{"start":{"line":148,"column":29},"end":{"line":148,"column":30}},"loc":{"start":{"line":148,"column":66},"end":{"line":154,"column":null}},"line":148},"10":{"name":"(anonymous_10)","decl":{"start":{"line":162,"column":36},"end":{"line":162,"column":37}},"loc":{"start":{"line":162,"column":92},"end":{"line":168,"column":null}},"line":162},"11":{"name":"(anonymous_11)","decl":{"start":{"line":176,"column":31},"end":{"line":176,"column":32}},"loc":{"start":{"line":176,"column":87},"end":{"line":182,"column":null}},"line":176},"12":{"name":"(anonymous_12)","decl":{"start":{"line":190,"column":29},"end":{"line":190,"column":30}},"loc":{"start":{"line":190,"column":85},"end":{"line":196,"column":null}},"line":190},"13":{"name":"(anonymous_13)","decl":{"start":{"line":204,"column":43},"end":{"line":204,"column":44}},"loc":{"start":{"line":204,"column":97},"end":{"line":224,"column":null}},"line":204},"14":{"name":"(anonymous_14)","decl":{"start":{"line":232,"column":32},"end":{"line":232,"column":33}},"loc":{"start":{"line":232,"column":86},"end":{"line":253,"column":null}},"line":232},"15":{"name":"(anonymous_15)","decl":{"start":{"line":260,"column":30},"end":{"line":260,"column":31}},"loc":{"start":{"line":260,"column":67},"end":{"line":265,"column":null}},"line":260},"16":{"name":"(anonymous_16)","decl":{"start":{"line":272,"column":30},"end":{"line":272,"column":31}},"loc":{"start":{"line":272,"column":67},"end":{"line":278,"column":null}},"line":272},"17":{"name":"(anonymous_17)","decl":{"start":{"line":285,"column":33},"end":{"line":285,"column":34}},"loc":{"start":{"line":285,"column":70},"end":{"line":291,"column":null}},"line":285},"18":{"name":"(anonymous_18)","decl":{"start":{"line":300,"column":33},"end":{"line":300,"column":34}},"loc":{"start":{"line":300,"column":108},"end":{"line":305,"column":null}},"line":300},"19":{"name":"(anonymous_19)","decl":{"start":{"line":314,"column":33},"end":{"line":314,"column":34}},"loc":{"start":{"line":314,"column":108},"end":{"line":319,"column":null}},"line":314},"20":{"name":"(anonymous_20)","decl":{"start":{"line":327,"column":33},"end":{"line":327,"column":34}},"loc":{"start":{"line":327,"column":123},"end":{"line":335,"column":null}},"line":327}},"branchMap":{"0":{"loc":{"start":{"line":18,"column":2},"end":{"line":20,"column":null}},"type":"if","locations":[{"start":{"line":18,"column":2},"end":{"line":20,"column":null}},{"start":{},"end":{}}],"line":18},"1":{"loc":{"start":{"line":18,"column":6},"end":{"line":18,"column":37}},"type":"binary-expr","locations":[{"start":{"line":18,"column":6},"end":{"line":18,"column":16}},{"start":{"line":18,"column":16},"end":{"line":18,"column":37}}],"line":18},"2":{"loc":{"start":{"line":33,"column":2},"end":{"line":35,"column":null}},"type":"if","locations":[{"start":{"line":33,"column":2},"end":{"line":35,"column":null}},{"start":{},"end":{}}],"line":33},"3":{"loc":{"start":{"line":36,"column":2},"end":{"line":38,"column":null}},"type":"if","locations":[{"start":{"line":36,"column":2},"end":{"line":38,"column":null}},{"start":{},"end":{}}],"line":36},"4":{"loc":{"start":{"line":49,"column":2},"end":{"line":51,"column":null}},"type":"if","locations":[{"start":{"line":49,"column":2},"end":{"line":51,"column":null}},{"start":{},"end":{}}],"line":49},"5":{"loc":{"start":{"line":62,"column":2},"end":{"line":64,"column":null}},"type":"if","locations":[{"start":{"line":62,"column":2},"end":{"line":64,"column":null}},{"start":{},"end":{}}],"line":62},"6":{"loc":{"start":{"line":105,"column":2},"end":{"line":107,"column":null}},"type":"if","locations":[{"start":{"line":105,"column":2},"end":{"line":107,"column":null}},{"start":{},"end":{}}],"line":105},"7":{"loc":{"start":{"line":111,"column":2},"end":{"line":113,"column":null}},"type":"if","locations":[{"start":{"line":111,"column":2},"end":{"line":113,"column":null}},{"start":{},"end":{}}],"line":111},"8":{"loc":{"start":{"line":111,"column":6},"end":{"line":111,"column":55}},"type":"binary-expr","locations":[{"start":{"line":111,"column":6},"end":{"line":111,"column":28}},{"start":{"line":111,"column":28},"end":{"line":111,"column":55}}],"line":111},"9":{"loc":{"start":{"line":124,"column":2},"end":{"line":126,"column":null}},"type":"if","locations":[{"start":{"line":124,"column":2},"end":{"line":126,"column":null}},{"start":{},"end":{}}],"line":124},"10":{"loc":{"start":{"line":137,"column":2},"end":{"line":139,"column":null}},"type":"if","locations":[{"start":{"line":137,"column":2},"end":{"line":139,"column":null}},{"start":{},"end":{}}],"line":137},"11":{"loc":{"start":{"line":150,"column":2},"end":{"line":152,"column":null}},"type":"if","locations":[{"start":{"line":150,"column":2},"end":{"line":152,"column":null}},{"start":{},"end":{}}],"line":150},"12":{"loc":{"start":{"line":164,"column":2},"end":{"line":166,"column":null}},"type":"if","locations":[{"start":{"line":164,"column":2},"end":{"line":166,"column":null}},{"start":{},"end":{}}],"line":164},"13":{"loc":{"start":{"line":178,"column":2},"end":{"line":180,"column":null}},"type":"if","locations":[{"start":{"line":178,"column":2},"end":{"line":180,"column":null}},{"start":{},"end":{}}],"line":178},"14":{"loc":{"start":{"line":192,"column":2},"end":{"line":194,"column":null}},"type":"if","locations":[{"start":{"line":192,"column":2},"end":{"line":194,"column":null}},{"start":{},"end":{}}],"line":192},"15":{"loc":{"start":{"line":215,"column":2},"end":{"line":217,"column":null}},"type":"if","locations":[{"start":{"line":215,"column":2},"end":{"line":217,"column":null}},{"start":{},"end":{}}],"line":215},"16":{"loc":{"start":{"line":219,"column":2},"end":{"line":221,"column":null}},"type":"if","locations":[{"start":{"line":219,"column":2},"end":{"line":221,"column":null}},{"start":{},"end":{}}],"line":219},"17":{"loc":{"start":{"line":233,"column":2},"end":{"line":233,"column":null}},"type":"if","locations":[{"start":{"line":233,"column":2},"end":{"line":233,"column":null}},{"start":{},"end":{}}],"line":233},"18":{"loc":{"start":{"line":244,"column":2},"end":{"line":246,"column":null}},"type":"if","locations":[{"start":{"line":244,"column":2},"end":{"line":246,"column":null}},{"start":{},"end":{}}],"line":244},"19":{"loc":{"start":{"line":248,"column":2},"end":{"line":250,"column":null}},"type":"if","locations":[{"start":{"line":248,"column":2},"end":{"line":250,"column":null}},{"start":{},"end":{}}],"line":248},"20":{"loc":{"start":{"line":261,"column":2},"end":{"line":263,"column":null}},"type":"if","locations":[{"start":{"line":261,"column":2},"end":{"line":263,"column":null}},{"start":{},"end":{}}],"line":261},"21":{"loc":{"start":{"line":274,"column":2},"end":{"line":276,"column":null}},"type":"if","locations":[{"start":{"line":274,"column":2},"end":{"line":276,"column":null}},{"start":{},"end":{}}],"line":274},"22":{"loc":{"start":{"line":287,"column":2},"end":{"line":289,"column":null}},"type":"if","locations":[{"start":{"line":287,"column":2},"end":{"line":289,"column":null}},{"start":{},"end":{}}],"line":287},"23":{"loc":{"start":{"line":301,"column":2},"end":{"line":303,"column":null}},"type":"if","locations":[{"start":{"line":301,"column":2},"end":{"line":303,"column":null}},{"start":{},"end":{}}],"line":301},"24":{"loc":{"start":{"line":315,"column":2},"end":{"line":317,"column":null}},"type":"if","locations":[{"start":{"line":315,"column":2},"end":{"line":317,"column":null}},{"start":{},"end":{}}],"line":315},"25":{"loc":{"start":{"line":330,"column":4},"end":{"line":332,"column":null}},"type":"if","locations":[{"start":{"line":330,"column":4},"end":{"line":332,"column":null}},{"start":{},"end":{}}],"line":330}},"s":{"0":1,"1":0,"2":0,"3":0,"4":1,"5":0,"6":0,"7":0,"8":0,"9":0,"10":1,"11":17,"12":17,"13":10,"14":7,"15":1,"16":0,"17":0,"18":0,"19":0,"20":1,"21":0,"22":0,"23":0,"24":0,"25":0,"26":1,"27":0,"28":0,"29":0,"30":0,"31":0,"32":1,"33":0,"34":0,"35":0,"36":0,"37":0,"38":0,"39":0,"40":0,"41":1,"42":0,"43":0,"44":0,"45":0,"46":1,"47":0,"48":0,"49":0,"50":0,"51":1,"52":0,"53":0,"54":0,"55":0,"56":1,"57":0,"58":0,"59":0,"60":0,"61":1,"62":0,"63":0,"64":0,"65":0,"66":1,"67":0,"68":0,"69":0,"70":0,"71":1,"72":0,"73":0,"74":0,"75":0,"76":0,"77":0,"78":0,"79":1,"80":0,"81":0,"82":0,"83":0,"84":0,"85":0,"86":0,"87":0,"88":0,"89":1,"90":0,"91":0,"92":0,"93":1,"94":0,"95":0,"96":0,"97":0,"98":1,"99":0,"100":0,"101":0,"102":0,"103":1,"104":0,"105":0,"106":0,"107":1,"108":0,"109":0,"110":0,"111":1,"112":0,"113":0,"114":0,"115":0,"116":0},"f":{"0":0,"1":0,"2":17,"3":0,"4":0,"5":0,"6":0,"7":0,"8":0,"9":0,"10":0,"11":0,"12":0,"13":0,"14":0,"15":0,"16":0,"17":0,"18":0,"19":0,"20":0},"b":{"0":[0,0],"1":[0,0],"2":[0,0],"3":[0,0],"4":[10,7],"5":[0,0],"6":[0,0],"7":[0,0],"8":[0,0],"9":[0,0],"10":[0,0],"11":[0,0],"12":[0,0],"13":[0,0],"14":[0,0],"15":[0,0],"16":[0,0],"17":[0,0],"18":[0,0],"19":[0,0],"20":[0,0],"21":[0,0],"22":[0,0],"23":[0,0],"24":[0,0],"25":[0,0]},"meta":{"lastBranch":26,"lastFunction":21,"lastStatement":117,"seen":{"s:17:32:22:Infinity":0,"f:17:32:17:33":0,"b:18:2:20:Infinity:undefined:undefined:undefined:undefined":0,"s:18:2:20:Infinity":1,"b:18:6:18:16:18:16:18:37":1,"s:19:4:19:Infinity":2,"s:21:2:21:Infinity":3,"s:32:30:40:Infinity":4,"f:32:30:32:31":1,"b:33:2:35:Infinity:undefined:undefined:undefined:undefined":2,"s:33:2:35:Infinity":5,"s:34:4:34:Infinity":6,"b:36:2:38:Infinity:undefined:undefined:undefined:undefined":3,"s:36:2:38:Infinity":7,"s:37:4:37:Infinity":8,"s:39:2:39:Infinity":9,"s:47:30:53:Infinity":10,"f:47:30:47:31":2,"s:48:22:48:Infinity":11,"b:49:2:51:Infinity:undefined:undefined:undefined:undefined":4,"s:49:2:51:Infinity":12,"s:50:4:50:Infinity":13,"s:52:2:52:Infinity":14,"s:60:27:66:Infinity":15,"f:60:27:60:28":3,"s:61:19:61:Infinity":16,"b:62:2:64:Infinity:undefined:undefined:undefined:undefined":5,"s:62:2:64:Infinity":17,"s:63:4:63:Infinity":18,"s:65:2:65:Infinity":19,"s:73:27:81:Infinity":20,"f:73:27:73:28":4,"s:74:2:80:Infinity":21,"s:75:4:75:Infinity":22,"s:76:4:76:Infinity":23,"s:78:4:78:Infinity":24,"s:79:4:79:Infinity":25,"s:88:28:96:Infinity":26,"f:88:28:88:29":5,"s:89:2:95:Infinity":27,"s:90:4:90:Infinity":28,"s:91:4:91:Infinity":29,"s:93:4:93:Infinity":30,"s:94:4:94:Infinity":31,"s:103:33:115:Infinity":32,"f:103:33:103:34":6,"s:104:14:104:Infinity":33,"b:105:2:107:Infinity:undefined:undefined:undefined:undefined":6,"s:105:2:107:Infinity":34,"s:106:4:106:Infinity":35,"s:109:23:109:Infinity":36,"s:110:23:110:Infinity":37,"b:111:2:113:Infinity:undefined:undefined:undefined:undefined":7,"s:111:2:113:Infinity":38,"b:111:6:111:28:111:28:111:55":8,"s:112:4:112:Infinity":39,"s:114:2:114:Infinity":40,"s:122:28:128:Infinity":41,"f:122:28:122:29":7,"s:123:15:123:Infinity":42,"b:124:2:126:Infinity:undefined:undefined:undefined:undefined":9,"s:124:2:126:Infinity":43,"s:125:4:125:Infinity":44,"s:127:2:127:Infinity":45,"s:135:32:141:Infinity":46,"f:135:32:135:33":8,"s:136:24:136:Infinity":47,"b:137:2:139:Infinity:undefined:undefined:undefined:undefined":10,"s:137:2:139:Infinity":48,"s:138:4:138:Infinity":49,"s:140:2:140:Infinity":50,"s:148:29:154:Infinity":51,"f:148:29:148:30":9,"s:149:21:149:Infinity":52,"b:150:2:152:Infinity:undefined:undefined:undefined:undefined":11,"s:150:2:152:Infinity":53,"s:151:4:151:Infinity":54,"s:153:2:153:Infinity":55,"s:162:36:168:Infinity":56,"f:162:36:162:37":10,"s:163:28:163:Infinity":57,"b:164:2:166:Infinity:undefined:undefined:undefined:undefined":12,"s:164:2:166:Infinity":58,"s:165:4:165:Infinity":59,"s:167:2:167:Infinity":60,"s:176:31:182:Infinity":61,"f:176:31:176:32":11,"s:177:23:177:Infinity":62,"b:178:2:180:Infinity:undefined:undefined:undefined:undefined":13,"s:178:2:180:Infinity":63,"s:179:4:179:Infinity":64,"s:181:2:181:Infinity":65,"s:190:29:196:Infinity":66,"f:190:29:190:30":12,"s:191:21:191:Infinity":67,"b:192:2:194:Infinity:undefined:undefined:undefined:undefined":14,"s:192:2:194:Infinity":68,"s:193:4:193:Infinity":69,"s:195:2:195:Infinity":70,"s:204:43:224:Infinity":71,"f:204:43:204:44":13,"s:205:45:212:Infinity":72,"s:214:25:214:Infinity":73,"b:215:2:217:Infinity:undefined:undefined:undefined:undefined":15,"s:215:2:217:Infinity":74,"s:216:4:216:Infinity":75,"b:219:2:221:Infinity:undefined:undefined:undefined:undefined":16,"s:219:2:221:Infinity":76,"s:220:4:220:Infinity":77,"s:223:2:223:Infinity":78,"s:232:32:253:Infinity":79,"f:232:32:232:33":14,"b:233:2:233:Infinity:undefined:undefined:undefined:undefined":17,"s:233:2:233:Infinity":80,"s:233:11:233:Infinity":81,"s:235:44:241:Infinity":82,"s:243:25:243:Infinity":83,"b:244:2:246:Infinity:undefined:undefined:undefined:undefined":18,"s:244:2:246:Infinity":84,"s:245:4:245:Infinity":85,"b:248:2:250:Infinity:undefined:undefined:undefined:undefined":19,"s:248:2:250:Infinity":86,"s:249:4:249:Infinity":87,"s:252:2:252:Infinity":88,"s:260:30:265:Infinity":89,"f:260:30:260:31":15,"b:261:2:263:Infinity:undefined:undefined:undefined:undefined":20,"s:261:2:263:Infinity":90,"s:262:4:262:Infinity":91,"s:264:2:264:Infinity":92,"s:272:30:278:Infinity":93,"f:272:30:272:31":16,"s:273:22:273:Infinity":94,"b:274:2:276:Infinity:undefined:undefined:undefined:undefined":21,"s:274:2:276:Infinity":95,"s:275:4:275:Infinity":96,"s:277:2:277:Infinity":97,"s:285:33:291:Infinity":98,"f:285:33:285:34":17,"s:286:25:286:Infinity":99,"b:287:2:289:Infinity:undefined:undefined:undefined:undefined":22,"s:287:2:289:Infinity":100,"s:288:4:288:Infinity":101,"s:290:2:290:Infinity":102,"s:300:33:305:Infinity":103,"f:300:33:300:34":18,"b:301:2:303:Infinity:undefined:undefined:undefined:undefined":23,"s:301:2:303:Infinity":104,"s:302:4:302:Infinity":105,"s:304:2:304:Infinity":106,"s:314:33:319:Infinity":107,"f:314:33:314:34":19,"b:315:2:317:Infinity:undefined:undefined:undefined:undefined":24,"s:315:2:317:Infinity":108,"s:316:4:316:Infinity":109,"s:318:2:318:Infinity":110,"s:327:33:335:Infinity":111,"f:327:33:327:34":20,"s:328:2:333:Infinity":112,"s:329:19:329:Infinity":113,"b:330:4:332:Infinity:undefined:undefined:undefined:undefined":25,"s:330:4:332:Infinity":114,"s:331:6:331:Infinity":115,"s:334:2:334:Infinity":116}}}
}
