TN:
SF:src/components/ErrorBoundary.tsx
FN:24,(anonymous_0)
FN:34,(anonymous_1)
FN:39,(anonymous_2)
FN:54,(anonymous_3)
FN:62,(anonymous_4)
FN:114,(anonymous_5)
FNF:6
FNH:5
FNDA:12,(anonymous_0)
FNDA:1,(anonymous_1)
FNDA:6,(anonymous_2)
FNDA:1,(anonymous_3)
FNDA:31,(anonymous_4)
FNDA:0,(anonymous_5)
DA:10,1
DA:25,12
DA:26,12
DA:35,12
DA:40,6
DA:41,6
DA:44,6
DA:54,1
DA:55,1
DA:63,31
DA:64,18
DA:109,13
DA:114,1
DA:115,0
DA:117,0
DA:119,0
LF:16
LH:13
BRDA:63,0,0,18
BRDA:63,0,1,13
BRDA:90,1,0,18
BRDA:90,1,1,6
BRDA:117,2,0,0
BRDA:117,2,1,0
BRDA:142,3,0,0
BRDA:142,3,1,0
BRF:8
BRH:4
end_of_record
TN:
SF:src/components/LanguageSwitcher.tsx
FN:8,(anonymous_0)
FN:15,(anonymous_1)
FN:22,(anonymous_2)
FNF:3
FNH:2
FNDA:7,(anonymous_0)
FNDA:28,(anonymous_1)
FNDA:0,(anonymous_2)
DA:8,1
DA:9,7
DA:11,7
DA:15,28
DA:22,0
DA:25,7
LF:6
LH:5
BRDA:11,0,0,7
BRDA:11,0,1,0
BRDA:11,0,2,0
BRF:3
BRH:1
end_of_record
TN:
SF:src/components/Layout/MainLayout.tsx
FN:15,(anonymous_0)
FN:23,(anonymous_1)
FN:31,(anonymous_2)
FN:68,(anonymous_3)
FNF:4
FNH:2
FNDA:0,(anonymous_0)
FNDA:7,(anonymous_1)
FNDA:7,(anonymous_2)
FNDA:0,(anonymous_3)
DA:12,1
DA:15,1
DA:16,0
DA:21,1
DA:23,1
DA:24,7
DA:25,7
DA:26,7
DA:27,7
DA:28,7
DA:31,7
DA:33,7
DA:34,0
DA:38,7
DA:39,7
DA:40,7
DA:41,7
DA:42,0
DA:47,7
DA:51,7
DA:52,7
DA:53,7
DA:55,7
DA:68,0
DA:93,1
LF:25
LH:21
BRDA:33,0,0,0
BRDA:33,0,1,7
BRDA:39,1,0,7
BRDA:39,1,1,0
BRDA:41,2,0,0
BRDA:41,2,1,7
BRDA:51,3,0,0
BRDA:51,3,1,7
BRDA:52,4,0,0
BRDA:52,4,1,7
BRDA:53,5,0,0
BRDA:53,5,1,7
BRDA:72,6,0,0
BRDA:72,6,1,7
BRDA:72,7,0,0
BRDA:72,7,1,7
BRF:16
BRH:8
end_of_record
TN:
SF:src/components/Layout/SideMenu.tsx
FN:34,(anonymous_0)
FN:40,(anonymous_1)
FN:42,(anonymous_2)
FN:43,(anonymous_3)
FN:50,(anonymous_4)
FN:58,(anonymous_5)
FN:59,(anonymous_6)
FN:67,(anonymous_7)
FNF:8
FNH:7
FNDA:23,(anonymous_0)
FNDA:23,(anonymous_1)
FNDA:0,(anonymous_2)
FNDA:138,(anonymous_3)
FNDA:115,(anonymous_4)
FNDA:23,(anonymous_5)
FNDA:138,(anonymous_6)
FNDA:6,(anonymous_7)
DA:15,2
DA:25,2
DA:34,2
DA:35,23
DA:36,23
DA:37,23
DA:40,23
DA:41,23
DA:42,0
DA:43,138
DA:50,23
DA:51,115
DA:52,115
DA:53,115
DA:58,23
DA:59,23
DA:60,138
DA:61,138
DA:62,138
DA:69,6
DA:75,23
DA:85,2
LF:22
LH:21
BRDA:41,0,0,0
BRDA:41,0,1,23
BRDA:65,1,0,138
BRDA:65,1,1,0
BRDA:66,2,0,138
BRDA:66,2,1,0
BRF:6
BRH:3
end_of_record
TN:
SF:src/components/styles/ErrorBoundary.module.css
FNF:0
FNH:0
LF:0
LH:0
BRF:0
BRH:0
end_of_record
TN:
SF:src/components/styles/MainLayout.module.css
FNF:0
FNH:0
LF:0
LH:0
BRF:0
BRH:0
end_of_record
TN:
SF:src/components/styles/SideMenu.module.css
FNF:0
FNH:0
LF:0
LH:0
BRF:0
BRH:0
end_of_record
TN:
SF:src/context/ContextEventBus.ts
FN:36,(anonymous_0)
FN:43,(anonymous_1)
FN:51,(anonymous_2)
FN:52,(anonymous_3)
FN:66,(anonymous_4)
FN:73,(anonymous_5)
FN:81,(anonymous_6)
FNF:7
FNH:3
FNDA:144,(anonymous_0)
FNDA:144,(anonymous_1)
FNDA:0,(anonymous_2)
FNDA:0,(anonymous_3)
FNDA:144,(anonymous_4)
FNDA:0,(anonymous_5)
FNDA:0,(anonymous_6)
DA:28,5
DA:37,144
DA:38,15
DA:40,144
DA:43,144
DA:52,0
DA:53,0
DA:54,0
DA:56,0
DA:67,144
DA:74,0
DA:82,0
DA:89,5
DA:94,5
LF:14
LH:8
BRDA:37,0,0,15
BRDA:37,0,1,129
BRDA:82,1,0,0
BRDA:82,1,1,0
BRF:4
BRH:2
end_of_record
TN:
SF:src/context/EncodingContext.tsx
FN:13,(anonymous_0)
FN:28,(anonymous_1)
FN:48,(anonymous_2)
FN:63,(anonymous_3)
FN:67,(anonymous_4)
FN:71,(anonymous_5)
FN:75,(anonymous_6)
FN:80,(anonymous_7)
FNF:8
FNH:4
FNDA:151,(anonymous_0)
FNDA:80,(anonymous_1)
FNDA:152,(anonymous_2)
FNDA:0,(anonymous_3)
FNDA:0,(anonymous_4)
FNDA:0,(anonymous_5)
FNDA:0,(anonymous_6)
FNDA:151,(anonymous_7)
DA:13,6
DA:14,151
DA:15,151
DA:16,151
DA:17,151
DA:19,151
DA:28,6
DA:29,80
DA:31,39
DA:33,38
DA:35,1
DA:37,2
DA:39,0
DA:48,6
DA:49,152
DA:52,152
DA:63,152
DA:64,0
DA:67,152
DA:68,0
DA:71,152
DA:72,0
DA:75,152
DA:76,0
DA:79,152
DA:80,151
DA:91,152
LF:27
LH:22
BRDA:20,0,0,151
BRDA:20,0,1,151
BRDA:21,1,0,151
BRDA:21,1,1,151
BRDA:22,2,0,151
BRDA:22,2,1,151
BRDA:23,3,0,151
BRDA:23,3,1,151
BRDA:29,4,0,39
BRDA:29,4,1,38
BRDA:29,4,2,1
BRDA:29,4,3,2
BRDA:29,4,4,0
BRF:13
BRH:12
end_of_record
TN:
SF:src/context/ErrorContext.tsx
FN:12,(anonymous_0)
FN:28,(anonymous_1)
FN:32,(anonymous_2)
FN:50,(anonymous_3)
FN:58,(anonymous_4)
FN:63,(anonymous_5)
FN:73,(anonymous_6)
FN:83,(anonymous_7)
FN:92,(anonymous_8)
FN:93,(anonymous_9)
FN:98,(anonymous_10)
FNF:11
FNH:5
FNDA:0,(anonymous_0)
FNDA:54,(anonymous_1)
FNDA:0,(anonymous_2)
FNDA:0,(anonymous_3)
FNDA:48,(anonymous_4)
FNDA:0,(anonymous_5)
FNDA:0,(anonymous_6)
FNDA:0,(anonymous_7)
FNDA:48,(anonymous_8)
FNDA:144,(anonymous_9)
FNDA:53,(anonymous_10)
DA:12,5
DA:13,0
DA:15,0
DA:17,0
DA:19,0
DA:28,5
DA:29,54
DA:32,54
DA:33,0
DA:39,0
DA:47,0
DA:50,54
DA:51,0
DA:54,0
DA:58,54
DA:59,48
DA:62,48
DA:64,0
DA:72,48
DA:74,0
DA:82,48
DA:84,0
DA:92,48
DA:93,144
DA:97,54
DA:98,53
DA:107,54
LF:27
LH:15
BRDA:13,0,0,0
BRDA:13,0,1,0
BRDA:13,0,2,0
BRDA:42,1,0,0
BRDA:42,1,1,0
BRDA:43,2,0,0
BRDA:43,2,1,0
BRDA:44,3,0,0
BRDA:44,3,1,0
BRF:9
BRH:0
end_of_record
TN:
SF:src/context/PluginContext.tsx
FN:15,(anonymous_0)
FN:32,(anonymous_1)
FN:40,(anonymous_2)
FN:42,(anonymous_3)
FN:98,(anonymous_4)
FN:104,(anonymous_5)
FN:109,(anonymous_6)
FN:114,(anonymous_7)
FN:119,(anonymous_8)
FN:124,(anonymous_9)
FNF:10
FNH:5
FNDA:48,(anonymous_0)
FNDA:102,(anonymous_1)
FNDA:48,(anonymous_2)
FNDA:0,(anonymous_3)
FNDA:48,(anonymous_4)
FNDA:0,(anonymous_5)
FNDA:0,(anonymous_6)
FNDA:0,(anonymous_7)
FNDA:0,(anonymous_8)
FNDA:101,(anonymous_9)
DA:15,5
DA:16,48
DA:18,48
DA:20,0
DA:22,0
DA:32,5
DA:36,102
DA:37,102
DA:40,102
DA:42,48
DA:43,0
DA:46,0
DA:48,0
DA:52,0
DA:54,0
DA:57,0
DA:59,0
DA:62,0
DA:65,0
DA:70,0
DA:71,0
DA:75,0
DA:79,0
DA:81,0
DA:85,0
DA:92,48
DA:95,48
DA:98,48
DA:99,48
DA:104,102
DA:105,0
DA:109,102
DA:110,0
DA:114,102
DA:115,0
DA:119,102
DA:120,0
DA:123,102
DA:124,101
DA:136,102
LF:40
LH:19
BRDA:16,0,0,48
BRDA:16,0,1,0
BRDA:16,0,2,0
BRDA:34,1,0,102
BRDA:46,2,0,0
BRDA:46,2,1,0
BRDA:46,2,2,0
BRDA:46,2,3,0
BRDA:46,2,4,0
BRDA:46,2,5,0
BRDA:49,3,0,0
BRDA:49,3,1,0
BRDA:55,4,0,0
BRDA:55,4,1,0
BRDA:60,5,0,0
BRDA:60,5,1,0
BRDA:66,6,0,0
BRDA:66,6,1,0
BRDA:67,7,0,0
BRDA:67,7,1,0
BRDA:68,8,0,0
BRDA:68,8,1,0
BRF:22
BRH:2
end_of_record
TN:
SF:src/context/ThemeContext.tsx
FN:13,(anonymous_0)
FN:14,(anonymous_1)
FN:20,(anonymous_2)
FN:21,(anonymous_3)
FN:24,(anonymous_4)
FN:30,(anonymous_5)
FN:32,(anonymous_6)
FN:38,(anonymous_7)
FN:41,(anonymous_8)
FN:46,(anonymous_9)
FN:47,(anonymous_10)
FN:55,(anonymous_11)
FNF:12
FNH:11
FNDA:82,(anonymous_0)
FNDA:72,(anonymous_1)
FNDA:81,(anonymous_2)
FNDA:80,(anonymous_3)
FNDA:76,(anonymous_4)
FNDA:76,(anonymous_5)
FNDA:0,(anonymous_6)
FNDA:76,(anonymous_7)
FNDA:8,(anonymous_8)
FNDA:2,(anonymous_9)
FNDA:2,(anonymous_10)
FNDA:81,(anonymous_11)
DA:13,6
DA:14,82
DA:15,72
DA:16,72
DA:20,82
DA:21,82
DA:24,82
DA:25,76
DA:26,76
DA:30,82
DA:31,76
DA:32,76
DA:33,0
DA:34,0
DA:37,76
DA:38,76
DA:41,82
DA:42,8
DA:43,7
DA:46,82
DA:47,2
DA:48,2
DA:49,1
DA:50,0
DA:54,82
DA:55,81
DA:59,82
LF:27
LH:24
BRDA:16,0,0,53
BRDA:16,0,1,19
BRDA:16,1,0,72
BRDA:16,1,1,53
BRDA:21,2,0,12
BRDA:21,2,1,68
BRDA:33,3,0,0
BRDA:33,3,1,0
BRDA:42,4,0,1
BRDA:42,4,1,7
BRDA:48,5,0,1
BRDA:48,5,1,1
BRDA:49,6,0,1
BRDA:49,6,1,0
BRDA:50,7,0,0
BRDA:50,7,1,0
BRF:16
BRH:11
end_of_record
TN:
SF:src/context/definitions.ts
FN:38,(anonymous_0)
FN:39,(anonymous_1)
FN:40,(anonymous_2)
FN:41,(anonymous_3)
FN:42,(anonymous_4)
FN:53,(anonymous_5)
FN:54,(anonymous_6)
FN:55,(anonymous_7)
FN:69,(anonymous_8)
FN:70,(anonymous_9)
FN:71,(anonymous_10)
FN:72,(anonymous_11)
FN:73,(anonymous_12)
FNF:13
FNH:0
FNDA:0,(anonymous_0)
FNDA:0,(anonymous_1)
FNDA:0,(anonymous_2)
FNDA:0,(anonymous_3)
FNDA:0,(anonymous_4)
FNDA:0,(anonymous_5)
FNDA:0,(anonymous_6)
FNDA:0,(anonymous_7)
FNDA:0,(anonymous_8)
FNDA:0,(anonymous_9)
FNDA:0,(anonymous_10)
FNDA:0,(anonymous_11)
FNDA:0,(anonymous_12)
DA:26,7
DA:29,7
DA:46,7
DA:59,7
DA:70,0
DA:71,0
DA:72,0
DA:73,0
LF:8
LH:4
BRF:0
BRH:0
end_of_record
TN:
SF:src/context/types.ts
FNF:0
FNH:0
DA:20,7
DA:44,7
DA:60,7
LF:3
LH:3
BRF:0
BRH:0
end_of_record
TN:
SF:src/hooks/useEncodingContext.ts
FN:4,(anonymous_0)
FNF:1
FNH:1
FNDA:101,(anonymous_0)
DA:4,2
DA:5,101
DA:6,101
DA:7,0
DA:9,101
LF:5
LH:4
BRDA:6,0,0,0
BRDA:6,0,1,101
BRF:2
BRH:1
end_of_record
TN:
SF:src/hooks/useErrorContext.ts
FN:4,(anonymous_0)
FNF:1
FNH:0
FNDA:0,(anonymous_0)
DA:4,1
DA:5,0
DA:6,0
DA:7,0
DA:9,0
LF:5
LH:1
BRDA:6,0,0,0
BRDA:6,0,1,0
BRF:2
BRH:0
end_of_record
TN:
SF:src/hooks/usePersistedState.ts
FN:28,usePersistedContext
FN:33,(anonymous_1)
FN:35,(anonymous_2)
FN:64,useMultiKeyPersistedState
FN:72,(anonymous_4)
FN:76,(anonymous_5)
FN:94,(anonymous_6)
FN:95,(anonymous_7)
FN:104,(anonymous_8)
FN:116,usePersistedState
FN:120,(anonymous_10)
FN:126,(anonymous_11)
FN:137,useSessionState
FN:141,(anonymous_13)
FN:147,(anonymous_14)
FN:155,usePersistedTheme
FN:162,usePersistedLanguage
FN:169,usePersistedEncodingState
FN:205,usePersistedCryptoState
FN:228,usePersistedCurrentModule
FNF:20
FNH:20
FNDA:4,usePersistedContext
FNDA:4,(anonymous_1)
FNDA:5,(anonymous_2)
FNDA:158,useMultiKeyPersistedState
FNDA:153,(anonymous_4)
FNDA:594,(anonymous_5)
FNDA:3,(anonymous_6)
FNDA:3,(anonymous_7)
FNDA:153,(anonymous_8)
FNDA:129,usePersistedState
FNDA:70,(anonymous_10)
FNDA:101,(anonymous_11)
FNDA:6,useSessionState
FNDA:4,(anonymous_13)
FNDA:6,(anonymous_14)
FNDA:5,usePersistedTheme
FNDA:3,usePersistedLanguage
FNDA:12,usePersistedEncodingState
FNDA:12,usePersistedCryptoState
FNDA:3,usePersistedCurrentModule
DA:31,4
DA:33,4
DA:34,4
DA:35,4
DA:36,5
DA:37,5
DA:42,4
DA:43,4
DA:68,158
DA:69,158
DA:70,158
DA:72,158
DA:74,153
DA:76,153
DA:77,594
DA:78,594
DA:81,594
DA:82,8
DA:83,8
DA:88,153
DA:89,7
DA:90,4
DA:94,7
DA:95,3
DA:96,3
DA:97,3
DA:104,153
DA:105,153
DA:106,7
DA:120,129
DA:121,70
DA:122,70
DA:126,129
DA:127,101
DA:130,129
DA:141,6
DA:142,4
DA:143,4
DA:147,6
DA:148,6
DA:151,6
DA:156,5
DA:163,3
DA:170,12
DA:174,12
DA:178,12
DA:182,12
DA:186,12
DA:191,12
DA:207,12
DA:208,12
DA:211,12
DA:215,12
DA:220,12
DA:229,3
LF:55
LH:55
BRDA:36,0,0,5
BRDA:36,0,1,0
BRDA:42,1,0,4
BRDA:42,1,1,0
BRDA:81,2,0,8
BRDA:81,2,1,586
BRDA:88,3,0,7
BRDA:88,3,1,146
BRDA:89,4,0,4
BRDA:89,4,1,3
BRDA:96,5,0,3
BRDA:96,5,1,0
BRDA:105,6,0,7
BRDA:105,6,1,146
BRDA:122,7,0,1
BRDA:122,7,1,69
BRDA:143,8,0,3
BRDA:143,8,1,1
BRF:18
BRH:15
end_of_record
TN:
SF:src/hooks/useTheme.ts
FN:4,(anonymous_0)
FNF:1
FNH:1
FNDA:37,(anonymous_0)
DA:4,3
DA:5,37
DA:6,37
DA:7,2
DA:9,35
LF:5
LH:5
BRDA:6,0,0,2
BRDA:6,0,1,35
BRF:2
BRH:2
end_of_record
TN:
SF:src/hooks/useUrlSync.ts
FN:32,isValidEncoderType
FN:39,isValidCryptoAlgorithm
FN:46,isValidOperation
FN:53,isValidModule
FN:61,isValidString
FN:70,useUrlSync
FN:96,(anonymous_6)
FN:118,(anonymous_7)
FN:122,(anonymous_8)
FN:129,(anonymous_9)
FN:134,(anonymous_10)
FN:142,(anonymous_11)
FN:165,(anonymous_12)
FN:186,usePathParam
FN:195,useUrlState
FN:213,(anonymous_15)
FN:219,(anonymous_16)
FN:232,(anonymous_17)
FN:233,(anonymous_18)
FN:235,(anonymous_19)
FN:253,(anonymous_20)
FN:277,useAppNavigate
FN:285,(anonymous_22)
FN:291,(anonymous_23)
FNF:24
FNH:17
FNDA:0,isValidEncoderType
FNDA:0,isValidCryptoAlgorithm
FNDA:0,isValidOperation
FNDA:0,isValidModule
FNDA:24,isValidString
FNDA:19,useUrlSync
FNDA:15,(anonymous_6)
FNDA:17,(anonymous_7)
FNDA:15,(anonymous_8)
FNDA:6,(anonymous_9)
FNDA:6,(anonymous_10)
FNDA:17,(anonymous_11)
FNDA:0,(anonymous_12)
FNDA:2,usePathParam
FNDA:25,useUrlState
FNDA:25,(anonymous_15)
FNDA:7,(anonymous_16)
FNDA:5,(anonymous_17)
FNDA:5,(anonymous_18)
FNDA:5,(anonymous_19)
FNDA:12,(anonymous_20)
FNDA:5,useAppNavigate
FNDA:0,(anonymous_22)
FNDA:0,(anonymous_23)
DA:10,1
DA:17,1
DA:22,1
DA:25,1
DA:33,0
DA:40,0
DA:47,0
DA:54,0
DA:62,24
DA:93,19
DA:94,19
DA:95,19
DA:96,19
DA:97,15
DA:98,15
DA:100,11
DA:101,0
DA:102,0
DA:105,11
DA:106,3
DA:107,3
DA:109,8
DA:111,4
DA:113,19
DA:114,19
DA:115,19
DA:116,19
DA:118,19
DA:119,17
DA:122,19
DA:123,15
DA:124,15
DA:125,15
DA:129,19
DA:130,6
DA:131,6
DA:132,6
DA:133,6
DA:134,6
DA:135,6
DA:136,6
DA:137,6
DA:142,19
DA:143,17
DA:144,13
DA:146,13
DA:147,0
DA:148,0
DA:151,13
DA:152,3
DA:153,3
DA:155,10
DA:156,10
DA:158,13
DA:159,4
DA:161,0
DA:162,0
DA:165,0
DA:166,0
DA:167,0
DA:168,0
DA:179,19
DA:187,2
DA:188,2
DA:208,25
DA:209,25
DA:210,25
DA:211,25
DA:213,25
DA:214,25
DA:215,25
DA:219,25
DA:220,7
DA:221,7
DA:222,13
DA:223,13
DA:224,5
DA:225,5
DA:228,7
DA:232,25
DA:233,5
DA:234,5
DA:235,5
DA:236,5
DA:237,5
DA:238,6
DA:239,6
DA:240,6
DA:241,5
DA:243,1
DA:246,5
DA:248,5
DA:253,25
DA:254,12
DA:255,12
DA:256,12
DA:257,24
DA:258,24
DA:259,13
DA:260,13
DA:261,13
DA:264,12
DA:266,8
DA:270,25
DA:278,5
DA:279,5
DA:281,5
DA:286,0
DA:292,0
DA:293,0
LF:110
LH:93
BRDA:93,0,0,19
BRDA:93,1,0,19
BRDA:93,1,1,13
BRDA:98,2,0,11
BRDA:98,2,1,4
BRDA:100,3,0,0
BRDA:100,3,1,11
BRDA:100,4,0,11
BRDA:100,4,1,0
BRDA:105,5,0,3
BRDA:105,5,1,8
BRDA:105,6,0,11
BRDA:105,6,1,11
BRDA:109,7,0,4
BRDA:109,7,1,4
BRDA:133,8,0,0
BRDA:133,8,1,6
BRDA:143,9,0,13
BRDA:143,9,1,4
BRDA:146,10,0,0
BRDA:146,10,1,13
BRDA:146,11,0,13
BRDA:146,11,1,0
BRDA:151,12,0,3
BRDA:151,12,1,10
BRDA:151,13,0,13
BRDA:151,13,1,13
BRDA:156,14,0,4
BRDA:156,14,1,6
BRDA:159,15,0,0
BRDA:159,15,1,4
BRDA:159,16,0,4
BRDA:159,16,1,3
BRDA:162,17,0,0
BRDA:162,17,1,0
BRDA:208,18,0,25
BRDA:208,19,0,25
BRDA:208,20,0,25
BRDA:208,20,1,19
BRDA:223,21,0,5
BRDA:223,21,1,8
BRDA:225,22,0,1
BRDA:225,22,1,4
BRDA:240,23,0,5
BRDA:240,23,1,1
BRDA:240,24,0,6
BRDA:240,24,1,6
BRDA:240,24,2,6
BRDA:241,25,0,1
BRDA:241,25,1,4
BRDA:258,26,0,13
BRDA:258,26,1,11
BRDA:260,27,0,2
BRDA:260,27,1,11
BRDA:264,28,0,8
BRDA:264,28,1,4
BRDA:292,29,0,0
BRDA:292,29,1,0
BRF:58
BRH:48
end_of_record
TN:
SF:src/i18n/index.ts
FN:45,(anonymous_0)
FN:51,(anonymous_1)
FNF:2
FNH:0
FNDA:0,(anonymous_0)
FNDA:0,(anonymous_1)
DA:10,5
DA:17,5
DA:37,5
DA:45,5
DA:46,0
DA:47,0
DA:51,5
LF:7
LH:5
BRF:0
BRH:0
end_of_record
TN:
SF:src/i18n/locales/en-US.ts
FNF:0
FNH:0
LF:0
LH:0
BRF:0
BRH:0
end_of_record
TN:
SF:src/i18n/locales/ja-JP.ts
FNF:0
FNH:0
LF:0
LH:0
BRF:0
BRH:0
end_of_record
TN:
SF:src/i18n/locales/ko-KR.ts
FNF:0
FNH:0
LF:0
LH:0
BRF:0
BRH:0
end_of_record
TN:
SF:src/i18n/locales/zh-CN.ts
FNF:0
FNH:0
LF:0
LH:0
BRF:0
BRH:0
end_of_record
TN:
SF:src/modules/index.ts
FN:35,(anonymous_0)
FN:43,(anonymous_1)
FN:51,(anonymous_2)
FN:59,(anonymous_3)
FN:68,(anonymous_4)
FN:77,(anonymous_5)
FN:86,registerLazyModule
FN:111,(anonymous_7)
FN:118,(anonymous_8)
FN:125,(anonymous_9)
FN:132,(anonymous_10)
FN:139,(anonymous_11)
FN:146,(anonymous_12)
FNF:13
FNH:1
FNDA:0,(anonymous_0)
FNDA:0,(anonymous_1)
FNDA:0,(anonymous_2)
FNDA:23,(anonymous_3)
FNDA:0,(anonymous_4)
FNDA:0,(anonymous_5)
FNDA:0,registerLazyModule
FNDA:0,(anonymous_7)
FNDA:0,(anonymous_8)
FNDA:0,(anonymous_9)
FNDA:0,(anonymous_10)
FNDA:0,(anonymous_11)
FNDA:0,(anonymous_12)
DA:28,2
DA:29,2
DA:36,0
DA:44,0
DA:52,0
DA:60,23
DA:69,0
DA:78,0
DA:83,2
DA:90,0
DA:91,0
DA:103,2
DA:111,2
DA:112,2
DA:113,0
DA:118,2
DA:119,2
DA:120,0
DA:125,2
DA:126,2
DA:127,0
DA:132,2
DA:133,2
DA:134,0
DA:139,2
DA:140,2
DA:141,0
DA:146,2
DA:147,2
DA:148,0
LF:30
LH:17
BRDA:104,0,0,2
BRDA:104,0,1,2
BRDA:104,0,2,0
BRDA:104,0,3,0
BRDA:112,1,0,0
BRDA:112,1,1,2
BRDA:119,2,0,0
BRDA:119,2,1,2
BRDA:126,3,0,0
BRDA:126,3,1,2
BRDA:133,4,0,0
BRDA:133,4,1,2
BRDA:140,5,0,0
BRDA:140,5,1,2
BRDA:147,6,0,0
BRDA:147,6,1,2
BRF:16
BRH:8
end_of_record
TN:
SF:src/modules/code-formatter/utils/formatters.ts
FN:61,formatWithPrettier
FN:86,formatJSON
FN:92,formatHTML
FN:97,formatCSS
FN:102,formatXML
FN:107,formatSQL
FN:122,formatJavaScript
FN:127,formatTypeScript
FN:132,formatSCSS
FN:137,formatLESS
FN:142,formatYAML
FN:147,formatMarkdown
FN:152,formatGraphQL
FN:157,formatPHP
FN:167,formatJava
FN:212,formatPython
FN:231,formatCSharp
FN:236,formatGo
FN:246,minifyJSON
FN:254,minifyHTML
FN:263,minifyCSS
FN:275,minifySQL
FN:283,minifyJavaScript
FN:301,minifyXML
FN:309,minifyYAML
FN:310,(anonymous_25)
FN:313,minifyMarkdown
FN:317,minifyGraphQL
FN:325,minifyPython
FN:326,(anonymous_29)
FN:333,formatCode
FN:363,minifyCode
FNF:32
FNH:22
FNDA:25,formatWithPrettier
FNDA:7,formatJSON
FNDA:2,formatHTML
FNDA:2,formatCSS
FNDA:2,formatXML
FNDA:3,formatSQL
FNDA:3,formatJavaScript
FNDA:3,formatTypeScript
FNDA:1,formatSCSS
FNDA:1,formatLESS
FNDA:1,formatYAML
FNDA:1,formatMarkdown
FNDA:1,formatGraphQL
FNDA:1,formatPHP
FNDA:3,formatJava
FNDA:1,formatPython
FNDA:1,formatCSharp
FNDA:1,formatGo
FNDA:1,minifyJSON
FNDA:1,minifyHTML
FNDA:1,minifyCSS
FNDA:0,minifySQL
FNDA:0,minifyJavaScript
FNDA:0,minifyXML
FNDA:0,minifyYAML
FNDA:0,(anonymous_25)
FNDA:0,minifyMarkdown
FNDA:0,minifyGraphQL
FNDA:0,minifyPython
FNDA:0,(anonymous_29)
FNDA:17,formatCode
FNDA:0,minifyCode
DA:53,1
DA:67,25
DA:68,25
DA:76,7
DA:77,7
DA:88,7
DA:93,2
DA:98,2
DA:103,2
DA:108,3
DA:109,3
DA:116,0
DA:117,0
DA:123,3
DA:128,3
DA:133,1
DA:138,1
DA:143,1
DA:148,1
DA:153,1
DA:158,1
DA:168,3
DA:169,3
DA:170,3
DA:171,3
DA:172,3
DA:174,3
DA:175,12
DA:176,12
DA:178,12
DA:179,0
DA:180,0
DA:181,0
DA:182,0
DA:183,0
DA:185,0
DA:186,0
DA:189,12
DA:190,0
DA:191,0
DA:194,12
DA:195,0
DA:196,12
DA:197,0
DA:198,0
DA:199,12
DA:200,0
DA:201,12
DA:204,12
DA:208,3
DA:213,1
DA:214,1
DA:215,1
DA:217,1
DA:218,1
DA:219,1
DA:220,0
DA:221,0
DA:223,1
DA:224,1
DA:225,1
DA:227,1
DA:232,1
DA:237,1
DA:238,1
DA:247,1
DA:248,1
DA:250,0
DA:255,1
DA:264,1
DA:276,0
DA:284,0
DA:293,1
DA:294,1
DA:295,1
DA:296,1
DA:297,1
DA:298,1
DA:299,1
DA:302,0
DA:310,0
DA:314,0
DA:318,0
DA:326,0
DA:338,17
DA:339,0
DA:340,1
DA:341,1
DA:342,1
DA:343,1
DA:344,1
DA:345,1
DA:346,1
DA:347,1
DA:348,1
DA:349,1
DA:350,1
DA:351,1
DA:353,1
DA:354,1
DA:355,1
DA:356,1
DA:358,1
DA:359,1
DA:364,0
DA:365,0
DA:366,0
DA:367,0
DA:368,0
DA:369,0
DA:370,0
DA:371,0
DA:372,0
DA:373,0
DA:374,0
DA:375,0
DA:376,0
DA:377,0
DA:378,0
DA:379,0
DA:380,0
DA:381,0
DA:383,0
DA:384,0
LF:124
LH:78
BRDA:86,0,0,7
BRDA:92,1,0,2
BRDA:97,2,0,2
BRDA:102,3,0,2
BRDA:107,4,0,3
BRDA:122,5,0,3
BRDA:127,6,0,3
BRDA:132,7,0,1
BRDA:137,8,0,1
BRDA:142,9,0,1
BRDA:147,10,0,1
BRDA:152,11,0,1
BRDA:157,12,0,1
BRDA:167,13,0,3
BRDA:168,14,0,1
BRDA:168,14,1,2
BRDA:178,15,0,0
BRDA:178,15,1,12
BRDA:178,16,0,12
BRDA:178,16,1,12
BRDA:178,16,2,0
BRDA:179,17,0,0
BRDA:179,17,1,0
BRDA:182,18,0,0
BRDA:182,18,1,0
BRDA:189,19,0,0
BRDA:189,19,1,12
BRDA:194,20,0,0
BRDA:194,20,1,12
BRDA:196,21,0,0
BRDA:196,21,1,12
BRDA:199,22,0,0
BRDA:199,22,1,12
BRDA:201,23,0,0
BRDA:201,23,1,12
BRDA:212,24,0,1
BRDA:213,25,0,0
BRDA:213,25,1,1
BRDA:219,26,0,0
BRDA:219,26,1,1
BRDA:223,27,0,1
BRDA:223,27,1,1
BRDA:231,28,0,1
BRDA:236,29,0,1
BRDA:310,30,0,0
BRDA:310,30,1,0
BRDA:326,31,0,0
BRDA:326,31,1,0
BRDA:336,32,0,17
BRDA:338,33,0,0
BRDA:338,33,1,1
BRDA:338,33,2,1
BRDA:338,33,3,1
BRDA:338,33,4,1
BRDA:338,33,5,1
BRDA:338,33,6,1
BRDA:338,33,7,1
BRDA:338,33,8,1
BRDA:338,33,9,1
BRDA:338,33,10,1
BRDA:338,33,11,1
BRDA:338,33,12,1
BRDA:338,33,13,1
BRDA:338,33,14,1
BRDA:338,33,15,1
BRDA:338,33,16,1
BRDA:338,33,17,1
BRDA:364,34,0,0
BRDA:364,34,1,0
BRDA:364,34,2,0
BRDA:364,34,3,0
BRDA:364,34,4,0
BRDA:364,34,5,0
BRDA:364,34,6,0
BRDA:364,34,7,0
BRDA:364,34,8,0
BRDA:364,34,9,0
BRDA:364,34,10,0
BRDA:364,34,11,0
BRDA:364,34,12,0
BRDA:364,34,13,0
BRDA:364,34,14,0
BRDA:364,34,15,0
BRDA:364,34,16,0
BRDA:364,34,17,0
BRF:85
BRH:49
end_of_record
TN:
SF:src/modules/code-formatter/utils/syntax-checker.ts
FN:17,checkJsonSyntax
FN:55,checkDuplicateKeys
FN:67,(anonymous_2)
FN:76,checkJavaScriptSyntax
FN:97,checkHtmlSyntax
FN:120,checkCssSyntax
FN:137,(anonymous_6)
FN:159,checkXmlSyntax
FN:189,checkYamlSyntax
FN:199,(anonymous_9)
FN:221,checkPythonSyntax
FN:231,(anonymous_11)
FN:272,checkBracketMatching
FN:309,(anonymous_13)
FN:316,checkQuoteMatching
FN:319,(anonymous_15)
FN:352,checkCommonJsErrors
FN:355,(anonymous_17)
FN:377,checkHtmlTagMatching
FN:408,(anonymous_19)
FN:415,checkHtmlAttributes
FN:427,getLineAndColumn
FN:436,checkSyntax
FNF:23
FNH:23
FNDA:16,checkJsonSyntax
FNDA:9,checkDuplicateKeys
FNDA:15,(anonymous_2)
FNDA:19,checkJavaScriptSyntax
FNDA:15,checkHtmlSyntax
FNDA:17,checkCssSyntax
FNDA:15,(anonymous_6)
FNDA:11,checkXmlSyntax
FNDA:13,checkYamlSyntax
FNDA:23,(anonymous_9)
FNDA:14,checkPythonSyntax
FNDA:21,(anonymous_11)
FNDA:19,checkBracketMatching
FNDA:4,(anonymous_13)
FNDA:17,checkQuoteMatching
FNDA:17,(anonymous_15)
FNDA:17,checkCommonJsErrors
FNDA:17,(anonymous_17)
FNDA:13,checkHtmlTagMatching
FNDA:1,(anonymous_19)
FNDA:13,checkHtmlAttributes
FNDA:16,getLineAndColumn
FNDA:12,checkSyntax
DA:18,16
DA:19,16
DA:21,16
DA:22,3
DA:25,13
DA:26,13
DA:28,4
DA:30,4
DA:31,4
DA:32,4
DA:33,4
DA:38,13
DA:40,9
DA:41,0
DA:42,0
DA:43,0
DA:44,0
DA:48,9
DA:51,13
DA:56,9
DA:57,9
DA:60,9
DA:61,16
DA:62,16
DA:63,16
DA:64,16
DA:67,9
DA:68,15
DA:69,1
DA:70,1
DA:77,19
DA:78,19
DA:80,19
DA:81,2
DA:85,17
DA:88,17
DA:91,17
DA:93,17
DA:98,15
DA:99,15
DA:101,15
DA:102,2
DA:106,13
DA:109,13
DA:112,13
DA:113,0
DA:116,13
DA:121,17
DA:122,17
DA:124,17
DA:125,2
DA:129,15
DA:130,17
DA:131,17
DA:132,2
DA:136,15
DA:137,15
DA:138,15
DA:140,15
DA:141,0
DA:146,15
DA:147,15
DA:148,1
DA:149,1
DA:150,1
DA:151,1
DA:155,15
DA:160,11
DA:161,11
DA:163,11
DA:164,2
DA:168,9
DA:169,9
DA:170,9
DA:171,9
DA:172,9
DA:173,2
DA:174,2
DA:177,0
DA:181,9
DA:182,2
DA:185,9
DA:190,13
DA:191,13
DA:193,13
DA:194,2
DA:197,11
DA:199,11
DA:200,23
DA:203,23
DA:206,21
DA:207,1
DA:211,21
DA:212,1
DA:213,1
DA:217,11
DA:222,14
DA:223,14
DA:225,14
DA:226,2
DA:229,12
DA:231,12
DA:232,21
DA:235,21
DA:237,20
DA:240,21
DA:241,0
DA:245,20
DA:246,20
DA:247,7
DA:248,7
DA:249,1
DA:254,20
DA:255,21
DA:258,21
DA:259,1
DA:264,12
DA:265,1
DA:268,12
DA:273,19
DA:274,19
DA:275,19
DA:277,19
DA:278,19
DA:280,19
DA:281,547
DA:282,547
DA:285,547
DA:286,13
DA:287,7
DA:288,7
DA:289,6
DA:290,6
DA:292,13
DA:295,534
DA:297,482
DA:298,29
DA:299,453
DA:300,25
DA:301,25
DA:302,0
DA:303,0
DA:309,19
DA:310,4
DA:311,4
DA:317,17
DA:319,17
DA:320,17
DA:321,17
DA:322,17
DA:324,17
DA:325,478
DA:326,478
DA:329,478
DA:331,478
DA:332,4
DA:333,4
DA:334,4
DA:335,474
DA:336,3
DA:340,17
DA:341,1
DA:353,17
DA:355,17
DA:356,17
DA:357,17
DA:360,17
DA:361,1
DA:365,17
DA:366,1
DA:370,17
DA:371,3
DA:378,13
DA:379,13
DA:381,13
DA:384,13
DA:385,49
DA:386,49
DA:389,49
DA:391,40
DA:393,20
DA:394,20
DA:395,1
DA:396,1
DA:397,19
DA:398,3
DA:399,3
DA:403,20
DA:408,13
DA:409,1
DA:410,1
DA:417,13
DA:420,13
DA:421,1
DA:422,1
DA:428,16
DA:429,16
DA:437,12
DA:439,1
DA:442,2
DA:444,1
DA:448,3
DA:450,1
DA:452,1
DA:454,1
DA:457,2
DA:458,2
DA:459,2
LF:208
LH:198
BRDA:21,0,0,3
BRDA:21,0,1,13
BRDA:28,1,0,4
BRDA:28,1,1,0
BRDA:31,2,0,4
BRDA:31,2,1,0
BRDA:38,3,0,9
BRDA:38,3,1,4
BRDA:38,4,0,13
BRDA:38,4,1,13
BRDA:40,5,0,0
BRDA:40,5,1,9
BRDA:42,6,0,0
BRDA:42,6,1,0
BRDA:42,7,0,0
BRDA:42,7,1,0
BRDA:62,8,0,16
BRDA:62,8,1,15
BRDA:68,9,0,1
BRDA:68,9,1,14
BRDA:80,10,0,2
BRDA:80,10,1,17
BRDA:101,11,0,2
BRDA:101,11,1,13
BRDA:112,12,0,0
BRDA:112,12,1,13
BRDA:112,13,0,13
BRDA:112,13,1,12
BRDA:124,14,0,2
BRDA:124,14,1,15
BRDA:129,15,0,15
BRDA:129,15,1,0
BRDA:130,16,0,17
BRDA:130,16,1,1
BRDA:131,17,0,2
BRDA:131,17,1,15
BRDA:140,18,0,0
BRDA:140,18,1,15
BRDA:140,19,0,15
BRDA:140,19,1,15
BRDA:140,19,2,15
BRDA:140,19,3,1
BRDA:140,19,4,0
BRDA:140,19,5,0
BRDA:140,19,6,0
BRDA:140,19,7,0
BRDA:140,19,8,0
BRDA:147,20,0,1
BRDA:147,20,1,14
BRDA:149,21,0,1
BRDA:149,21,1,0
BRDA:149,22,0,1
BRDA:149,22,1,1
BRDA:163,23,0,2
BRDA:163,23,1,9
BRDA:172,24,0,2
BRDA:172,24,1,7
BRDA:173,25,0,2
BRDA:173,25,1,0
BRDA:177,26,0,0
BRDA:177,26,1,0
BRDA:181,27,0,2
BRDA:181,27,1,7
BRDA:193,28,0,2
BRDA:193,28,1,11
BRDA:203,29,0,2
BRDA:203,29,1,21
BRDA:203,30,0,23
BRDA:203,30,1,23
BRDA:206,31,0,1
BRDA:206,31,1,20
BRDA:211,32,0,1
BRDA:211,32,1,20
BRDA:211,33,0,21
BRDA:211,33,1,3
BRDA:211,33,2,3
BRDA:225,34,0,2
BRDA:225,34,1,12
BRDA:235,35,0,1
BRDA:235,35,1,20
BRDA:235,36,0,21
BRDA:235,36,1,21
BRDA:237,37,0,20
BRDA:237,37,1,14
BRDA:240,38,0,0
BRDA:240,38,1,21
BRDA:240,39,0,21
BRDA:240,39,1,20
BRDA:246,40,0,7
BRDA:246,40,1,13
BRDA:246,41,0,20
BRDA:246,41,1,9
BRDA:247,42,0,7
BRDA:247,42,1,6
BRDA:248,43,0,1
BRDA:248,43,1,6
BRDA:254,44,0,20
BRDA:254,44,1,10
BRDA:255,45,0,21
BRDA:255,45,1,11
BRDA:258,46,0,1
BRDA:258,46,1,20
BRDA:258,47,0,21
BRDA:258,47,1,1
BRDA:264,48,0,1
BRDA:264,48,1,11
BRDA:264,49,0,12
BRDA:264,49,1,1
BRDA:285,50,0,13
BRDA:285,50,1,534
BRDA:285,51,0,547
BRDA:285,51,1,536
BRDA:285,51,2,536
BRDA:285,51,3,13
BRDA:286,52,0,7
BRDA:286,52,1,6
BRDA:289,53,0,6
BRDA:289,53,1,0
BRDA:295,54,0,52
BRDA:295,54,1,482
BRDA:297,55,0,29
BRDA:297,55,1,453
BRDA:299,56,0,25
BRDA:299,56,1,428
BRDA:301,57,0,0
BRDA:301,57,1,25
BRDA:301,58,0,25
BRDA:301,58,1,25
BRDA:329,59,0,0
BRDA:329,59,1,478
BRDA:331,60,0,4
BRDA:331,60,1,474
BRDA:331,61,0,478
BRDA:331,61,1,471
BRDA:331,61,2,7
BRDA:335,62,0,3
BRDA:335,62,1,471
BRDA:335,63,0,474
BRDA:335,63,1,3
BRDA:340,64,0,1
BRDA:340,64,1,16
BRDA:340,65,0,17
BRDA:340,65,1,1
BRDA:360,66,0,1
BRDA:360,66,1,16
BRDA:360,67,0,17
BRDA:360,67,1,1
BRDA:365,68,0,1
BRDA:365,68,1,16
BRDA:370,69,0,3
BRDA:370,69,1,14
BRDA:389,70,0,9
BRDA:389,70,1,40
BRDA:389,71,0,49
BRDA:389,71,1,40
BRDA:391,72,0,20
BRDA:391,72,1,20
BRDA:394,73,0,1
BRDA:394,73,1,19
BRDA:397,74,0,3
BRDA:397,74,1,16
BRDA:431,75,0,16
BRDA:431,75,1,2
BRDA:437,76,0,1
BRDA:437,76,1,1
BRDA:437,76,2,2
BRDA:437,76,3,1
BRDA:437,76,4,1
BRDA:437,76,5,2
BRDA:437,76,6,3
BRDA:437,76,7,1
BRDA:437,76,8,1
BRDA:437,76,9,1
BRDA:437,76,10,2
BRF:174
BRH:151
end_of_record
TN:
SF:src/modules/crypto-tool/utils/asymmetric.ts
FN:14,(anonymous_0)
FN:23,(anonymous_1)
FN:29,(anonymous_2)
FN:34,(anonymous_3)
FN:44,(anonymous_4)
FN:66,(anonymous_5)
FN:76,(anonymous_6)
FN:88,(anonymous_7)
FN:96,(anonymous_8)
FN:100,(anonymous_9)
FN:112,(anonymous_10)
FN:124,(anonymous_11)
FN:134,(anonymous_12)
FN:144,(anonymous_13)
FN:173,(anonymous_14)
FN:180,(anonymous_15)
FN:192,(anonymous_16)
FN:204,(anonymous_17)
FN:214,(anonymous_18)
FN:226,(anonymous_19)
FN:232,(anonymous_20)
FN:246,(anonymous_21)
FN:274,(anonymous_22)
FN:297,(anonymous_23)
FN:309,(anonymous_24)
FN:322,(anonymous_25)
FN:350,(anonymous_26)
FN:373,(anonymous_27)
FN:410,(anonymous_28)
FN:420,(anonymous_29)
FN:435,(anonymous_30)
FN:445,(anonymous_31)
FNF:32
FNH:23
FNDA:4,(anonymous_0)
FNDA:5,(anonymous_1)
FNDA:5,(anonymous_2)
FNDA:5,(anonymous_3)
FNDA:5,(anonymous_4)
FNDA:22,(anonymous_5)
FNDA:0,(anonymous_6)
FNDA:0,(anonymous_7)
FNDA:0,(anonymous_8)
FNDA:0,(anonymous_9)
FNDA:0,(anonymous_10)
FNDA:26,(anonymous_11)
FNDA:25,(anonymous_12)
FNDA:10,(anonymous_13)
FNDA:25,(anonymous_14)
FNDA:10,(anonymous_15)
FNDA:11,(anonymous_16)
FNDA:10,(anonymous_17)
FNDA:11,(anonymous_18)
FNDA:10,(anonymous_19)
FNDA:11,(anonymous_20)
FNDA:0,(anonymous_21)
FNDA:0,(anonymous_22)
FNDA:0,(anonymous_23)
FNDA:0,(anonymous_24)
FNDA:3,(anonymous_25)
FNDA:2,(anonymous_26)
FNDA:2,(anonymous_27)
FNDA:7,(anonymous_28)
FNDA:5,(anonymous_29)
FNDA:13,(anonymous_30)
FNDA:9,(anonymous_31)
DA:14,1
DA:15,4
DA:16,4
DA:23,1
DA:24,5
DA:25,5
DA:26,5
DA:29,1
DA:30,5
DA:34,1
DA:35,5
DA:36,5
DA:37,5
DA:38,5
DA:40,0
DA:44,1
DA:45,5
DA:66,1
DA:67,22
DA:68,12
DA:69,5
DA:70,5
DA:71,0
DA:76,1
DA:77,0
DA:78,0
DA:79,0
DA:80,0
DA:88,1
DA:89,0
DA:90,0
DA:91,0
DA:92,0
DA:96,1
DA:97,0
DA:100,1
DA:101,0
DA:102,0
DA:103,0
DA:104,0
DA:105,0
DA:107,0
DA:112,1
DA:113,0
DA:124,1
DA:125,26
DA:126,26
DA:127,26
DA:128,21055
DA:130,26
DA:134,1
DA:135,25
DA:136,25
DA:137,25
DA:138,19344
DA:140,25
DA:144,1
DA:145,10
DA:156,10
DA:157,10
DA:159,10
DA:160,10
DA:163,10
DA:164,10
DA:166,10
DA:173,1
DA:174,25
DA:180,1
DA:181,10
DA:182,10
DA:183,10
DA:192,1
DA:193,11
DA:194,11
DA:195,11
DA:204,1
DA:205,10
DA:206,10
DA:211,10
DA:214,1
DA:215,11
DA:216,11
DA:217,11
DA:222,9
DA:226,1
DA:227,10
DA:228,10
DA:232,1
DA:233,11
DA:234,9
DA:237,1
DA:246,1
DA:247,0
DA:248,0
DA:250,0
DA:258,0
DA:264,0
DA:265,0
DA:271,0
DA:274,1
DA:275,0
DA:276,0
DA:277,0
DA:279,0
DA:287,0
DA:293,0
DA:297,1
DA:298,0
DA:299,0
DA:301,0
DA:302,0
DA:304,0
DA:309,1
DA:310,0
DA:311,0
DA:312,0
DA:313,0
DA:318,0
DA:322,1
DA:323,3
DA:334,3
DA:335,3
DA:337,3
DA:338,3
DA:340,3
DA:341,3
DA:343,3
DA:350,1
DA:351,2
DA:352,2
DA:354,2
DA:362,2
DA:363,2
DA:369,2
DA:373,1
DA:374,2
DA:375,2
DA:376,2
DA:378,2
DA:386,2
DA:387,2
DA:389,2
DA:396,0
DA:410,1
DA:411,7
DA:412,7
DA:413,7
DA:420,1
DA:421,5
DA:422,5
DA:423,5
DA:424,5
DA:435,1
DA:436,13
DA:437,13
DA:438,13
DA:445,1
DA:450,9
DA:451,9
DA:452,9
DA:453,9
DA:454,9
LF:162
LH:120
BRDA:67,0,0,12
BRDA:67,0,1,5
BRDA:67,0,2,5
BRDA:67,0,3,0
BRDA:76,1,0,0
BRDA:88,2,0,0
BRDA:96,3,0,0
BRDA:100,4,0,0
BRDA:112,5,0,0
BRDA:144,6,0,10
BRDA:301,7,0,0
BRDA:301,7,1,0
BRDA:301,8,0,0
BRDA:301,8,1,0
BRDA:312,9,0,0
BRDA:312,9,1,0
BRDA:312,10,0,0
BRDA:312,10,1,0
BRDA:322,11,0,3
BRDA:435,12,0,13
BRDA:448,13,0,9
BRF:21
BRH:7
end_of_record
TN:
SF:src/modules/crypto-tool/utils/classical.ts
FN:43,(anonymous_0)
FN:44,(anonymous_1)
FN:50,(anonymous_2)
FN:55,(anonymous_3)
FN:58,(anonymous_4)
FN:59,(anonymous_5)
FN:65,(anonymous_6)
FN:66,(anonymous_7)
FN:73,(anonymous_8)
FN:80,(anonymous_9)
FN:81,(anonymous_10)
FN:88,(anonymous_11)
FN:91,(anonymous_12)
FN:99,(anonymous_13)
FN:102,(anonymous_14)
FN:110,(anonymous_15)
FN:113,(anonymous_16)
FN:122,(anonymous_17)
FN:124,(anonymous_18)
FN:134,(anonymous_19)
FN:137,(anonymous_20)
FN:168,(anonymous_21)
FN:170,(anonymous_22)
FN:171,(anonymous_23)
FN:174,(anonymous_24)
FN:192,(anonymous_25)
FN:194,(anonymous_26)
FN:195,(anonymous_27)
FN:198,(anonymous_28)
FN:199,(anonymous_29)
FN:205,(anonymous_30)
FN:206,(anonymous_31)
FN:212,(anonymous_32)
FN:224,(anonymous_33)
FN:230,(anonymous_34)
FN:233,(anonymous_35)
FN:239,(anonymous_36)
FN:245,(anonymous_37)
FN:246,(anonymous_38)
FN:255,(anonymous_39)
FN:274,(anonymous_40)
FN:276,(anonymous_41)
FN:277,(anonymous_42)
FN:280,(anonymous_43)
FN:290,(anonymous_44)
FN:303,(anonymous_45)
FN:313,(anonymous_46)
FN:323,(anonymous_47)
FN:330,(anonymous_48)
FN:341,(anonymous_49)
FN:345,(anonymous_50)
FN:345,(anonymous_51)
FN:345,(anonymous_52)
FN:355,(anonymous_53)
FN:358,(anonymous_54)
FN:358,(anonymous_55)
FN:358,(anonymous_56)
FN:359,(anonymous_57)
FNF:58
FNH:58
FNDA:21,(anonymous_0)
FNDA:1165,(anonymous_1)
FNDA:5,(anonymous_2)
FNDA:4,(anonymous_3)
FNDA:4,(anonymous_4)
FNDA:32,(anonymous_5)
FNDA:7,(anonymous_6)
FNDA:57,(anonymous_7)
FNDA:4,(anonymous_8)
FNDA:2,(anonymous_9)
FNDA:17,(anonymous_10)
FNDA:4,(anonymous_11)
FNDA:17,(anonymous_12)
FNDA:3,(anonymous_13)
FNDA:27,(anonymous_14)
FNDA:2,(anonymous_15)
FNDA:17,(anonymous_16)
FNDA:3,(anonymous_17)
FNDA:5,(anonymous_18)
FNDA:3,(anonymous_19)
FNDA:5,(anonymous_20)
FNDA:26,(anonymous_21)
FNDA:2,(anonymous_22)
FNDA:7,(anonymous_23)
FNDA:1,(anonymous_24)
FNDA:40,(anonymous_25)
FNDA:4,(anonymous_26)
FNDA:22,(anonymous_27)
FNDA:1,(anonymous_28)
FNDA:3,(anonymous_29)
FNDA:3,(anonymous_30)
FNDA:9,(anonymous_31)
FNDA:1,(anonymous_32)
FNDA:2,(anonymous_33)
FNDA:9,(anonymous_34)
FNDA:1,(anonymous_35)
FNDA:5,(anonymous_36)
FNDA:2,(anonymous_37)
FNDA:2,(anonymous_38)
FNDA:1,(anonymous_39)
FNDA:26,(anonymous_40)
FNDA:2,(anonymous_41)
FNDA:10,(anonymous_42)
FNDA:1,(anonymous_43)
FNDA:2,(anonymous_44)
FNDA:1,(anonymous_45)
FNDA:13,(anonymous_46)
FNDA:1,(anonymous_47)
FNDA:13,(anonymous_48)
FNDA:2,(anonymous_49)
FNDA:9,(anonymous_50)
FNDA:14,(anonymous_51)
FNDA:9,(anonymous_52)
FNDA:1,(anonymous_53)
FNDA:6,(anonymous_54)
FNDA:11,(anonymous_55)
FNDA:6,(anonymous_56)
FNDA:5,(anonymous_57)
DA:43,1
DA:44,21
DA:45,1165
DA:46,1165
DA:50,1
DA:51,5
DA:55,4
DA:58,1
DA:59,4
DA:60,32
DA:65,1
DA:66,7
DA:67,57
DA:68,57
DA:73,1
DA:74,4
DA:75,92
DA:77,2
DA:80,1
DA:81,2
DA:82,17
DA:83,17
DA:84,17
DA:88,1
DA:89,4
DA:90,4
DA:91,2
DA:92,17
DA:93,17
DA:94,17
DA:99,1
DA:100,3
DA:101,3
DA:102,3
DA:103,27
DA:104,27
DA:105,27
DA:106,27
DA:110,1
DA:111,2
DA:112,2
DA:113,2
DA:114,17
DA:115,17
DA:116,17
DA:117,17
DA:122,1
DA:123,3
DA:124,5
DA:125,2
DA:126,2
DA:127,35
DA:128,35
DA:129,35
DA:131,2
DA:134,1
DA:135,3
DA:136,2
DA:137,5
DA:138,2
DA:139,2
DA:140,35
DA:141,35
DA:142,35
DA:144,2
DA:145,2
DA:146,5
DA:147,95
DA:150,2
DA:151,2
DA:152,2
DA:153,35
DA:154,35
DA:155,35
DA:157,2
DA:161,1
DA:168,26
DA:170,1
DA:171,7
DA:174,1
DA:175,1
DA:176,1
DA:177,1
DA:178,5
DA:180,1
DA:184,1
DA:192,40
DA:194,1
DA:195,22
DA:198,1
DA:199,3
DA:203,1
DA:205,1
DA:206,3
DA:207,9
DA:208,9
DA:212,1
DA:213,1
DA:214,1
DA:215,1
DA:216,5
DA:217,5
DA:218,5
DA:220,1
DA:224,1
DA:225,2
DA:230,9
DA:233,1
DA:234,1
DA:239,5
DA:243,1
DA:245,1
DA:246,2
DA:247,2
DA:248,3
DA:249,3
DA:251,0
DA:255,1
DA:256,1
DA:257,1
DA:258,1
DA:259,1
DA:260,1
DA:261,1
DA:262,1
DA:265,1
DA:269,1
DA:274,26
DA:276,1
DA:277,10
DA:280,1
DA:281,1
DA:282,1
DA:283,1
DA:284,5
DA:286,1
DA:290,1
DA:291,2
DA:292,2
DA:293,2
DA:294,2
DA:295,66
DA:296,50
DA:297,50
DA:300,2
DA:303,1
DA:304,1
DA:305,1
DA:306,1
DA:307,1
DA:308,13
DA:309,13
DA:310,13
DA:311,13
DA:313,1
DA:314,13
DA:315,13
DA:316,13
DA:317,13
DA:318,9
DA:319,8
DA:323,1
DA:324,1
DA:325,1
DA:326,1
DA:327,1
DA:328,13
DA:330,1
DA:331,13
DA:332,13
DA:333,13
DA:334,13
DA:335,9
DA:336,8
DA:341,1
DA:342,2
DA:343,2
DA:344,2
DA:345,14
DA:346,2
DA:347,2
DA:348,9
DA:349,36
DA:352,2
DA:355,1
DA:356,1
DA:357,1
DA:358,11
DA:359,5
DA:360,1
DA:361,1
DA:362,6
DA:363,30
DA:366,1
LF:194
LH:193
BRDA:45,0,0,1067
BRDA:45,0,1,98
BRDA:67,1,0,37
BRDA:67,1,1,20
BRDA:75,2,0,2
BRDA:75,2,1,90
BRDA:82,3,0,17
BRDA:82,3,1,0
BRDA:90,4,0,2
BRDA:90,4,1,2
BRDA:92,5,0,17
BRDA:92,5,1,0
BRDA:103,6,0,19
BRDA:103,6,1,8
BRDA:114,7,0,17
BRDA:114,7,1,0
BRDA:123,8,0,1
BRDA:123,8,1,2
BRDA:129,9,0,22
BRDA:129,9,1,13
BRDA:129,10,0,35
BRDA:129,10,1,24
BRDA:135,11,0,1
BRDA:135,11,1,2
BRDA:142,12,0,22
BRDA:142,12,1,13
BRDA:142,13,0,35
BRDA:142,13,1,24
BRDA:147,14,0,35
BRDA:147,14,1,60
BRDA:155,15,0,22
BRDA:155,15,1,13
BRDA:155,16,0,35
BRDA:155,16,1,24
BRDA:171,17,0,7
BRDA:171,17,1,0
BRDA:178,18,0,5
BRDA:178,18,1,0
BRDA:195,19,0,22
BRDA:195,19,1,0
BRDA:199,20,0,3
BRDA:199,20,1,0
BRDA:208,21,0,9
BRDA:208,21,1,0
BRDA:218,22,0,5
BRDA:218,22,1,0
BRDA:230,23,0,9
BRDA:230,23,1,0
BRDA:239,24,0,5
BRDA:239,24,1,0
BRDA:249,25,0,2
BRDA:249,25,1,1
BRDA:261,26,0,1
BRDA:261,26,1,0
BRDA:261,27,0,1
BRDA:261,27,1,1
BRDA:261,27,2,1
BRDA:261,27,3,1
BRDA:277,28,0,10
BRDA:277,28,1,0
BRDA:284,29,0,5
BRDA:284,29,1,0
BRDA:295,30,0,50
BRDA:295,30,1,16
BRDA:295,31,0,66
BRDA:295,31,1,66
BRDA:309,32,0,13
BRDA:309,32,1,0
BRDA:310,33,0,1
BRDA:310,33,1,12
BRDA:317,34,0,4
BRDA:317,34,1,9
BRDA:318,35,0,1
BRDA:318,35,1,8
BRDA:334,36,0,4
BRDA:334,36,1,9
BRDA:335,37,0,1
BRDA:335,37,1,8
BRDA:363,38,0,30
BRDA:363,38,1,0
BRF:80
BRH:64
end_of_record
TN:
SF:src/modules/crypto-tool/utils/crypto.ts
FN:39,(anonymous_0)
FN:61,(anonymous_1)
FN:84,(anonymous_2)
FN:104,(anonymous_3)
FN:168,(anonymous_4)
FN:230,(anonymous_5)
FN:233,(anonymous_6)
FN:242,(anonymous_7)
FN:260,(anonymous_8)
FN:279,(anonymous_9)
FN:296,(anonymous_10)
FN:313,(anonymous_11)
FNF:12
FNH:10
FNDA:12,(anonymous_0)
FNDA:12,(anonymous_1)
FNDA:7,(anonymous_2)
FNDA:7,(anonymous_3)
FNDA:5,(anonymous_4)
FNDA:2,(anonymous_5)
FNDA:48,(anonymous_6)
FNDA:6,(anonymous_7)
FNDA:6,(anonymous_8)
FNDA:2,(anonymous_9)
FNDA:0,(anonymous_10)
FNDA:0,(anonymous_11)
DA:39,1
DA:40,12
DA:42,6
DA:44,6
DA:46,0
DA:48,0
DA:50,0
DA:52,0
DA:61,1
DA:62,12
DA:64,12
DA:66,0
DA:68,0
DA:70,0
DA:72,0
DA:74,0
DA:84,1
DA:85,7
DA:87,6
DA:89,1
DA:91,0
DA:93,0
DA:104,1
DA:105,7
DA:106,7
DA:109,7
DA:110,7
DA:113,7
DA:114,7
DA:119,7
DA:121,5
DA:126,5
DA:128,1
DA:133,1
DA:136,1
DA:141,1
DA:143,0
DA:144,0
DA:146,0
DA:149,0
DA:151,0
DA:155,7
DA:157,0
DA:168,1
DA:169,5
DA:170,5
DA:173,5
DA:174,5
DA:177,5
DA:178,5
DA:183,5
DA:185,3
DA:190,3
DA:192,1
DA:197,1
DA:200,1
DA:205,1
DA:207,0
DA:208,0
DA:210,0
DA:213,0
DA:215,0
DA:219,5
DA:221,0
DA:230,1
DA:231,2
DA:232,2
DA:233,48
DA:242,1
DA:243,6
DA:251,6
DA:260,1
DA:261,6
DA:263,4
DA:271,4
DA:279,1
DA:280,2
DA:288,2
DA:296,1
DA:297,0
DA:305,0
DA:313,1
DA:314,0
DA:322,0
LF:84
LH:57
BRDA:40,0,0,6
BRDA:40,0,1,6
BRDA:40,0,2,0
BRDA:40,0,3,0
BRDA:40,0,4,0
BRDA:40,0,5,0
BRDA:62,1,0,12
BRDA:62,1,1,0
BRDA:62,1,2,0
BRDA:62,1,3,0
BRDA:62,1,4,0
BRDA:62,1,5,0
BRDA:85,2,0,6
BRDA:85,2,1,1
BRDA:85,2,2,0
BRDA:85,2,3,0
BRDA:106,3,0,7
BRDA:110,4,0,3
BRDA:110,4,1,4
BRDA:119,5,0,5
BRDA:119,5,1,1
BRDA:119,5,2,1
BRDA:119,5,3,1
BRDA:119,5,4,0
BRDA:119,5,5,0
BRDA:119,5,6,0
BRDA:157,6,0,0
BRDA:157,6,1,0
BRDA:174,7,0,3
BRDA:174,7,1,2
BRDA:183,8,0,3
BRDA:183,8,1,1
BRDA:183,8,2,1
BRDA:183,8,3,1
BRDA:183,8,4,0
BRDA:183,8,5,0
BRDA:183,8,6,0
BRDA:221,9,0,0
BRDA:221,9,1,0
BRDA:261,10,0,2
BRDA:261,10,1,4
BRDA:288,11,0,2
BRDA:288,11,1,0
BRDA:305,12,0,0
BRDA:305,12,1,0
BRDA:322,13,0,0
BRDA:322,13,1,0
BRF:47
BRH:21
end_of_record
TN:
SF:src/modules/crypto-tool/utils/hash.ts
FN:43,(anonymous_0)
FN:78,(anonymous_1)
FNF:2
FNH:2
FNDA:9,(anonymous_0)
FNDA:15,(anonymous_1)
DA:43,1
DA:44,9
DA:78,1
DA:79,15
DA:81,7
DA:83,1
DA:85,0
DA:87,5
DA:89,0
DA:91,1
DA:93,1
LF:11
LH:9
BRDA:79,0,0,7
BRDA:79,0,1,1
BRDA:79,0,2,0
BRDA:79,0,3,5
BRDA:79,0,4,0
BRDA:79,0,5,1
BRDA:79,0,6,1
BRF:7
BRH:5
end_of_record
TN:
SF:src/modules/crypto-tool/utils/helpers.ts
FN:4,(anonymous_0)
FN:9,(anonymous_1)
FN:14,(anonymous_2)
FN:19,(anonymous_3)
FN:28,(anonymous_4)
FN:38,(anonymous_5)
FN:47,(anonymous_6)
FN:48,(anonymous_7)
FN:51,(anonymous_8)
FN:72,(anonymous_9)
FN:82,(anonymous_10)
FN:92,(anonymous_11)
FN:104,(anonymous_12)
FNF:13
FNH:6
FNDA:0,(anonymous_0)
FNDA:24,(anonymous_1)
FNDA:0,(anonymous_2)
FNDA:12,(anonymous_3)
FNDA:13,(anonymous_4)
FNDA:43,(anonymous_5)
FNDA:65,(anonymous_6)
FNDA:2389,(anonymous_7)
FNDA:0,(anonymous_8)
FNDA:0,(anonymous_9)
FNDA:0,(anonymous_10)
FNDA:0,(anonymous_11)
FNDA:0,(anonymous_12)
DA:4,1
DA:5,0
DA:9,1
DA:10,24
DA:14,1
DA:15,0
DA:19,1
DA:20,12
DA:21,12
DA:22,3072
DA:24,12
DA:28,1
DA:29,13
DA:30,13
DA:31,13
DA:32,3072
DA:34,12
DA:38,1
DA:39,43
DA:40,43
DA:41,1545
DA:43,43
DA:47,1
DA:48,2389
DA:51,1
DA:56,0
DA:58,0
DA:59,0
DA:61,0
DA:62,0
DA:65,0
DA:66,0
DA:68,0
DA:72,1
DA:73,0
DA:74,0
DA:75,0
DA:76,0
DA:78,0
DA:82,1
DA:83,0
DA:84,0
DA:85,0
DA:86,0
DA:88,0
DA:92,1
DA:93,0
DA:100,0
DA:104,1
DA:105,0
DA:113,0
LF:51
LH:27
BRDA:56,0,0,0
BRDA:56,0,1,0
BRDA:56,0,2,0
BRDA:56,0,3,0
BRDA:73,1,0,0
BRDA:73,1,1,0
BRDA:75,2,0,0
BRDA:75,2,1,0
BRDA:83,3,0,0
BRDA:83,3,1,0
BRDA:85,4,0,0
BRDA:85,4,1,0
BRDA:100,5,0,0
BRDA:100,5,1,0
BRDA:113,6,0,0
BRDA:113,6,1,0
BRF:16
BRH:0
end_of_record
TN:
SF:src/modules/crypto-tool/utils/jwt.ts
FN:49,base64UrlDecode
FN:58,createDecodeErrorResult
FN:71,decodeJWT
FN:91,verifyJWTWithSecret
FN:119,verifyJWTWithPublicKey
FN:147,generateJWTWithSecret
FN:172,generateJWTWithPrivateKey
FN:197,generateRSAKeyPair
FN:209,generateECKeyPair
FN:221,formatTimestamp
FN:229,isExpired
FNF:11
FNH:4
FNDA:2,base64UrlDecode
FNDA:1,createDecodeErrorResult
FNDA:2,decodeJWT
FNDA:1,verifyJWTWithSecret
FNDA:0,verifyJWTWithPublicKey
FNDA:0,generateJWTWithSecret
FNDA:0,generateJWTWithPrivateKey
FNDA:0,generateRSAKeyPair
FNDA:0,generateECKeyPair
FNDA:0,formatTimestamp
FNDA:0,isExpired
DA:9,1
DA:50,2
DA:51,2
DA:52,2
DA:53,1
DA:55,2
DA:59,1
DA:72,2
DA:73,2
DA:74,2
DA:75,1
DA:78,1
DA:79,1
DA:80,1
DA:82,1
DA:84,1
DA:93,1
DA:94,1
DA:96,1
DA:99,0
DA:100,0
DA:101,0
DA:102,0
DA:108,0
DA:121,0
DA:122,0
DA:124,0
DA:127,0
DA:128,0
DA:129,0
DA:130,0
DA:136,0
DA:153,0
DA:155,0
DA:158,0
DA:159,0
DA:162,0
DA:163,0
DA:166,0
DA:178,0
DA:180,0
DA:183,0
DA:184,0
DA:187,0
DA:188,0
DA:191,0
DA:198,0
DA:200,0
DA:201,0
DA:203,0
DA:210,0
DA:212,0
DA:213,0
DA:215,0
DA:222,0
DA:223,0
DA:230,0
DA:231,0
DA:237,1
LF:59
LH:20
BRDA:52,0,0,1
BRDA:52,0,1,1
BRDA:74,1,0,1
BRDA:74,1,1,1
BRDA:84,2,0,1
BRDA:84,2,1,0
BRDA:96,3,0,1
BRDA:96,3,1,0
BRDA:111,4,0,0
BRDA:111,4,1,0
BRDA:124,5,0,0
BRDA:124,5,1,0
BRDA:139,6,0,0
BRDA:139,6,1,0
BRDA:150,7,0,0
BRDA:158,8,0,0
BRDA:158,8,1,0
BRDA:162,9,0,0
BRDA:162,9,1,0
BRDA:175,10,0,0
BRDA:183,11,0,0
BRDA:183,11,1,0
BRDA:187,12,0,0
BRDA:187,12,1,0
BRDA:209,13,0,0
BRDA:222,14,0,0
BRDA:222,14,1,0
BRDA:230,15,0,0
BRDA:230,15,1,0
BRF:29
BRH:6
end_of_record
TN:
SF:src/modules/encoder-decoder/components/tabs/EncodingTab.module.css
FNF:0
FNH:0
LF:0
LH:0
BRF:0
BRH:0
end_of_record
TN:
SF:src/modules/encoder-decoder/components/tabs/EncodingTab.tsx
FN:22,(anonymous_0)
FN:28,(anonymous_1)
FN:35,(anonymous_2)
FN:84,(anonymous_3)
FN:110,(anonymous_4)
FN:115,(anonymous_5)
FN:119,(anonymous_6)
FN:123,(anonymous_7)
FN:137,(anonymous_8)
FN:155,(anonymous_9)
FN:166,(anonymous_10)
FN:167,(anonymous_11)
FN:184,(anonymous_12)
FN:187,(anonymous_13)
FNF:14
FNH:11
FNDA:98,(anonymous_0)
FNDA:98,(anonymous_1)
FNDA:37,(anonymous_2)
FNDA:58,(anonymous_3)
FNDA:37,(anonymous_4)
FNDA:1,(anonymous_5)
FNDA:2,(anonymous_6)
FNDA:0,(anonymous_7)
FNDA:0,(anonymous_8)
FNDA:1,(anonymous_9)
FNDA:1,(anonymous_10)
FNDA:971,(anonymous_11)
FNDA:0,(anonymous_12)
FNDA:2,(anonymous_13)
DA:11,1
DA:22,1
DA:23,98
DA:24,98
DA:25,98
DA:26,98
DA:28,98
DA:29,98
DA:30,2
DA:31,1
DA:35,98
DA:36,37
DA:37,0
DA:40,37
DA:42,37
DA:43,17
DA:45,17
DA:46,17
DA:48,0
DA:49,0
DA:52,0
DA:53,0
DA:55,0
DA:56,0
DA:58,0
DA:59,0
DA:61,0
DA:65,37
DA:66,17
DA:67,17
DA:68,17
DA:69,10
DA:74,27
DA:76,27
DA:77,25
DA:79,2
DA:84,98
DA:85,58
DA:86,58
DA:87,0
DA:89,58
DA:91,58
DA:92,21
DA:93,0
DA:95,21
DA:96,21
DA:99,37
DA:100,37
DA:101,37
DA:102,37
DA:104,12
DA:105,12
DA:110,98
DA:111,37
DA:112,37
DA:115,98
DA:116,1
DA:119,98
DA:120,2
DA:123,98
DA:124,0
DA:125,0
DA:126,0
DA:128,0
DA:129,0
DA:130,0
DA:131,0
DA:133,0
DA:137,98
DA:138,0
DA:139,0
DA:140,0
DA:142,0
DA:143,0
DA:144,0
DA:145,0
DA:146,0
DA:147,0
DA:148,0
DA:149,0
DA:151,0
DA:155,98
DA:156,1
DA:157,1
DA:158,1
DA:159,1
DA:162,98
DA:166,1
DA:167,971
DA:184,0
DA:187,2
LF:91
LH:58
BRDA:29,0,0,96
BRDA:29,0,1,2
BRDA:30,1,0,1
BRDA:30,1,1,1
BRDA:36,2,0,0
BRDA:36,2,1,37
BRDA:42,3,0,17
BRDA:42,3,1,20
BRDA:43,4,0,17
BRDA:43,4,1,0
BRDA:43,4,2,0
BRDA:43,4,3,0
BRDA:43,4,4,0
BRDA:43,4,5,0
BRDA:43,4,6,0
BRDA:65,5,0,17
BRDA:65,5,1,20
BRDA:68,6,0,10
BRDA:68,6,1,7
BRDA:69,7,0,10
BRDA:69,7,1,0
BRDA:76,8,0,25
BRDA:76,8,1,2
BRDA:79,9,0,2
BRDA:79,9,1,0
BRDA:86,10,0,0
BRDA:86,10,1,58
BRDA:91,11,0,21
BRDA:91,11,1,37
BRDA:91,12,0,58
BRDA:91,12,1,37
BRDA:92,13,0,0
BRDA:92,13,1,21
BRDA:104,14,0,12
BRDA:104,14,1,0
BRDA:124,15,0,0
BRDA:124,15,1,0
BRDA:124,16,0,0
BRDA:124,16,1,0
BRDA:129,17,0,0
BRDA:129,17,1,0
BRDA:138,18,0,0
BRDA:138,18,1,0
BRDA:196,19,0,98
BRDA:196,19,1,51
BRDA:196,19,2,70
BRDA:201,20,0,23
BRDA:201,20,1,47
BRDA:203,21,0,23
BRDA:203,21,1,47
BRDA:219,22,0,47
BRDA:219,22,1,0
BRDA:219,22,2,0
BRF:53
BRH:31
end_of_record
TN:
SF:src/modules/encoder-decoder/utils/constants.ts
FNF:0
FNH:0
DA:4,1
DA:10,1
DA:15,1
DA:18,1
DA:27,1
DA:36,1
DA:42,1
LF:7
LH:7
BRF:0
BRH:0
end_of_record
TN:
SF:src/modules/encoder-decoder/utils/encoders.ts
FNF:0
FNH:0
LF:0
LH:0
BRF:0
BRH:0
end_of_record
TN:
SF:src/modules/encoder-decoder/utils/encoders/base-family.ts
FN:8,(anonymous_0)
FN:24,(anonymous_1)
FN:44,(anonymous_2)
FN:49,(anonymous_3)
FN:64,(anonymous_4)
FN:94,(anonymous_5)
FN:127,(anonymous_6)
FN:166,(anonymous_7)
FN:202,(anonymous_8)
FN:234,(anonymous_9)
FN:264,(anonymous_10)
FN:288,(anonymous_11)
FN:303,(anonymous_12)
FNF:13
FNH:8
FNDA:23,(anonymous_0)
FNDA:23,(anonymous_1)
FNDA:9,(anonymous_2)
FNDA:32,(anonymous_3)
FNDA:1,(anonymous_4)
FNDA:2,(anonymous_5)
FNDA:0,(anonymous_6)
FNDA:0,(anonymous_7)
FNDA:1,(anonymous_8)
FNDA:1,(anonymous_9)
FNDA:0,(anonymous_10)
FNDA:0,(anonymous_11)
FNDA:0,(anonymous_12)
DA:8,2
DA:9,23
DA:10,22
DA:11,22
DA:12,22
DA:13,22
DA:14,22
DA:16,22
DA:24,2
DA:25,23
DA:28,23
DA:29,23
DA:31,23
DA:32,23
DA:33,23
DA:35,0
DA:44,2
DA:45,9
DA:47,9
DA:49,32
DA:51,9
DA:52,9
DA:53,9
DA:55,2
DA:64,2
DA:65,1
DA:67,1
DA:68,1
DA:71,1
DA:73,1
DA:76,1
DA:77,5
DA:78,5
DA:79,5
DA:82,1
DA:83,1
DA:85,0
DA:94,2
DA:95,2
DA:96,2
DA:97,1
DA:101,1
DA:104,1
DA:105,5
DA:106,5
DA:108,5
DA:109,0
DA:111,5
DA:115,1
DA:116,1
DA:118,1
DA:120,1
DA:127,2
DA:128,0
DA:129,0
DA:130,0
DA:132,0
DA:133,0
DA:134,0
DA:136,0
DA:137,0
DA:138,0
DA:140,0
DA:141,0
DA:142,0
DA:143,0
DA:147,0
DA:148,0
DA:149,0
DA:153,0
DA:154,0
DA:157,0
DA:159,0
DA:166,2
DA:167,0
DA:168,0
DA:169,0
DA:171,0
DA:172,0
DA:173,0
DA:175,0
DA:176,0
DA:177,0
DA:179,0
DA:180,0
DA:183,0
DA:184,0
DA:186,0
DA:187,0
DA:188,0
DA:192,0
DA:193,0
DA:195,0
DA:202,2
DA:203,1
DA:204,1
DA:205,1
DA:206,1
DA:207,1
DA:208,1
DA:210,1
DA:211,19
DA:212,19
DA:213,19
DA:214,30
DA:215,30
DA:216,30
DA:219,1
DA:220,1
DA:221,1
DA:224,1
DA:225,1
DA:227,0
DA:234,2
DA:235,1
DA:236,1
DA:237,1
DA:238,1
DA:239,1
DA:240,1
DA:242,1
DA:243,31
DA:244,31
DA:245,31
DA:246,31
DA:247,31
DA:248,19
DA:249,19
DA:252,1
DA:253,1
DA:255,0
DA:264,2
DA:265,0
DA:267,0
DA:268,0
DA:269,0
DA:272,0
DA:277,0
DA:279,0
DA:288,2
DA:289,0
DA:291,0
DA:296,0
DA:297,0
DA:298,0
DA:302,0
DA:303,0
DA:304,0
DA:305,0
DA:307,0
DA:309,0
LF:151
LH:89
BRDA:9,0,0,1
BRDA:9,0,1,22
BRDA:35,1,0,0
BRDA:35,1,1,0
BRDA:55,2,0,2
BRDA:55,2,1,0
BRDA:85,3,0,0
BRDA:85,3,1,0
BRDA:96,4,0,1
BRDA:96,4,1,1
BRDA:108,5,0,0
BRDA:108,5,1,5
BRDA:108,6,0,5
BRDA:108,6,1,5
BRDA:120,7,0,1
BRDA:120,7,1,0
BRDA:147,8,0,0
BRDA:147,8,1,0
BRDA:159,9,0,0
BRDA:159,9,1,0
BRDA:179,10,0,0
BRDA:179,10,1,0
BRDA:195,11,0,0
BRDA:195,11,1,0
BRDA:219,12,0,1
BRDA:219,12,1,0
BRDA:227,13,0,0
BRDA:227,13,1,0
BRDA:244,14,0,0
BRDA:244,14,1,31
BRDA:255,15,0,0
BRDA:255,15,1,0
BRDA:279,16,0,0
BRDA:279,16,1,0
BRDA:297,17,0,0
BRDA:297,17,1,0
BRDA:309,18,0,0
BRDA:309,18,1,0
BRF:38
BRH:11
end_of_record
TN:
SF:src/modules/encoder-decoder/utils/encoders/common.ts
FN:29,createSuccessResult
FN:38,createErrorResult
FN:48,withErrorHandling
FN:52,(anonymous_3)
FNF:4
FNH:2
FNDA:46,createSuccessResult
FNDA:5,createErrorResult
FNDA:0,withErrorHandling
FNDA:0,(anonymous_3)
DA:30,46
DA:39,5
DA:52,0
DA:53,0
DA:54,0
DA:55,0
DA:57,0
LF:7
LH:2
BRDA:57,0,0,0
BRDA:57,0,1,0
BRF:2
BRH:0
end_of_record
TN:
SF:src/modules/encoder-decoder/utils/encoders/extended-base.ts
FN:8,(anonymous_0)
FN:34,(anonymous_1)
FN:69,(anonymous_2)
FN:85,(anonymous_3)
FN:99,(anonymous_4)
FN:134,(anonymous_5)
FN:170,(anonymous_6)
FN:184,(anonymous_7)
FN:198,(anonymous_8)
FN:231,(anonymous_9)
FN:259,(anonymous_10)
FN:296,(anonymous_11)
FNF:12
FNH:6
FNDA:2,(anonymous_0)
FNDA:2,(anonymous_1)
FNDA:1,(anonymous_2)
FNDA:1,(anonymous_3)
FNDA:0,(anonymous_4)
FNDA:0,(anonymous_5)
FNDA:1,(anonymous_6)
FNDA:1,(anonymous_7)
FNDA:0,(anonymous_8)
FNDA:0,(anonymous_9)
FNDA:0,(anonymous_10)
FNDA:0,(anonymous_11)
DA:8,2
DA:9,2
DA:10,2
DA:11,2
DA:12,2
DA:13,38
DA:16,2
DA:17,2
DA:18,56
DA:19,56
DA:20,56
DA:23,2
DA:24,2
DA:25,0
DA:27,2
DA:28,0
DA:31,2
DA:34,2
DA:35,2
DA:36,2
DA:37,2
DA:39,2
DA:40,56
DA:41,56
DA:42,0
DA:44,56
DA:47,2
DA:48,2
DA:49,38
DA:50,38
DA:53,2
DA:54,2
DA:55,0
DA:57,2
DA:58,0
DA:61,2
DA:69,2
DA:70,1
DA:71,1
DA:72,1
DA:73,1
DA:74,1
DA:76,0
DA:85,2
DA:86,1
DA:87,1
DA:88,1
DA:89,1
DA:90,1
DA:92,0
DA:99,2
DA:100,0
DA:101,0
DA:102,0
DA:104,0
DA:105,0
DA:106,0
DA:109,0
DA:110,0
DA:113,0
DA:114,0
DA:115,0
DA:116,0
DA:117,0
DA:121,0
DA:122,0
DA:125,0
DA:127,0
DA:134,2
DA:135,0
DA:136,0
DA:137,0
DA:139,0
DA:140,0
DA:141,0
DA:142,0
DA:143,0
DA:145,0
DA:149,0
DA:150,0
DA:151,0
DA:152,0
DA:156,0
DA:157,0
DA:160,0
DA:161,0
DA:163,0
DA:170,2
DA:171,1
DA:172,1
DA:173,1
DA:174,1
DA:175,1
DA:177,0
DA:184,2
DA:185,1
DA:186,1
DA:187,1
DA:188,1
DA:189,1
DA:191,0
DA:198,2
DA:199,0
DA:200,0
DA:201,0
DA:203,0
DA:204,0
DA:205,0
DA:206,0
DA:207,0
DA:210,0
DA:211,0
DA:213,0
DA:214,0
DA:215,0
DA:216,0
DA:218,0
DA:221,0
DA:222,0
DA:224,0
DA:231,2
DA:232,0
DA:233,0
DA:234,0
DA:235,0
DA:236,0
DA:238,0
DA:239,0
DA:240,0
DA:241,0
DA:242,0
DA:243,0
DA:245,0
DA:246,0
DA:247,0
DA:250,0
DA:252,0
DA:259,2
DA:260,0
DA:261,0
DA:262,0
DA:263,0
DA:264,0
DA:265,0
DA:267,0
DA:268,0
DA:269,0
DA:270,0
DA:271,0
DA:272,0
DA:273,0
DA:274,0
DA:276,0
DA:277,0
DA:278,0
DA:280,0
DA:283,0
DA:284,0
DA:285,0
DA:287,0
DA:289,0
DA:296,2
DA:297,0
DA:298,0
DA:299,0
DA:300,0
DA:301,0
DA:302,0
DA:304,0
DA:305,0
DA:306,0
DA:307,0
DA:308,0
DA:310,0
DA:311,0
DA:312,0
DA:313,0
DA:314,0
DA:315,0
DA:316,0
DA:318,0
DA:321,0
DA:322,0
DA:324,0
LF:184
LH:61
BRDA:9,0,0,0
BRDA:9,0,1,2
BRDA:24,1,0,2
BRDA:24,1,1,2
BRDA:27,2,0,0
BRDA:27,2,1,2
BRDA:35,3,0,0
BRDA:35,3,1,2
BRDA:41,4,0,0
BRDA:41,4,1,56
BRDA:54,5,0,2
BRDA:54,5,1,2
BRDA:76,6,0,0
BRDA:76,6,1,0
BRDA:92,7,0,0
BRDA:92,7,1,0
BRDA:109,8,0,0
BRDA:109,8,1,0
BRDA:121,9,0,0
BRDA:121,9,1,0
BRDA:127,10,0,0
BRDA:127,10,1,0
BRDA:142,11,0,0
BRDA:142,11,1,0
BRDA:156,12,0,0
BRDA:156,12,1,0
BRDA:163,13,0,0
BRDA:163,13,1,0
BRDA:177,14,0,0
BRDA:177,14,1,0
BRDA:191,15,0,0
BRDA:191,15,1,0
BRDA:207,16,0,0
BRDA:207,16,1,0
BRDA:210,17,0,0
BRDA:210,17,1,0
BRDA:210,18,0,0
BRDA:210,18,1,0
BRDA:224,19,0,0
BRDA:224,19,1,0
BRDA:234,20,0,0
BRDA:234,20,1,0
BRDA:235,21,0,0
BRDA:235,21,1,0
BRDA:252,22,0,0
BRDA:252,22,1,0
BRDA:270,23,0,0
BRDA:270,23,1,0
BRDA:272,24,0,0
BRDA:272,24,1,0
BRDA:283,25,0,0
BRDA:283,25,1,0
BRDA:285,26,0,0
BRDA:285,26,1,0
BRDA:285,27,0,0
BRDA:285,27,1,0
BRDA:289,28,0,0
BRDA:289,28,1,0
BRDA:306,29,0,0
BRDA:306,29,1,0
BRDA:307,30,0,0
BRDA:307,30,1,0
BRDA:312,31,0,0
BRDA:312,31,1,0
BRDA:321,32,0,0
BRDA:321,32,1,0
BRDA:324,33,0,0
BRDA:324,33,1,0
BRF:68
BRH:8
end_of_record
TN:
SF:src/modules/encoder-decoder/utils/encoders/index.ts
FNF:0
FNH:0
LF:0
LH:0
BRF:0
BRH:0
end_of_record
TN:
SF:src/modules/encoder-decoder/utils/encoders/text-encoders.ts
FN:17,(anonymous_0)
FN:32,(anonymous_1)
FN:48,(anonymous_2)
FN:63,(anonymous_3)
FN:77,(anonymous_4)
FN:91,(anonymous_5)
FN:107,(anonymous_6)
FN:122,(anonymous_7)
FN:124,(anonymous_8)
FN:142,(anonymous_9)
FN:145,(anonymous_10)
FN:146,(anonymous_11)
FN:164,(anonymous_12)
FN:166,(anonymous_13)
FN:181,(anonymous_14)
FN:183,(anonymous_15)
FN:199,(anonymous_16)
FN:260,(anonymous_17)
FNF:18
FNH:10
FNDA:1,(anonymous_0)
FNDA:1,(anonymous_1)
FNDA:0,(anonymous_2)
FNDA:1,(anonymous_3)
FNDA:1,(anonymous_4)
FNDA:2,(anonymous_5)
FNDA:0,(anonymous_6)
FNDA:0,(anonymous_7)
FNDA:0,(anonymous_8)
FNDA:0,(anonymous_9)
FNDA:0,(anonymous_10)
FNDA:0,(anonymous_11)
FNDA:1,(anonymous_12)
FNDA:5,(anonymous_13)
FNDA:1,(anonymous_14)
FNDA:0,(anonymous_15)
FNDA:31,(anonymous_16)
FNDA:971,(anonymous_17)
DA:17,2
DA:18,1
DA:20,1
DA:21,1
DA:23,0
DA:32,2
DA:33,1
DA:36,1
DA:37,1
DA:39,0
DA:48,2
DA:49,0
DA:51,0
DA:52,0
DA:54,0
DA:63,2
DA:64,1
DA:65,1
DA:66,1
DA:68,0
DA:77,2
DA:78,1
DA:79,1
DA:80,1
DA:82,0
DA:91,2
DA:92,2
DA:94,2
DA:95,2
DA:96,2
DA:98,1
DA:107,2
DA:108,0
DA:109,0
DA:110,0
DA:111,0
DA:113,0
DA:122,2
DA:123,0
DA:124,0
DA:125,0
DA:126,0
DA:127,0
DA:129,0
DA:131,0
DA:133,0
DA:142,2
DA:143,0
DA:145,0
DA:146,0
DA:147,0
DA:148,0
DA:149,0
DA:151,0
DA:153,0
DA:155,0
DA:164,2
DA:165,1
DA:166,1
DA:167,5
DA:168,5
DA:170,1
DA:172,0
DA:181,2
DA:182,1
DA:183,1
DA:184,0
DA:186,1
DA:188,0
DA:199,2
DA:200,31
DA:201,1
DA:204,30
DA:207,0
DA:209,0
DA:211,0
DA:213,0
DA:215,0
DA:217,0
DA:219,29
DA:221,0
DA:223,0
DA:225,0
DA:228,0
DA:230,0
DA:232,0
DA:234,0
DA:236,0
DA:238,0
DA:241,0
DA:243,0
DA:245,0
DA:247,0
DA:249,0
DA:251,1
DA:260,2
DA:261,971
DA:284,971
LF:98
LH:45
BRDA:23,0,0,0
BRDA:23,0,1,0
BRDA:39,1,0,0
BRDA:39,1,1,0
BRDA:54,2,0,0
BRDA:54,2,1,0
BRDA:68,3,0,0
BRDA:68,3,1,0
BRDA:82,4,0,0
BRDA:82,4,1,0
BRDA:98,5,0,1
BRDA:98,5,1,0
BRDA:113,6,0,0
BRDA:113,6,1,0
BRDA:126,7,0,0
BRDA:126,7,1,0
BRDA:133,8,0,0
BRDA:133,8,1,0
BRDA:148,9,0,0
BRDA:148,9,1,0
BRDA:148,10,0,0
BRDA:148,10,1,0
BRDA:148,10,2,0
BRDA:155,11,0,0
BRDA:155,11,1,0
BRDA:168,12,0,5
BRDA:168,12,1,0
BRDA:172,13,0,0
BRDA:172,13,1,0
BRDA:188,14,0,0
BRDA:188,14,1,0
BRDA:200,15,0,1
BRDA:200,15,1,30
BRDA:204,16,0,30
BRDA:204,16,1,0
BRDA:204,16,2,0
BRDA:204,16,3,0
BRDA:204,16,4,0
BRDA:204,16,5,0
BRDA:204,16,6,29
BRDA:204,16,7,0
BRDA:204,16,8,0
BRDA:204,16,9,0
BRDA:204,16,10,0
BRDA:204,16,11,0
BRDA:204,16,12,0
BRDA:204,16,13,0
BRDA:204,16,14,0
BRDA:204,16,15,0
BRDA:204,16,16,0
BRDA:204,16,17,0
BRDA:204,16,18,0
BRDA:204,16,19,0
BRDA:204,16,20,0
BRDA:204,16,21,1
BRDA:207,17,0,0
BRDA:207,17,1,0
BRDA:209,18,0,0
BRDA:209,18,1,0
BRDA:211,19,0,0
BRDA:211,19,1,0
BRDA:213,20,0,0
BRDA:213,20,1,0
BRDA:215,21,0,0
BRDA:215,21,1,0
BRDA:217,22,0,0
BRDA:217,22,1,0
BRDA:219,23,0,21
BRDA:219,23,1,8
BRDA:221,24,0,0
BRDA:221,24,1,0
BRDA:223,25,0,0
BRDA:223,25,1,0
BRDA:225,26,0,0
BRDA:225,26,1,0
BRDA:228,27,0,0
BRDA:228,27,1,0
BRDA:230,28,0,0
BRDA:230,28,1,0
BRDA:232,29,0,0
BRDA:232,29,1,0
BRDA:234,30,0,0
BRDA:234,30,1,0
BRDA:236,31,0,0
BRDA:236,31,1,0
BRDA:238,32,0,0
BRDA:238,32,1,0
BRDA:241,33,0,0
BRDA:241,33,1,0
BRDA:243,34,0,0
BRDA:243,34,1,0
BRDA:245,35,0,0
BRDA:245,35,1,0
BRDA:247,36,0,0
BRDA:247,36,1,0
BRDA:249,37,0,0
BRDA:249,37,1,0
BRDA:284,38,0,971
BRDA:284,38,1,0
BRF:99
BRH:10
end_of_record
TN:
SF:src/modules/encoder-decoder/utils/encoders/utf-family.ts
FN:11,(anonymous_0)
FN:64,(anonymous_1)
FN:108,(anonymous_2)
FN:112,(anonymous_3)
FN:122,(anonymous_4)
FN:139,(anonymous_5)
FN:165,(anonymous_6)
FN:182,(anonymous_7)
FN:200,(anonymous_8)
FN:218,(anonymous_9)
FN:234,(anonymous_10)
FN:251,(anonymous_11)
FN:271,(anonymous_12)
FNF:13
FNH:0
FNDA:0,(anonymous_0)
FNDA:0,(anonymous_1)
FNDA:0,(anonymous_2)
FNDA:0,(anonymous_3)
FNDA:0,(anonymous_4)
FNDA:0,(anonymous_5)
FNDA:0,(anonymous_6)
FNDA:0,(anonymous_7)
FNDA:0,(anonymous_8)
FNDA:0,(anonymous_9)
FNDA:0,(anonymous_10)
FNDA:0,(anonymous_11)
FNDA:0,(anonymous_12)
DA:11,2
DA:12,0
DA:13,0
DA:14,0
DA:15,0
DA:17,0
DA:18,0
DA:19,0
DA:22,0
DA:23,0
DA:24,0
DA:25,0
DA:26,0
DA:27,0
DA:30,0
DA:31,0
DA:32,0
DA:34,0
DA:35,0
DA:36,0
DA:37,0
DA:39,0
DA:40,0
DA:42,0
DA:43,0
DA:44,0
DA:46,0
DA:49,0
DA:50,0
DA:52,0
DA:55,0
DA:57,0
DA:64,2
DA:65,0
DA:66,0
DA:67,0
DA:68,0
DA:70,0
DA:71,0
DA:72,0
DA:73,0
DA:74,0
DA:76,0
DA:77,0
DA:78,0
DA:80,0
DA:81,0
DA:82,0
DA:83,0
DA:84,0
DA:86,0
DA:87,0
DA:88,0
DA:90,0
DA:92,0
DA:95,0
DA:96,0
DA:99,0
DA:101,0
DA:108,2
DA:109,0
DA:110,0
DA:111,0
DA:112,0
DA:113,0
DA:115,0
DA:122,2
DA:123,0
DA:124,0
DA:125,0
DA:126,0
DA:127,0
DA:129,0
DA:130,0
DA:132,0
DA:139,2
DA:140,0
DA:141,0
DA:142,0
DA:143,0
DA:145,0
DA:146,0
DA:147,0
DA:148,0
DA:149,0
DA:150,0
DA:151,0
DA:154,0
DA:156,0
DA:158,0
DA:165,2
DA:166,0
DA:167,0
DA:168,0
DA:169,0
DA:170,0
DA:171,0
DA:173,0
DA:175,0
DA:182,2
DA:183,0
DA:184,0
DA:185,0
DA:186,0
DA:187,0
DA:188,0
DA:189,0
DA:191,0
DA:193,0
DA:200,2
DA:201,0
DA:202,0
DA:203,0
DA:204,0
DA:205,0
DA:206,0
DA:207,0
DA:209,0
DA:211,0
DA:218,2
DA:219,0
DA:220,0
DA:221,0
DA:222,0
DA:223,0
DA:225,0
DA:227,0
DA:234,2
DA:235,0
DA:236,0
DA:237,0
DA:238,0
DA:239,0
DA:240,0
DA:242,0
DA:244,0
DA:251,2
DA:252,0
DA:253,0
DA:254,0
DA:255,0
DA:256,0
DA:257,0
DA:258,0
DA:259,0
DA:260,0
DA:262,0
DA:264,0
DA:271,2
DA:272,0
DA:273,0
DA:274,0
DA:275,0
DA:276,0
DA:277,0
DA:278,0
DA:279,0
DA:280,0
DA:281,0
DA:283,0
DA:285,0
LF:161
LH:12
BRDA:22,0,0,0
BRDA:22,0,1,0
BRDA:22,1,0,0
BRDA:22,1,1,0
BRDA:22,1,2,0
BRDA:22,1,3,0
BRDA:22,1,4,0
BRDA:22,1,5,0
BRDA:25,2,0,0
BRDA:25,2,1,0
BRDA:37,3,0,0
BRDA:37,3,1,0
BRDA:37,4,0,0
BRDA:37,4,1,0
BRDA:37,4,2,0
BRDA:37,4,3,0
BRDA:37,4,4,0
BRDA:49,5,0,0
BRDA:49,5,1,0
BRDA:57,6,0,0
BRDA:57,6,1,0
BRDA:71,7,0,0
BRDA:71,7,1,0
BRDA:72,8,0,0
BRDA:72,8,1,0
BRDA:80,9,0,0
BRDA:80,9,1,0
BRDA:82,10,0,0
BRDA:82,10,1,0
BRDA:86,11,0,0
BRDA:86,11,1,0
BRDA:92,12,0,0
BRDA:92,12,1,0
BRDA:101,13,0,0
BRDA:101,13,1,0
BRDA:115,14,0,0
BRDA:115,14,1,0
BRDA:132,15,0,0
BRDA:132,15,1,0
BRDA:145,16,0,0
BRDA:145,16,1,0
BRDA:145,17,0,0
BRDA:145,17,1,0
BRDA:145,17,2,0
BRDA:147,18,0,0
BRDA:147,18,1,0
BRDA:147,19,0,0
BRDA:147,19,1,0
BRDA:158,20,0,0
BRDA:158,20,1,0
BRDA:175,21,0,0
BRDA:175,21,1,0
BRDA:193,22,0,0
BRDA:193,22,1,0
BRDA:211,23,0,0
BRDA:211,23,1,0
BRDA:222,24,0,0
BRDA:222,24,1,0
BRDA:227,25,0,0
BRDA:227,25,1,0
BRDA:244,26,0,0
BRDA:244,26,1,0
BRDA:255,27,0,0
BRDA:255,27,1,0
BRDA:264,28,0,0
BRDA:264,28,1,0
BRDA:285,29,0,0
BRDA:285,29,1,0
BRF:68
BRH:0
end_of_record
TN:
SF:src/modules/encoder-decoder/utils/encoders/validators.ts
FN:10,validateBase64Input
FN:20,validateBase32Input
FN:30,validateBase32HexInput
FN:40,validateHexInput
FN:50,validateBase58Input
FN:60,validateBase62Input
FN:70,validateBase91Input
FN:85,validateUrlInput
FN:99,validateJsonInput
FN:113,validateUtf8HexInput
FN:125,validateUtf16HexInput
FN:137,validateUtf32HexInput
FNF:12
FNH:0
FNDA:0,validateBase64Input
FNDA:0,validateBase32Input
FNDA:0,validateBase32HexInput
FNDA:0,validateHexInput
FNDA:0,validateBase58Input
FNDA:0,validateBase62Input
FNDA:0,validateBase91Input
FNDA:0,validateUrlInput
FNDA:0,validateJsonInput
FNDA:0,validateUtf8HexInput
FNDA:0,validateUtf16HexInput
FNDA:0,validateUtf32HexInput
DA:11,0
DA:12,0
DA:21,0
DA:22,0
DA:31,0
DA:32,0
DA:41,0
DA:42,0
DA:51,0
DA:52,0
DA:61,0
DA:62,0
DA:71,0
DA:72,0
DA:73,0
DA:74,0
DA:77,0
DA:86,0
DA:87,0
DA:88,0
DA:90,0
DA:100,0
DA:101,0
DA:102,0
DA:104,0
DA:114,0
DA:115,0
DA:116,0
DA:117,0
DA:126,0
DA:127,0
DA:128,0
DA:129,0
DA:138,0
DA:139,0
DA:140,0
DA:141,0
LF:37
LH:0
BRDA:42,0,0,0
BRDA:42,0,1,0
BRDA:73,1,0,0
BRDA:73,1,1,0
BRDA:115,2,0,0
BRDA:115,2,1,0
BRDA:127,3,0,0
BRDA:127,3,1,0
BRDA:139,4,0,0
BRDA:139,4,1,0
BRF:10
BRH:0
end_of_record
TN:
SF:src/modules/qrcode-tool/utils/qrcode.ts
FN:26,generateQRCodeDataURL
FN:42,generateQRCodeCanvas
FN:59,generateQRCodeSVG
FN:76,downloadQRCode
FNF:4
FNH:4
FNDA:25,generateQRCodeDataURL
FNDA:3,generateQRCodeCanvas
FNDA:3,generateQRCodeSVG
FNDA:5,downloadQRCode
DA:13,1
DA:30,25
DA:31,25
DA:47,3
DA:48,3
DA:63,3
DA:64,3
DA:77,5
DA:78,5
DA:79,5
DA:80,5
DA:81,5
DA:82,5
DA:88,1
LF:14
LH:14
BRDA:28,0,0,25
BRDA:45,1,0,3
BRDA:61,2,0,3
BRDA:76,3,0,5
BRF:4
BRH:4
end_of_record
TN:
SF:src/modules/regex-tool/utils/regex-utils.ts
FN:18,testRegex
FN:67,replaceWithRegex
FN:92,highlightMatches
FN:96,(anonymous_3)
FN:115,escapeHtml
FN:127,splitWithRegex
FNF:6
FNH:6
FNDA:27,testRegex
FNDA:10,replaceWithRegex
FNDA:6,highlightMatches
FNDA:3,(anonymous_3)
FNDA:22,escapeHtml
FNDA:9,splitWithRegex
DA:19,27
DA:20,2
DA:23,25
DA:24,25
DA:25,25
DA:27,25
DA:29,23
DA:30,11036
DA:37,11036
DA:38,0
DA:42,1
DA:43,1
DA:44,1
DA:53,24
DA:55,1
DA:73,10
DA:74,1
DA:77,9
DA:78,9
DA:79,9
DA:80,9
DA:82,1
DA:93,6
DA:96,5
DA:98,5
DA:99,5
DA:101,5
DA:103,8
DA:105,8
DA:106,8
DA:110,5
DA:112,5
DA:116,22
DA:132,9
DA:133,1
DA:136,8
DA:137,8
DA:138,8
DA:139,8
DA:141,1
LF:40
LH:39
BRDA:19,0,0,2
BRDA:19,0,1,25
BRDA:27,1,0,23
BRDA:27,1,1,1
BRDA:37,2,0,0
BRDA:37,2,1,11036
BRDA:43,3,0,1
BRDA:43,3,1,0
BRDA:59,4,0,1
BRDA:59,4,1,0
BRDA:73,5,0,1
BRDA:73,5,1,9
BRDA:84,6,0,1
BRDA:84,6,1,0
BRDA:93,7,0,1
BRDA:93,7,1,5
BRDA:132,8,0,1
BRDA:132,8,1,8
BRDA:143,9,0,1
BRDA:143,9,1,0
BRF:20
BRH:15
end_of_record
TN:
SF:src/modules/time-tool/utils/generators.ts
FN:3,(anonymous_0)
FN:9,(anonymous_1)
FN:15,(anonymous_2)
FN:22,(anonymous_3)
FN:27,(anonymous_4)
FN:32,(anonymous_5)
FN:37,(anonymous_6)
FN:48,(anonymous_7)
FN:51,(anonymous_8)
FN:54,(anonymous_9)
FN:57,(anonymous_10)
FN:62,(anonymous_11)
FN:65,(anonymous_12)
FN:69,(anonymous_13)
FN:79,(anonymous_14)
FN:84,(anonymous_15)
FN:95,(anonymous_16)
FN:107,(anonymous_17)
FN:114,(anonymous_18)
FN:119,(anonymous_19)
FN:125,(anonymous_20)
FN:129,(anonymous_21)
FN:138,(anonymous_22)
FNF:23
FNH:23
FNDA:101,(anonymous_0)
FNDA:3114,(anonymous_1)
FNDA:13854,(anonymous_2)
FNDA:105,(anonymous_3)
FNDA:630,(anonymous_4)
FNDA:2211,(anonymous_5)
FNDA:35376,(anonymous_6)
FNDA:3,(anonymous_7)
FNDA:3,(anonymous_8)
FNDA:1002,(anonymous_9)
FNDA:4008,(anonymous_10)
FNDA:1205,(anonymous_11)
FNDA:25353,(anonymous_12)
FNDA:1204,(anonymous_13)
FNDA:12040,(anonymous_14)
FNDA:1003,(anonymous_15)
FNDA:1202,(anonymous_16)
FNDA:1103,(anonymous_17)
FNDA:8824,(anonymous_18)
FNDA:1102,(anonymous_19)
FNDA:22040,(anonymous_20)
FNDA:110,(anonymous_21)
FNDA:2839,(anonymous_22)
DA:3,1
DA:4,101
DA:5,101
DA:6,101
DA:9,1
DA:10,3114
DA:11,3114
DA:12,3114
DA:15,1
DA:16,13854
DA:17,13854
DA:18,13854
DA:22,1
DA:23,105
DA:24,105
DA:25,105
DA:26,105
DA:27,630
DA:28,105
DA:32,1
DA:33,2211
DA:34,2211
DA:35,2211
DA:37,35376
DA:38,2211
DA:48,3
DA:51,3
DA:54,1
DA:55,1002
DA:56,1002
DA:57,4008
DA:58,1002
DA:62,1
DA:63,1205
DA:64,1205
DA:65,25353
DA:69,1
DA:70,1204
DA:71,1204
DA:72,1204
DA:73,1204
DA:74,1204
DA:75,12040
DA:76,12040
DA:78,1204
DA:79,12040
DA:80,1204
DA:84,1
DA:85,1003
DA:86,1003
DA:87,1003
DA:88,1003
DA:89,1003
DA:90,1003
DA:91,1003
DA:95,1
DA:96,1202
DA:97,1202
DA:98,1202
DA:99,1202
DA:100,1202
DA:101,1202
DA:102,1202
DA:103,1202
DA:107,1
DA:108,1103
DA:109,1103
DA:110,1103
DA:111,1103
DA:112,1103
DA:113,1103
DA:114,8824
DA:115,1103
DA:119,1
DA:120,1102
DA:121,1102
DA:122,1102
DA:123,1102
DA:124,1102
DA:125,22040
DA:129,1
DA:130,110
DA:136,110
DA:137,110
DA:138,2839
LF:85
LH:85
BRDA:62,0,0,1205
BRDA:129,1,0,110
BRDA:129,2,0,110
BRDA:136,3,0,110
BRDA:136,3,1,1
BRF:5
BRH:5
end_of_record
TN:
SF:src/plugins/PluginManager.ts
FN:15,(anonymous_0)
FN:81,(anonymous_1)
FN:120,(anonymous_2)
FN:150,(anonymous_3)
FN:188,(anonymous_4)
FN:197,(anonymous_5)
FN:205,(anonymous_6)
FN:213,(anonymous_7)
FN:214,(anonymous_8)
FN:221,(anonymous_9)
FN:222,(anonymous_10)
FN:230,(anonymous_11)
FN:239,(anonymous_12)
FNF:13
FNH:3
FNDA:0,(anonymous_0)
FNDA:0,(anonymous_1)
FNDA:0,(anonymous_2)
FNDA:0,(anonymous_3)
FNDA:0,(anonymous_4)
FNDA:0,(anonymous_5)
FNDA:48,(anonymous_6)
FNDA:48,(anonymous_7)
FNDA:48,(anonymous_8)
FNDA:0,(anonymous_9)
FNDA:0,(anonymous_10)
FNDA:0,(anonymous_11)
FNDA:0,(anonymous_12)
DA:6,7
DA:7,7
DA:8,7
DA:16,0
DA:17,0
DA:20,0
DA:21,0
DA:25,0
DA:32,0
DA:35,0
DA:39,0
DA:40,0
DA:43,0
DA:44,0
DA:45,0
DA:46,0
DA:49,0
DA:50,0
DA:54,0
DA:55,0
DA:57,0
DA:59,0
DA:60,0
DA:61,0
DA:66,0
DA:69,0
DA:82,0
DA:83,0
DA:85,0
DA:87,0
DA:88,0
DA:89,0
DA:90,0
DA:91,0
DA:92,0
DA:96,0
DA:97,0
DA:100,0
DA:101,0
DA:102,0
DA:104,0
DA:105,0
DA:106,0
DA:111,0
DA:121,0
DA:122,0
DA:124,0
DA:126,0
DA:127,0
DA:130,0
DA:131,0
DA:132,0
DA:134,0
DA:135,0
DA:136,0
DA:141,0
DA:151,0
DA:152,0
DA:154,0
DA:156,0
DA:157,0
DA:161,0
DA:162,0
DA:166,0
DA:167,0
DA:170,0
DA:171,0
DA:173,0
DA:174,0
DA:175,0
DA:180,0
DA:189,0
DA:198,0
DA:206,48
DA:214,48
DA:222,0
DA:231,0
DA:240,0
DA:241,0
DA:246,7
LF:80
LH:6
BRDA:20,0,0,0
BRDA:20,0,1,0
BRDA:49,1,0,0
BRDA:49,1,1,0
BRDA:60,2,0,0
BRDA:60,2,1,0
BRDA:71,3,0,0
BRDA:71,3,1,0
BRDA:83,4,0,0
BRDA:83,4,1,0
BRDA:87,5,0,0
BRDA:87,5,1,0
BRDA:96,6,0,0
BRDA:96,6,1,0
BRDA:105,7,0,0
BRDA:105,7,1,0
BRDA:122,8,0,0
BRDA:122,8,1,0
BRDA:126,9,0,0
BRDA:126,9,1,0
BRDA:135,10,0,0
BRDA:135,10,1,0
BRDA:152,11,0,0
BRDA:152,11,1,0
BRDA:156,12,0,0
BRDA:156,12,1,0
BRDA:161,13,0,0
BRDA:161,13,1,0
BRDA:174,14,0,0
BRDA:174,14,1,0
BRF:30
BRH:0
end_of_record
TN:
SF:src/router/constants.ts
FN:8,(anonymous_0)
FN:13,(anonymous_1)
FN:18,(anonymous_2)
FN:23,(anonymous_3)
FN:28,(anonymous_4)
FN:33,(anonymous_5)
FN:38,(anonymous_6)
FNF:7
FNH:0
FNDA:0,(anonymous_0)
FNDA:0,(anonymous_1)
FNDA:0,(anonymous_2)
FNDA:0,(anonymous_3)
FNDA:0,(anonymous_4)
FNDA:0,(anonymous_5)
FNDA:0,(anonymous_6)
DA:4,2
DA:8,0
DA:13,0
DA:18,0
DA:23,0
DA:28,0
DA:33,0
DA:38,0
DA:44,2
DA:56,2
LF:10
LH:3
BRDA:8,0,0,0
BRDA:8,0,1,0
BRDA:13,1,0,0
BRDA:13,1,1,0
BRDA:18,2,0,0
BRDA:18,2,1,0
BRDA:23,3,0,0
BRDA:23,3,1,0
BRDA:28,4,0,0
BRDA:28,4,1,0
BRDA:33,5,0,0
BRDA:33,5,1,0
BRF:12
BRH:0
end_of_record
TN:
SF:src/utils/logger.ts
FN:21,(anonymous_0)
FN:29,(anonymous_1)
FN:38,(anonymous_2)
FN:45,(anonymous_3)
FN:53,(anonymous_4)
FN:61,(anonymous_5)
FN:72,(anonymous_6)
FN:83,(anonymous_7)
FN:93,(anonymous_8)
FN:100,(anonymous_9)
FN:109,(anonymous_10)
FN:110,(anonymous_11)
FN:111,(anonymous_12)
FN:112,(anonymous_13)
FNF:14
FNH:4
FNDA:9,(anonymous_0)
FNDA:9,(anonymous_1)
FNDA:9,(anonymous_2)
FNDA:0,(anonymous_3)
FNDA:0,(anonymous_4)
FNDA:9,(anonymous_5)
FNDA:0,(anonymous_6)
FNDA:0,(anonymous_7)
FNDA:0,(anonymous_8)
FNDA:0,(anonymous_9)
FNDA:0,(anonymous_10)
FNDA:0,(anonymous_11)
FNDA:0,(anonymous_12)
FNDA:0,(anonymous_13)
DA:6,9
DA:18,9
DA:19,9
DA:22,9
DA:23,9
DA:24,9
DA:26,0
DA:30,9
DA:39,9
DA:40,9
DA:41,0
DA:46,0
DA:47,0
DA:48,0
DA:49,0
DA:54,0
DA:55,0
DA:56,0
DA:57,0
DA:62,9
DA:63,9
DA:64,9
DA:73,0
DA:74,0
DA:75,0
DA:76,0
DA:84,0
DA:85,0
DA:87,0
DA:94,0
DA:101,0
DA:106,9
DA:109,9
DA:110,9
DA:111,9
DA:112,9
LF:36
LH:17
BRDA:23,0,0,9
BRDA:23,0,1,0
BRDA:34,1,0,9
BRDA:34,1,1,0
BRDA:40,2,0,0
BRDA:40,2,1,9
BRDA:46,3,0,0
BRDA:46,3,1,0
BRDA:54,4,0,0
BRDA:54,4,1,0
BRDA:73,5,0,0
BRDA:73,5,1,0
BRDA:84,6,0,0
BRDA:84,6,1,0
BRF:14
BRH:3
end_of_record
TN:
SF:src/utils/sentry.ts
FN:3,initSentry
FN:25,(anonymous_1)
FN:58,captureError
FN:59,(anonymous_3)
FN:67,captureMessage
FN:71,setSentryUser
FN:75,addSentryBreadcrumb
FN:93,withPerformanceTracking
FN:104,(anonymous_8)
FN:113,withPerformanceTrackingAsync
FN:124,(anonymous_10)
FNF:11
FNH:10
FNDA:1,initSentry
FNDA:0,(anonymous_1)
FNDA:2,captureError
FNDA:2,(anonymous_3)
FNDA:4,captureMessage
FNDA:3,setSentryUser
FNDA:3,addSentryBreadcrumb
FNDA:2,withPerformanceTracking
FNDA:2,(anonymous_8)
FNDA:2,withPerformanceTrackingAsync
FNDA:2,(anonymous_10)
DA:5,1
DA:6,0
DA:27,0
DA:28,0
DA:32,0
DA:33,0
DA:34,0
DA:36,0
DA:37,0
DA:42,0
DA:59,2
DA:60,2
DA:61,1
DA:63,2
DA:68,4
DA:72,3
DA:81,3
DA:99,2
DA:105,2
DA:119,2
DA:125,2
LF:21
LH:12
BRDA:5,0,0,0
BRDA:5,0,1,1
BRDA:7,1,0,0
BRDA:7,1,1,0
BRDA:27,2,0,0
BRDA:27,2,1,0
BRDA:32,3,0,0
BRDA:32,3,1,0
BRDA:34,4,0,0
BRDA:34,4,1,0
BRDA:36,5,0,0
BRDA:36,5,1,0
BRDA:46,6,0,0
BRDA:46,6,1,0
BRDA:60,7,0,1
BRDA:60,7,1,1
BRDA:67,8,0,4
BRDA:78,9,0,3
BRF:18
BRH:5
end_of_record
TN:
SF:src/utils/storage.ts
FN:29,(anonymous_0)
FN:39,(anonymous_1)
FN:47,(anonymous_2)
FN:55,(anonymous_3)
FN:66,(anonymous_4)
FN:75,(anonymous_5)
FN:83,(anonymous_6)
FN:87,(anonymous_7)
FN:97,createStorageHook
FN:99,(anonymous_9)
FN:103,(anonymous_10)
FN:106,(anonymous_11)
FN:113,batchGet
FN:124,batchSet
FN:133,clearAllAppData
FN:134,(anonymous_15)
FN:143,clearSensitiveData
FN:158,exportData
FN:161,(anonymous_18)
FN:173,importData
FNF:20
FNH:10
FNDA:791,(anonymous_0)
FNDA:217,(anonymous_1)
FNDA:37,(anonymous_2)
FNDA:0,(anonymous_3)
FNDA:4,(anonymous_4)
FNDA:6,(anonymous_5)
FNDA:0,(anonymous_6)
FNDA:0,(anonymous_7)
FNDA:0,createStorageHook
FNDA:0,(anonymous_9)
FNDA:0,(anonymous_10)
FNDA:0,(anonymous_11)
FNDA:0,batchGet
FNDA:0,batchSet
FNDA:3,clearAllAppData
FNDA:36,(anonymous_15)
FNDA:0,clearSensitiveData
FNDA:2,exportData
FNDA:24,(anonymous_18)
FNDA:4,importData
DA:4,9
DA:30,791
DA:31,791
DA:32,791
DA:34,2
DA:35,2
DA:40,217
DA:41,217
DA:43,0
DA:48,37
DA:49,37
DA:51,0
DA:56,0
DA:57,0
DA:59,0
DA:67,4
DA:68,4
DA:69,4
DA:71,0
DA:76,6
DA:77,6
DA:79,0
DA:84,0
DA:88,0
DA:93,9
DA:94,9
DA:98,0
DA:100,0
DA:101,0
DA:104,0
DA:107,0
DA:114,0
DA:115,0
DA:116,0
DA:117,0
DA:118,0
DA:121,0
DA:125,0
DA:126,0
DA:127,0
DA:134,3
DA:135,36
DA:144,0
DA:145,0
DA:152,9
DA:159,2
DA:161,2
DA:163,24
DA:164,4
DA:166,20
DA:169,2
DA:174,4
DA:176,4
DA:177,4
DA:178,0
DA:179,0
DA:183,4
DA:186,4
DA:187,0
DA:188,0
DA:192,3
DA:195,3
DA:197,13
DA:198,0
DA:199,0
DA:203,13
DA:204,0
DA:205,0
DA:209,13
DA:211,6
DA:212,7
DA:214,7
DA:215,7
DA:217,0
DA:219,0
DA:221,0
DA:222,0
DA:224,0
DA:225,0
DA:226,0
DA:228,0
DA:231,0
DA:235,3
DA:237,1
DA:238,1
LF:85
LH:43
BRDA:32,0,0,78
BRDA:32,0,1,713
BRDA:69,1,0,3
BRDA:69,1,1,1
BRDA:101,2,0,0
BRDA:101,2,1,0
BRDA:117,3,0,0
BRDA:117,3,1,0
BRDA:126,4,0,0
BRDA:126,4,1,0
BRDA:163,5,0,4
BRDA:163,5,1,20
BRDA:177,6,0,0
BRDA:177,6,1,4
BRDA:186,7,0,0
BRDA:186,7,1,4
BRDA:186,8,0,4
BRDA:186,8,1,3
BRDA:197,9,0,0
BRDA:197,9,1,13
BRDA:203,10,0,0
BRDA:203,10,1,13
BRDA:203,11,0,13
BRDA:203,11,1,13
BRDA:209,12,0,6
BRDA:209,12,1,7
BRDA:212,13,0,7
BRDA:212,13,1,0
BRDA:214,14,0,7
BRDA:214,14,1,0
BRDA:219,15,0,0
BRDA:219,15,1,0
BRDA:219,16,0,0
BRDA:219,16,1,0
BRDA:222,17,0,0
BRDA:222,17,1,0
BRDA:225,18,0,0
BRDA:225,18,1,0
BRF:38
BRH:18
end_of_record
TN:
SF:src/utils/theme-utils.ts
FN:4,(anonymous_0)
FN:9,(anonymous_1)
FN:18,(anonymous_2)
FNF:3
FNH:3
FNDA:61,(anonymous_0)
FNDA:81,(anonymous_1)
FNDA:76,(anonymous_2)
DA:4,6
DA:5,61
DA:9,6
DA:10,81
DA:11,2
DA:12,2
DA:14,79
DA:18,6
DA:19,76
DA:20,76
LF:10
LH:10
BRDA:5,0,0,61
BRDA:5,0,1,14
BRDA:5,0,2,3
BRDA:10,1,0,2
BRDA:10,1,1,79
BRDA:11,2,0,0
BRDA:11,2,1,2
BRDA:19,3,0,0
BRDA:19,3,1,76
BRDA:20,4,0,12
BRDA:20,4,1,64
BRF:11
BRH:9
end_of_record
TN:
SF:src/utils/validators.ts
FN:17,(anonymous_0)
FN:32,(anonymous_1)
FN:47,(anonymous_2)
FN:60,(anonymous_3)
FN:73,(anonymous_4)
FN:88,(anonymous_5)
FN:103,(anonymous_6)
FN:122,(anonymous_7)
FN:135,(anonymous_8)
FN:148,(anonymous_9)
FN:162,(anonymous_10)
FN:176,(anonymous_11)
FN:190,(anonymous_12)
FN:204,(anonymous_13)
FN:232,(anonymous_14)
FN:260,(anonymous_15)
FN:272,(anonymous_16)
FN:285,(anonymous_17)
FN:300,(anonymous_18)
FN:314,(anonymous_19)
FN:327,(anonymous_20)
FNF:21
FNH:1
FNDA:0,(anonymous_0)
FNDA:0,(anonymous_1)
FNDA:17,(anonymous_2)
FNDA:0,(anonymous_3)
FNDA:0,(anonymous_4)
FNDA:0,(anonymous_5)
FNDA:0,(anonymous_6)
FNDA:0,(anonymous_7)
FNDA:0,(anonymous_8)
FNDA:0,(anonymous_9)
FNDA:0,(anonymous_10)
FNDA:0,(anonymous_11)
FNDA:0,(anonymous_12)
FNDA:0,(anonymous_13)
FNDA:0,(anonymous_14)
FNDA:0,(anonymous_15)
FNDA:0,(anonymous_16)
FNDA:0,(anonymous_17)
FNDA:0,(anonymous_18)
FNDA:0,(anonymous_19)
FNDA:0,(anonymous_20)
DA:17,1
DA:18,0
DA:19,0
DA:21,0
DA:32,1
DA:33,0
DA:34,0
DA:36,0
DA:37,0
DA:39,0
DA:47,1
DA:48,17
DA:49,17
DA:50,10
DA:52,7
DA:60,1
DA:61,0
DA:62,0
DA:63,0
DA:65,0
DA:73,1
DA:74,0
DA:75,0
DA:76,0
DA:78,0
DA:79,0
DA:88,1
DA:89,0
DA:90,0
DA:91,0
DA:93,0
DA:94,0
DA:103,1
DA:104,0
DA:105,0
DA:106,0
DA:109,0
DA:110,0
DA:111,0
DA:112,0
DA:114,0
DA:122,1
DA:123,0
DA:124,0
DA:125,0
DA:127,0
DA:135,1
DA:136,0
DA:137,0
DA:138,0
DA:140,0
DA:148,1
DA:149,0
DA:150,0
DA:151,0
DA:153,0
DA:162,1
DA:163,0
DA:164,0
DA:165,0
DA:167,0
DA:176,1
DA:177,0
DA:178,0
DA:179,0
DA:181,0
DA:190,1
DA:191,0
DA:192,0
DA:193,0
DA:195,0
DA:204,1
DA:205,0
DA:214,0
DA:215,0
DA:216,0
DA:219,0
DA:220,0
DA:223,0
DA:232,1
DA:233,0
DA:235,0
DA:243,0
DA:244,0
DA:245,0
DA:248,0
DA:249,0
DA:252,0
DA:260,1
DA:261,0
DA:262,0
DA:264,0
DA:272,1
DA:273,0
DA:274,0
DA:275,0
DA:277,0
DA:285,1
DA:286,0
DA:287,0
DA:288,0
DA:290,0
DA:300,1
DA:301,0
DA:302,0
DA:304,0
DA:314,1
DA:315,0
DA:316,0
DA:318,0
DA:327,1
DA:328,0
DA:329,0
DA:330,0
DA:331,0
DA:334,0
LF:116
LH:25
BRDA:18,0,0,0
BRDA:18,0,1,0
BRDA:18,1,0,0
BRDA:18,1,1,0
BRDA:33,2,0,0
BRDA:33,2,1,0
BRDA:36,3,0,0
BRDA:36,3,1,0
BRDA:49,4,0,10
BRDA:49,4,1,7
BRDA:62,5,0,0
BRDA:62,5,1,0
BRDA:105,6,0,0
BRDA:105,6,1,0
BRDA:111,7,0,0
BRDA:111,7,1,0
BRDA:111,8,0,0
BRDA:111,8,1,0
BRDA:124,9,0,0
BRDA:124,9,1,0
BRDA:137,10,0,0
BRDA:137,10,1,0
BRDA:150,11,0,0
BRDA:150,11,1,0
BRDA:164,12,0,0
BRDA:164,12,1,0
BRDA:178,13,0,0
BRDA:178,13,1,0
BRDA:192,14,0,0
BRDA:192,14,1,0
BRDA:215,15,0,0
BRDA:215,15,1,0
BRDA:219,16,0,0
BRDA:219,16,1,0
BRDA:233,17,0,0
BRDA:233,17,1,0
BRDA:244,18,0,0
BRDA:244,18,1,0
BRDA:248,19,0,0
BRDA:248,19,1,0
BRDA:261,20,0,0
BRDA:261,20,1,0
BRDA:274,21,0,0
BRDA:274,21,1,0
BRDA:287,22,0,0
BRDA:287,22,1,0
BRDA:301,23,0,0
BRDA:301,23,1,0
BRDA:315,24,0,0
BRDA:315,24,1,0
BRDA:330,25,0,0
BRDA:330,25,1,0
BRF:52
BRH:2
end_of_record
