TN:
SF:src/core/operations/detector.ts
FN:17,(anonymous_0)
FN:35,(anonymous_1)
FN:41,(anonymous_2)
FN:85,(anonymous_3)
FN:125,(anonymous_4)
FN:145,(anonymous_5)
FN:172,(anonymous_6)
FN:191,(anonymous_7)
FN:210,(anonymous_8)
FN:235,(anonymous_9)
FN:268,(anonymous_10)
FN:304,(anonymous_11)
FN:324,(anonymous_12)
FN:348,(anonymous_13)
FN:351,(anonymous_14)
FN:359,(anonymous_15)
FN:380,(anonymous_16)
FN:392,(anonymous_17)
FN:393,(anonymous_18)
FN:399,(anonymous_19)
FN:402,(anonymous_20)
FN:409,(anonymous_21)
FN:429,(anonymous_22)
FN:440,(anonymous_23)
FN:462,(anonymous_24)
FNF:25
FNH:22
FNDA:8,(anonymous_0)
FNDA:0,(anonymous_1)
FNDA:8,(anonymous_2)
FNDA:8,(anonymous_3)
FNDA:8,(anonymous_4)
FNDA:8,(anonymous_5)
FNDA:8,(anonymous_6)
FNDA:8,(anonymous_7)
FNDA:8,(anonymous_8)
FNDA:8,(anonymous_9)
FNDA:8,(anonymous_10)
FNDA:8,(anonymous_11)
FNDA:8,(anonymous_12)
FNDA:10,(anonymous_13)
FNDA:10,(anonymous_14)
FNDA:8,(anonymous_15)
FNDA:7,(anonymous_16)
FNDA:4,(anonymous_17)
FNDA:6,(anonymous_18)
FNDA:0,(anonymous_19)
FNDA:10,(anonymous_20)
FNDA:8,(anonymous_21)
FNDA:0,(anonymous_22)
FNDA:2,(anonymous_23)
FNDA:4,(anonymous_24)
DA:18,8
DA:21,8
DA:22,8
DA:23,8
DA:24,8
DA:25,8
DA:26,8
DA:27,8
DA:28,8
DA:29,8
DA:30,8
DA:31,8
DA:32,8
DA:35,8
DA:42,8
DA:45,8
DA:46,8
DA:48,0
DA:51,0
DA:52,0
DA:56,0
DA:57,0
DA:60,0
DA:69,8
DA:70,8
DA:71,0
DA:79,8
DA:86,8
DA:89,8
DA:92,8
DA:93,8
DA:94,0
DA:97,0
DA:98,0
DA:102,0
DA:103,0
DA:104,0
DA:105,0
DA:111,0
DA:119,8
DA:126,8
DA:129,8
DA:130,8
DA:131,0
DA:139,8
DA:146,8
DA:149,8
DA:150,3
DA:153,3
DA:154,3
DA:155,0
DA:158,3
DA:166,8
DA:173,8
DA:176,8
DA:177,0
DA:185,8
DA:192,8
DA:195,8
DA:196,0
DA:204,8
DA:211,8
DA:214,8
DA:216,1
DA:217,1
DA:218,1
DA:229,8
DA:236,8
DA:239,8
DA:240,8
DA:242,2
DA:243,0
DA:252,2
DA:253,0
DA:262,8
DA:269,8
DA:272,8
DA:273,8
DA:274,1
DA:277,1
DA:278,1
DA:280,1
DA:281,1
DA:284,1
DA:285,1
DA:298,8
DA:305,8
DA:308,8
DA:309,8
DA:310,0
DA:318,8
DA:325,8
DA:327,8
DA:328,0
DA:336,8
DA:337,3
DA:345,8
DA:349,10
DA:350,10
DA:351,4
DA:352,10
DA:353,8
DA:354,8
DA:355,8
DA:360,8
DA:361,8
DA:363,8
DA:364,3
DA:365,3
DA:366,2
DA:367,2
DA:369,2
DA:370,2
DA:371,2
DA:372,2
DA:374,2
DA:377,5
DA:381,7
DA:382,3
DA:384,3
DA:385,3
DA:386,3
DA:388,3
DA:389,3
DA:391,3
DA:392,4
DA:393,6
DA:397,4
DA:398,4
DA:399,0
DA:403,10
DA:410,8
DA:413,8
DA:414,8
DA:415,0
DA:423,8
DA:430,0
DA:431,0
DA:432,0
DA:434,0
DA:441,2
DA:442,2
DA:443,0
DA:446,2
DA:447,2
DA:448,2
DA:453,2
DA:455,0
DA:463,4
DA:464,4
DA:465,4
DA:470,3
LF:152
LH:121
BRDA:46,0,0,0
BRDA:46,0,1,8
BRDA:46,1,0,8
BRDA:46,1,1,0
BRDA:46,1,2,0
BRDA:51,2,0,0
BRDA:51,2,1,0
BRDA:56,3,0,0
BRDA:56,3,1,0
BRDA:56,4,0,0
BRDA:56,4,1,0
BRDA:70,5,0,0
BRDA:70,5,1,8
BRDA:70,6,0,8
BRDA:70,6,1,0
BRDA:70,6,2,0
BRDA:70,6,3,0
BRDA:93,7,0,0
BRDA:93,7,1,8
BRDA:93,8,0,8
BRDA:93,8,1,0
BRDA:93,8,2,0
BRDA:97,9,0,0
BRDA:97,9,1,0
BRDA:104,10,0,0
BRDA:104,10,1,0
BRDA:130,11,0,0
BRDA:130,11,1,8
BRDA:130,12,0,8
BRDA:130,12,1,0
BRDA:130,12,2,0
BRDA:149,13,0,3
BRDA:149,13,1,5
BRDA:154,14,0,0
BRDA:154,14,1,3
BRDA:154,15,0,3
BRDA:154,15,1,3
BRDA:176,16,0,0
BRDA:176,16,1,8
BRDA:195,17,0,0
BRDA:195,17,1,8
BRDA:214,18,0,1
BRDA:214,18,1,7
BRDA:214,19,0,8
BRDA:214,19,1,1
BRDA:214,19,2,7
BRDA:214,19,3,0
BRDA:240,20,0,2
BRDA:240,20,1,6
BRDA:242,21,0,0
BRDA:242,21,1,2
BRDA:242,22,0,2
BRDA:242,22,1,0
BRDA:252,23,0,0
BRDA:252,23,1,2
BRDA:252,24,0,2
BRDA:252,24,1,0
BRDA:273,25,0,1
BRDA:273,25,1,7
BRDA:277,26,0,1
BRDA:277,26,1,0
BRDA:277,27,0,1
BRDA:277,27,1,1
BRDA:284,28,0,1
BRDA:284,28,1,0
BRDA:284,29,0,1
BRDA:284,29,1,0
BRDA:284,29,2,0
BRDA:309,30,0,0
BRDA:309,30,1,8
BRDA:327,31,0,0
BRDA:327,31,1,8
BRDA:336,32,0,3
BRDA:336,32,1,5
BRDA:350,33,0,6
BRDA:350,33,1,4
BRDA:352,34,0,2
BRDA:352,34,1,8
BRDA:353,35,0,0
BRDA:353,35,1,8
BRDA:353,36,0,8
BRDA:353,36,1,3
BRDA:355,37,0,8
BRDA:355,37,1,8
BRDA:361,38,0,0
BRDA:361,38,1,8
BRDA:363,39,0,3
BRDA:363,39,1,5
BRDA:365,40,0,1
BRDA:365,40,1,2
BRDA:367,41,0,0
BRDA:367,41,1,2
BRDA:381,42,0,3
BRDA:381,42,1,4
BRDA:382,43,0,0
BRDA:382,43,1,3
BRDA:385,44,0,1
BRDA:385,44,1,2
BRDA:386,45,0,0
BRDA:386,45,1,3
BRDA:389,46,0,0
BRDA:389,46,1,3
BRDA:392,47,0,3
BRDA:392,47,1,3
BRDA:398,48,0,4
BRDA:398,48,1,0
BRDA:414,49,0,0
BRDA:414,49,1,8
BRDA:442,50,0,0
BRDA:442,50,1,2
BRF:110
BRH:64
end_of_record
TN:
SF:src/core/operations/executor.ts
FN:26,(anonymous_0)
FN:38,(anonymous_1)
FN:153,(anonymous_2)
FN:159,(anonymous_3)
FN:192,(anonymous_4)
FN:202,(anonymous_5)
FN:209,(anonymous_6)
FN:226,(anonymous_7)
FN:235,(anonymous_8)
FNF:9
FNH:7
FNDA:3,(anonymous_0)
FNDA:4,(anonymous_1)
FNDA:3,(anonymous_2)
FNDA:3,(anonymous_3)
FNDA:6,(anonymous_4)
FNDA:4,(anonymous_5)
FNDA:1,(anonymous_6)
FNDA:0,(anonymous_7)
FNDA:0,(anonymous_8)
DA:32,3
DA:33,3
DA:34,3
DA:35,3
DA:38,4
DA:39,3
DA:44,3
DA:45,0
DA:54,3
DA:55,3
DA:62,3
DA:63,3
DA:66,3
DA:71,3
DA:73,3
DA:74,0
DA:86,3
DA:89,3
DA:98,3
DA:101,3
DA:102,3
DA:103,3
DA:106,0
DA:116,0
DA:123,0
DA:125,0
DA:136,3
DA:159,3
DA:161,3
DA:162,0
DA:165,3
DA:166,3
DA:171,3
DA:172,3
DA:174,3
DA:183,0
DA:193,6
DA:194,2
DA:197,4
DA:198,4
DA:200,6
DA:201,4
DA:202,4
DA:204,4
DA:205,3
DA:209,1
DA:210,1
DA:211,1
DA:214,0
DA:215,0
DA:218,0
DA:227,0
DA:230,0
DA:231,0
DA:235,0
DA:236,0
DA:237,0
DA:241,0
DA:243,0
DA:244,0
DA:245,0
DA:249,0
DA:250,0
DA:251,0
DA:252,0
DA:257,0
DA:265,2
LF:67
LH:41
BRDA:29,0,0,3
BRDA:39,1,0,3
BRDA:39,1,1,0
BRDA:44,2,0,0
BRDA:44,2,1,3
BRDA:73,3,0,0
BRDA:73,3,1,3
BRDA:92,4,0,3
BRDA:92,4,1,0
BRDA:101,5,0,3
BRDA:101,5,1,0
BRDA:120,6,0,0
BRDA:120,6,1,0
BRDA:161,7,0,0
BRDA:161,7,1,3
BRDA:177,8,0,3
BRDA:177,8,1,0
BRDA:187,9,0,0
BRDA:187,9,1,0
BRDA:193,10,0,2
BRDA:193,10,1,4
BRDA:193,11,0,6
BRDA:193,11,1,2
BRDA:198,12,0,4
BRDA:198,12,1,0
BRDA:200,13,0,4
BRDA:200,13,1,2
BRDA:202,14,0,4
BRDA:202,14,1,3
BRDA:204,15,0,3
BRDA:204,15,1,1
BRDA:210,16,0,1
BRDA:210,16,1,0
BRDA:214,17,0,0
BRDA:214,17,1,0
BRDA:230,18,0,0
BRDA:230,18,1,0
BRDA:236,19,0,0
BRDA:236,19,1,0
BRDA:243,20,0,0
BRDA:243,20,1,0
BRDA:251,21,0,0
BRDA:251,21,1,0
BRDA:251,22,0,0
BRDA:251,22,1,0
BRF:45
BRH:20
end_of_record
TN:
SF:src/core/operations/index.ts
FNF:0
FNH:0
LF:0
LH:0
BRF:0
BRH:0
end_of_record
TN:
SF:src/core/operations/registry.ts
FN:20,(anonymous_0)
FN:36,(anonymous_1)
FN:50,(anonymous_2)
FN:59,(anonymous_3)
FN:61,(anonymous_4)
FN:62,(anonymous_5)
FN:70,(anonymous_6)
FN:72,(anonymous_7)
FN:83,(anonymous_8)
FN:85,(anonymous_9)
FN:97,(anonymous_10)
FN:111,(anonymous_11)
FN:113,(anonymous_12)
FN:121,(anonymous_13)
FN:122,(anonymous_14)
FN:130,(anonymous_15)
FN:140,(anonymous_16)
FN:145,(anonymous_17)
FN:155,(anonymous_18)
FN:162,(anonymous_19)
FN:176,RegisterOperation
FN:178,(anonymous_21)
FNF:22
FNH:0
FNDA:0,(anonymous_0)
FNDA:0,(anonymous_1)
FNDA:0,(anonymous_2)
FNDA:0,(anonymous_3)
FNDA:0,(anonymous_4)
FNDA:0,(anonymous_5)
FNDA:0,(anonymous_6)
FNDA:0,(anonymous_7)
FNDA:0,(anonymous_8)
FNDA:0,(anonymous_9)
FNDA:0,(anonymous_10)
FNDA:0,(anonymous_11)
FNDA:0,(anonymous_12)
FNDA:0,(anonymous_13)
FNDA:0,(anonymous_14)
FNDA:0,(anonymous_15)
FNDA:0,(anonymous_16)
FNDA:0,(anonymous_17)
FNDA:0,(anonymous_18)
FNDA:0,(anonymous_19)
FNDA:0,RegisterOperation
FNDA:0,(anonymous_21)
DA:12,1
DA:13,1
DA:14,1
DA:21,0
DA:27,0
DA:28,0
DA:29,0
DA:37,0
DA:38,0
DA:39,0
DA:40,0
DA:41,0
DA:51,0
DA:52,0
DA:60,0
DA:61,0
DA:62,0
DA:71,0
DA:72,0
DA:73,0
DA:74,0
DA:84,0
DA:85,0
DA:86,0
DA:98,0
DA:99,0
DA:100,0
DA:101,0
DA:102,0
DA:112,0
DA:113,0
DA:114,0
DA:122,0
DA:131,0
DA:132,0
DA:134,0
DA:135,0
DA:136,0
DA:139,0
DA:140,0
DA:141,0
DA:142,0
DA:145,0
DA:146,0
DA:156,0
DA:163,0
DA:164,0
DA:165,0
DA:170,1
DA:177,0
DA:178,0
DA:179,0
DA:180,0
DA:181,0
LF:54
LH:4
BRDA:38,0,0,0
BRDA:38,0,1,0
BRDA:52,1,0,0
BRDA:52,1,1,0
BRDA:71,2,0,0
BRDA:71,2,1,0
BRDA:86,3,0,0
BRDA:86,3,1,0
BRDA:86,3,2,0
BRDA:99,4,0,0
BRDA:99,4,1,0
BRDA:99,5,0,0
BRDA:99,5,1,0
BRDA:130,6,0,0
BRDA:134,7,0,0
BRDA:134,7,1,0
BRDA:139,8,0,0
BRDA:139,8,1,0
BRDA:141,9,0,0
BRDA:141,9,1,0
BRDA:145,10,0,0
BRDA:145,10,1,0
BRF:22
BRH:0
end_of_record
TN:
SF:src/core/operations/types.ts
FNF:0
FNH:0
LF:0
LH:0
BRF:0
BRH:0
end_of_record
TN:
SF:src/core/operations/operations/base64.ts
FN:22,(anonymous_0)
FN:38,(anonymous_1)
FN:81,(anonymous_2)
FN:96,(anonymous_3)
FN:107,(anonymous_4)
FN:130,(anonymous_5)
FN:146,(anonymous_6)
FN:176,(anonymous_7)
FN:187,(anonymous_8)
FN:196,(anonymous_9)
FNF:10
FNH:6
FNDA:0,(anonymous_0)
FNDA:1,(anonymous_1)
FNDA:0,(anonymous_2)
FNDA:1,(anonymous_3)
FNDA:1,(anonymous_4)
FNDA:0,(anonymous_5)
FNDA:2,(anonymous_6)
FNDA:0,(anonymous_7)
FNDA:2,(anonymous_8)
FNDA:2,(anonymous_9)
DA:8,1
DA:14,1
DA:15,1
DA:16,1
DA:17,1
DA:18,1
DA:19,1
DA:20,1
DA:23,0
DA:39,1
DA:41,1
DA:42,1
DA:45,1
DA:46,0
DA:58,1
DA:60,1
DA:69,0
DA:82,0
DA:83,0
DA:86,0
DA:87,0
DA:90,0
DA:97,1
DA:98,1
DA:100,0
DA:109,1
DA:110,1
DA:111,1
DA:112,14
DA:114,1
DA:122,2
DA:123,2
DA:124,2
DA:125,2
DA:126,2
DA:127,2
DA:128,2
DA:131,0
DA:147,2
DA:149,2
DA:150,2
DA:153,2
DA:155,2
DA:164,1
DA:177,0
DA:178,0
DA:181,0
DA:188,2
DA:189,2
DA:190,2
DA:191,14
DA:193,1
DA:197,2
DA:199,2
DA:200,0
DA:203,2
DA:204,1
DA:205,1
DA:206,7
DA:207,7
DA:208,7
DA:210,1
DA:213,1
DA:214,1
DA:215,1
DA:216,1
DA:217,1
DA:218,1
DA:220,0
DA:222,0
DA:225,0
LF:71
LH:54
BRDA:42,0,0,1
BRDA:42,0,1,0
BRDA:45,1,0,0
BRDA:45,1,1,1
BRDA:75,2,0,0
BRDA:75,2,1,0
BRDA:82,3,0,0
BRDA:82,3,1,0
BRDA:86,4,0,0
BRDA:86,4,1,0
BRDA:150,5,0,2
BRDA:150,5,1,0
BRDA:170,6,0,1
BRDA:170,6,1,0
BRDA:177,7,0,0
BRDA:177,7,1,0
BRDA:177,8,0,0
BRDA:177,8,1,0
BRDA:199,9,0,0
BRDA:199,9,1,2
BRDA:199,10,0,2
BRDA:199,10,1,2
BRDA:203,11,0,1
BRDA:203,11,1,1
BRDA:203,12,0,2
BRDA:203,12,1,1
BRDA:203,12,2,1
BRDA:213,13,0,1
BRDA:213,13,1,0
BRDA:213,14,0,1
BRDA:213,14,1,0
BRDA:213,14,2,0
BRDA:217,15,0,1
BRDA:217,15,1,0
BRF:34
BRH:15
end_of_record
TN:
SF:src/core/operations/operations/url.ts
FN:22,(anonymous_0)
FN:33,(anonymous_1)
FN:71,(anonymous_2)
FN:82,(anonymous_3)
FN:94,(anonymous_4)
FN:126,(anonymous_5)
FN:143,(anonymous_6)
FN:189,(anonymous_7)
FN:200,(anonymous_8)
FN:202,(anonymous_9)
FN:208,(anonymous_10)
FN:210,(anonymous_11)
FN:218,(anonymous_12)
FN:222,(anonymous_13)
FN:235,(anonymous_14)
FNF:15
FNH:4
FNDA:0,(anonymous_0)
FNDA:0,(anonymous_1)
FNDA:0,(anonymous_2)
FNDA:0,(anonymous_3)
FNDA:0,(anonymous_4)
FNDA:0,(anonymous_5)
FNDA:1,(anonymous_6)
FNDA:0,(anonymous_7)
FNDA:0,(anonymous_8)
FNDA:0,(anonymous_9)
FNDA:0,(anonymous_10)
FNDA:0,(anonymous_11)
FNDA:1,(anonymous_12)
FNDA:3,(anonymous_13)
FNDA:6,(anonymous_14)
DA:8,1
DA:14,0
DA:15,0
DA:16,0
DA:17,0
DA:18,0
DA:19,0
DA:20,0
DA:23,0
DA:34,0
DA:36,0
DA:37,0
DA:41,0
DA:43,0
DA:47,0
DA:50,0
DA:59,0
DA:72,0
DA:73,0
DA:76,0
DA:84,0
DA:85,0
DA:88,0
DA:95,0
DA:97,0
DA:101,0
DA:104,0
DA:107,0
DA:109,0
DA:118,1
DA:119,1
DA:120,1
DA:121,1
DA:122,1
DA:123,1
DA:124,1
DA:127,0
DA:144,1
DA:146,1
DA:147,1
DA:151,1
DA:153,0
DA:154,0
DA:156,0
DA:157,0
DA:159,0
DA:160,0
DA:162,1
DA:163,1
DA:165,0
DA:168,1
DA:177,0
DA:190,0
DA:191,0
DA:194,0
DA:202,0
DA:210,0
DA:211,0
DA:220,1
DA:223,3
DA:224,3
DA:225,0
DA:228,3
DA:229,3
DA:230,3
DA:236,6
LF:66
LH:22
BRDA:37,0,0,0
BRDA:37,0,1,0
BRDA:41,1,0,0
BRDA:41,1,1,0
BRDA:65,2,0,0
BRDA:65,2,1,0
BRDA:72,3,0,0
BRDA:72,3,1,0
BRDA:84,4,0,0
BRDA:84,4,1,0
BRDA:147,5,0,1
BRDA:147,5,1,0
BRDA:151,6,0,0
BRDA:151,6,1,0
BRDA:151,6,2,0
BRDA:151,6,3,1
BRDA:151,6,4,0
BRDA:183,7,0,0
BRDA:183,7,1,0
BRDA:190,8,0,0
BRDA:190,8,1,0
BRDA:190,9,0,0
BRDA:190,9,1,0
BRDA:224,10,0,0
BRDA:224,10,1,3
BRF:25
BRH:3
end_of_record
TN:
SF:src/modules/recipe-tool/components/RecipeTool.module.css
FNF:0
FNH:0
LF:0
LH:0
BRF:0
BRH:0
end_of_record
TN:
SF:src/modules/recipe-tool/components/RecipeTool.tsx
FN:27,saveSavedRecipesToStorage
FN:34,loadSavedRecipesFromStorage
FN:39,(anonymous_2)
FN:46,saveActiveRecipeId
FN:54,loadActiveRecipeId
FN:58,upsertRecipe
FN:59,(anonymous_6)
FN:66,(anonymous_7)
FN:82,(anonymous_8)
FN:84,(anonymous_9)
FN:86,(anonymous_10)
FN:89,(anonymous_11)
FN:93,(anonymous_12)
FN:97,(anonymous_13)
FN:102,(anonymous_14)
FN:117,(anonymous_15)
FN:124,(anonymous_16)
FN:131,(anonymous_17)
FN:132,(anonymous_18)
FN:132,(anonymous_19)
FN:145,(anonymous_20)
FN:167,(anonymous_21)
FN:172,(anonymous_22)
FN:177,(anonymous_23)
FN:182,(anonymous_24)
FN:189,(anonymous_25)
FN:206,(anonymous_26)
FN:213,(anonymous_27)
FN:221,(anonymous_28)
FN:229,(anonymous_29)
FN:234,(anonymous_30)
FN:238,(anonymous_31)
FN:249,(anonymous_32)
FN:264,(anonymous_33)
FN:271,(anonymous_34)
FN:316,(anonymous_35)
FNF:36
FNH:15
FNDA:2,saveSavedRecipesToStorage
FNDA:1,loadSavedRecipesFromStorage
FNDA:0,(anonymous_2)
FNDA:2,saveActiveRecipeId
FNDA:1,loadActiveRecipeId
FNDA:1,upsertRecipe
FNDA:0,(anonymous_6)
FNDA:0,(anonymous_7)
FNDA:3,(anonymous_8)
FNDA:1,(anonymous_9)
FNDA:1,(anonymous_10)
FNDA:0,(anonymous_11)
FNDA:2,(anonymous_12)
FNDA:2,(anonymous_13)
FNDA:1,(anonymous_14)
FNDA:0,(anonymous_15)
FNDA:0,(anonymous_16)
FNDA:0,(anonymous_17)
FNDA:0,(anonymous_18)
FNDA:0,(anonymous_19)
FNDA:0,(anonymous_20)
FNDA:0,(anonymous_21)
FNDA:0,(anonymous_22)
FNDA:0,(anonymous_23)
FNDA:0,(anonymous_24)
FNDA:0,(anonymous_25)
FNDA:0,(anonymous_26)
FNDA:0,(anonymous_27)
FNDA:1,(anonymous_28)
FNDA:1,(anonymous_29)
FNDA:3,(anonymous_30)
FNDA:0,(anonymous_31)
FNDA:1,(anonymous_32)
FNDA:0,(anonymous_33)
FNDA:0,(anonymous_34)
FNDA:0,(anonymous_35)
DA:24,1
DA:25,1
DA:28,2
DA:35,1
DA:36,1
DA:37,1
DA:38,0
DA:39,0
DA:41,0
DA:42,0
DA:47,2
DA:48,1
DA:50,1
DA:55,1
DA:59,1
DA:60,1
DA:61,0
DA:62,0
DA:63,0
DA:66,1
DA:67,1
DA:68,0
DA:69,0
DA:70,0
DA:73,1
DA:82,1
DA:83,3
DA:84,3
DA:85,3
DA:86,3
DA:87,1
DA:88,1
DA:89,0
DA:91,3
DA:93,3
DA:94,2
DA:97,3
DA:98,2
DA:102,3
DA:103,1
DA:108,1
DA:109,1
DA:110,1
DA:111,1
DA:117,3
DA:118,0
DA:119,0
DA:120,0
DA:124,3
DA:125,0
DA:132,0
DA:135,0
DA:136,0
DA:139,0
DA:145,3
DA:146,0
DA:147,0
DA:148,0
DA:151,0
DA:152,0
DA:153,0
DA:155,0
DA:156,0
DA:157,0
DA:158,0
DA:159,0
DA:160,0
DA:161,0
DA:163,0
DA:167,3
DA:168,0
DA:169,0
DA:170,0
DA:172,0
DA:173,0
DA:174,0
DA:176,0
DA:177,0
DA:178,0
DA:179,0
DA:180,0
DA:182,0
DA:184,0
DA:189,0
DA:190,0
DA:191,0
DA:193,0
DA:199,0
DA:202,0
DA:206,3
DA:207,0
DA:214,0
DA:215,0
DA:221,3
DA:222,1
DA:223,0
DA:224,0
DA:226,1
DA:229,3
DA:230,1
DA:234,3
DA:235,3
DA:238,0
DA:250,1
DA:264,0
DA:271,0
DA:284,3
DA:316,0
LF:108
LH:47
BRDA:37,0,0,1
BRDA:37,0,1,0
BRDA:47,1,0,1
BRDA:47,1,1,1
BRDA:60,2,0,0
BRDA:60,2,1,1
BRDA:67,3,0,0
BRDA:67,3,1,1
BRDA:88,4,0,1
BRDA:88,4,1,0
BRDA:89,5,0,0
BRDA:89,5,1,0
BRDA:98,6,0,2
BRDA:98,6,1,1
BRDA:111,7,0,0
BRDA:111,7,1,1
BRDA:135,8,0,0
BRDA:135,8,1,0
BRDA:146,9,0,0
BRDA:146,9,1,0
BRDA:174,10,0,0
BRDA:174,10,1,0
BRDA:194,11,0,0
BRDA:194,11,1,0
BRDA:222,12,0,0
BRDA:222,12,1,1
BRDA:243,13,0,2
BRDA:243,13,1,1
BRDA:285,14,0,3
BRDA:285,14,1,3
BRDA:326,15,0,3
BRDA:326,15,1,1
BRF:32
BRH:16
end_of_record
TN:
SF:src/modules/recipe-tool/utils/recipe-serialization.ts
FN:20,isRecord
FN:24,parseDate
FN:32,resolveOperationId
FN:48,serializeRecipe
FN:55,(anonymous_4)
FN:65,serializeRecipes
FN:69,deserializeRecipe
FN:90,(anonymous_7)
FN:122,deserializeRecipes
FN:130,(anonymous_9)
FNF:10
FNH:10
FNDA:15,isRecord
FNDA:8,parseDate
FNDA:5,resolveOperationId
FNDA:4,serializeRecipe
FNDA:3,(anonymous_4)
FNDA:3,serializeRecipes
FNDA:5,deserializeRecipe
FNDA:5,(anonymous_7)
FNDA:1,deserializeRecipes
FNDA:2,(anonymous_9)
DA:21,15
DA:25,8
DA:26,0
DA:28,8
DA:29,8
DA:33,5
DA:34,4
DA:37,1
DA:38,0
DA:41,1
DA:42,1
DA:45,0
DA:49,4
DA:55,3
DA:66,3
DA:73,5
DA:74,0
DA:77,5
DA:78,5
DA:79,5
DA:80,0
DA:82,5
DA:83,0
DA:85,5
DA:86,0
DA:89,5
DA:90,5
DA:91,5
DA:92,0
DA:95,5
DA:96,5
DA:97,5
DA:98,1
DA:101,4
DA:112,5
DA:126,1
DA:127,0
DA:130,2
LF:38
LH:29
BRDA:21,0,0,15
BRDA:21,0,1,15
BRDA:25,1,0,0
BRDA:25,1,1,8
BRDA:29,2,0,0
BRDA:29,2,1,8
BRDA:33,3,0,4
BRDA:33,3,1,1
BRDA:33,4,0,5
BRDA:33,4,1,4
BRDA:37,5,0,0
BRDA:37,5,1,1
BRDA:37,6,0,1
BRDA:37,6,1,0
BRDA:41,7,0,1
BRDA:41,7,1,0
BRDA:41,8,0,1
BRDA:41,8,1,1
BRDA:41,8,2,1
BRDA:73,9,0,0
BRDA:73,9,1,5
BRDA:79,10,0,0
BRDA:79,10,1,5
BRDA:79,11,0,5
BRDA:79,11,1,5
BRDA:82,12,0,0
BRDA:82,12,1,5
BRDA:82,13,0,5
BRDA:82,13,1,5
BRDA:85,14,0,0
BRDA:85,14,1,5
BRDA:91,15,0,0
BRDA:91,15,1,5
BRDA:97,16,0,1
BRDA:97,16,1,4
BRDA:102,17,0,4
BRDA:102,17,1,0
BRDA:102,18,0,4
BRDA:102,18,1,4
BRDA:106,19,0,4
BRDA:106,19,1,0
BRDA:115,20,0,0
BRDA:115,20,1,4
BRDA:126,21,0,0
BRDA:126,21,1,1
BRF:45
BRH:31
end_of_record
